Using pre-set license
Built from '2020.3/staging' branch; Version is '2020.3.21f1 (a38c86f6690f) revision 10718342'; Using compiler version '192528614'; Build Type 'Release'
OS: 'Windows 10 Home; OS build 22000.978; Version 2009; 64bit' Language: 'zh' Physical Memory: 16224 MB
BatchMode: 1, IsHumanControllingUs: 0, StartBugReporterOnCrash: 0, Is64bit: 1, IsPro: 0

COMMAND LINE ARGUMENTS:
D:\Unity\Download\2020.3.21f1\Editor\Unity.exe
-adb2
-batchMode
-noUpm
-name
AssetImportWorker1
-projectPath
C:/IM23-4/Unity/First version
-logFile
Logs/AssetImportWorker1.log
-srvPort
50757
Successfully changed project path to: C:/IM23-4/Unity/First version
C:/IM23-4/Unity/First version
Using Asset Import Pipeline V2.
Refreshing native plugins compatible for Editor in 112.50 ms, found 0 plugins.
Preloading 0 native plugins for Editor in 0.00 ms.
Initialize engine version: 2020.3.21f1 (a38c86f6690f)
[Subsystems] Discovering subsystems at path D:/Unity/Download/2020.3.21f1/Editor/Data/Resources/UnitySubsystems
[Subsystems] Discovering subsystems at path C:/IM23-4/Unity/First version/Assets
GfxDevice: creating device client; threaded=0
Direct3D:
    Version:  Direct3D 11.0 [level 11.1]
    Renderer: NVIDIA GeForce GTX 1660 Ti with Max-Q Design (ID=0x2191)
    Vendor:   
    VRAM:     5991 MB
    Driver:   31.0.15.1694
Shader 'MTE/Specialized/Mali 400/Surface/3 Textures/Bumped': fallback shader 'MTE/Specialized/Mali 400/Legacy/3 Textures/Diffuse' not found
Shader 'MTE/Specialized/Mali 400/Surface/2 Textures/Bumped': fallback shader 'MTE/Specialized/Mali 400/Legacy/2 Textures/Diffuse' not found
Initialize mono
Mono path[0] = 'D:/Unity/Download/2020.3.21f1/Editor/Data/Managed'
Mono path[1] = 'D:/Unity/Download/2020.3.21f1/Editor/Data/MonoBleedingEdge/lib/mono/unityjit'
Mono config path = 'D:/Unity/Download/2020.3.21f1/Editor/Data/MonoBleedingEdge/etc'
Using monoOptions --debugger-agent=transport=dt_socket,embedding=1,server=y,suspend=n,address=127.0.0.1:56000
Begin MonoManager ReloadAssembly
Registering precompiled unity dll's ...
Register platform support module: D:/Unity/Download/2020.3.21f1/Editor/Data/PlaybackEngines/WindowsStandaloneSupport/UnityEditor.WindowsStandalone.Extensions.dll
Registered in 0.000799 seconds.
Native extension for WindowsStandalone target not found
Refreshing native plugins compatible for Editor in 103.86 ms, found 0 plugins.
Preloading 0 native plugins for Editor in 0.00 ms.
Mono: successfully reloaded assembly
- Completed reload, in  0.968 seconds
Domain Reload Profiling:
	ReloadAssembly (968ms)
		BeginReloadAssembly (48ms)
			ExecutionOrderSort (0ms)
			DisableScriptedObjects (0ms)
			BackupInstance (0ms)
			ReleaseScriptingObjects (0ms)
			CreateAndSetChildDomain (1ms)
		EndReloadAssembly (548ms)
			LoadAssemblies (47ms)
			RebuildTransferFunctionScriptingTraits (0ms)
			SetupTypeCache (162ms)
			ReleaseScriptCaches (0ms)
			RebuildScriptCaches (31ms)
			SetupLoadedEditorAssemblies (239ms)
				LogAssemblyErrors (0ms)
				InitializePlatformSupportModulesInManaged (4ms)
				SetLoadedEditorAssemblies (0ms)
				RefreshPlugins (104ms)
				BeforeProcessingInitializeOnLoad (14ms)
				ProcessInitializeOnLoadAttributes (87ms)
				ProcessInitializeOnLoadMethodAttributes (30ms)
				AfterProcessingInitializeOnLoad (0ms)
				EditorAssembliesLoaded (0ms)
			ExecutionOrderSort2 (0ms)
			AwakeInstancesAfterBackupRestoration (0ms)
Platform modules already initialized, skipping
Registering precompiled user dll's ...
Registered in 0.002360 seconds.
Begin MonoManager ReloadAssembly
Native extension for WindowsStandalone target not found
Refreshing native plugins compatible for Editor in 127.23 ms, found 0 plugins.
Preloading 0 native plugins for Editor in 0.00 ms.
Initializing Mesh Terrain Editor v3.8.3f3 on Unity 2020.3.21f1...
UnityEngine.StackTraceUtility:ExtractStackTrace ()
UnityEngine.DebugLogHandler:LogFormat (UnityEngine.LogType,UnityEngine.Object,string,object[])
UnityEngine.Logger:Log (UnityEngine.LogType,object)
UnityEngine.Debug:Log (object)
_FuAa0apOXcBEDUbygoBKJgWdThLA_:‎⁭​⁫‮⁫⁯⁯‌⁬‪⁬​⁮‮‪⁫‏​⁫‎⁯⁫‫​‎⁫‎⁪⁪‮​‍‬‏⁮⁫‫⁪‎‮ (object)
_FuAa0apOXcBEDUbygoBKJgWdThLA_:_uszO4IMycJrCed7gCcAibymGBYi_ (bool)
_FuAa0apOXcBEDUbygoBKJgWdThLA_:_QEB9KlaajdYafdGKVY8bk0l8NsDA_ ()
_FuAa0apOXcBEDUbygoBKJgWdThLA_:.cctor ()
System.Runtime.CompilerServices.RuntimeHelpers:RunClassConstructor (System.RuntimeTypeHandle)
UnityEditor.EditorAssemblies:ProcessInitializeOnLoadAttributes (System.Type[])

[MTE]找不到Amplify Shader Editor，基于ASE的功能可能无法使用。请升级ASE到最新版本重启Unity再试。
UnityEngine.StackTraceUtility:ExtractStackTrace ()
UnityEngine.DebugLogHandler:LogFormat (UnityEngine.LogType,UnityEngine.Object,string,object[])
UnityEngine.Logger:Log (UnityEngine.LogType,object)
UnityEngine.Debug:LogWarning (object)
MTE.MTEDebug:‏‭‎‏‭⁯‌⁫⁪‬⁮‎⁬‫⁮⁮​‮⁯‪⁭⁪⁭⁭‌‏‮‏‌⁪⁬⁮‏‪⁪‭⁪‮‏⁭‮ (object)
MTE.MTEDebug:LogWarning (string)
_FuAa0apOXcBEDUbygoBKJgWdThLA_:_uszO4IMycJrCed7gCcAibymGBYi_ (bool)
_FuAa0apOXcBEDUbygoBKJgWdThLA_:_QEB9KlaajdYafdGKVY8bk0l8NsDA_ ()
_FuAa0apOXcBEDUbygoBKJgWdThLA_:.cctor ()
System.Runtime.CompilerServices.RuntimeHelpers:RunClassConstructor (System.RuntimeTypeHandle)
UnityEditor.EditorAssemblies:ProcessInitializeOnLoadAttributes (System.Type[])

Initializing Mesh Terrain Editor...Done
UnityEngine.StackTraceUtility:ExtractStackTrace ()
UnityEngine.DebugLogHandler:LogFormat (UnityEngine.LogType,UnityEngine.Object,string,object[])
UnityEngine.Logger:Log (UnityEngine.LogType,object)
UnityEngine.Debug:Log (object)
_FuAa0apOXcBEDUbygoBKJgWdThLA_:‎⁭​⁫‮⁫⁯⁯‌⁬‪⁬​⁮‮‪⁫‏​⁫‎⁯⁫‫​‎⁫‎⁪⁪‮​‍‬‏⁮⁫‫⁪‎‮ (object)
_FuAa0apOXcBEDUbygoBKJgWdThLA_:_uszO4IMycJrCed7gCcAibymGBYi_ (bool)
_FuAa0apOXcBEDUbygoBKJgWdThLA_:_QEB9KlaajdYafdGKVY8bk0l8NsDA_ ()
_FuAa0apOXcBEDUbygoBKJgWdThLA_:.cctor ()
System.Runtime.CompilerServices.RuntimeHelpers:RunClassConstructor (System.RuntimeTypeHandle)
UnityEditor.EditorAssemblies:ProcessInitializeOnLoadAttributes (System.Type[])

Mono: successfully reloaded assembly
- Completed reload, in 10.508 seconds
Domain Reload Profiling:
	ReloadAssembly (10514ms)
		BeginReloadAssembly (189ms)
			ExecutionOrderSort (0ms)
			DisableScriptedObjects (6ms)
			BackupInstance (0ms)
			ReleaseScriptingObjects (0ms)
			CreateAndSetChildDomain (21ms)
		EndReloadAssembly (10258ms)
			LoadAssemblies (5748ms)
			RebuildTransferFunctionScriptingTraits (0ms)
			SetupTypeCache (393ms)
			ReleaseScriptCaches (1ms)
			RebuildScriptCaches (101ms)
			SetupLoadedEditorAssemblies (3756ms)
				LogAssemblyErrors (0ms)
				InitializePlatformSupportModulesInManaged (5ms)
				SetLoadedEditorAssemblies (0ms)
				RefreshPlugins (127ms)
				BeforeProcessingInitializeOnLoad (101ms)
				ProcessInitializeOnLoadAttributes (3393ms)
				ProcessInitializeOnLoadMethodAttributes (127ms)
				AfterProcessingInitializeOnLoad (2ms)
				EditorAssembliesLoaded (0ms)
			ExecutionOrderSort2 (0ms)
			AwakeInstancesAfterBackupRestoration (10ms)
Platform modules already initialized, skipping
========================================================================
Worker process is ready to serve import requests
Shader 'MTE/Specialized/Mali 400/Surface/2 Textures/Bumped': fallback shader 'MTE/Specialized/Mali 400/Legacy/2 Textures/Diffuse' not found
Shader 'MTE/Specialized/Mali 400/Surface/3 Textures/Bumped': fallback shader 'MTE/Specialized/Mali 400/Legacy/3 Textures/Diffuse' not found
Launched and connected shader compiler UnityShaderCompiler.exe after 0.09 seconds
Refreshing native plugins compatible for Editor in 3.14 ms, found 0 plugins.
Preloading 0 native plugins for Editor in 0.00 ms.
Unloading 4012 Unused Serialized files (Serialized files now loaded: 0)
System memory in use before: 344.2 MB.
System memory in use after: 344.2 MB.

Unloading 14 unused Assets to reduce memory usage. Loaded Objects now: 4514.
Total: 15.295000 ms (FindLiveObjects: 4.942800 ms CreateObjectMapping: 1.202600 ms MarkObjects: 8.484800 ms  DeleteObjects: 0.661400 ms)

AssetImportParameters requested are different than current active one (requested -> active):
  custom:framework-win-MediaFoundation: 216162199b28c13a410421893ffa2e32 -> 
  custom:video-decoder-ogg-theora: a1e56fd34408186e4bbccfd4996cb3dc -> 
  custom:container-muxer-webm: aa71ff27fc2769a1b78a27578f13a17b -> 
  custom:container-demuxer-webm: 4f35f7cbe854078d1ac9338744f61a02 -> 
  custom:container-demuxer-ogg: 62fdf1f143b41e24485cea50d1cbac27 -> 
  custom:video-encoder-webm-vp8: eb34c28f22e8b96e1ab97ce403110664 -> 
  custom:video-codec-MediaFoundation-h265: 746d11721c4dcdbdad8f713fa42b33f4 -> 
  custom:video-decoder-webm-vp8: 9c59270c3fd7afecdb556c50c9e8de78 -> 
  custom:audio-decoder-ogg-vorbis: bf7c407c2cedff20999df2af8eb42d56 -> 
  custom:audio-encoder-webm-vorbis: bf7c407c2cedff20999df2af8eb42d56 -> 
========================================================================
Received Import Request.
  path: Assets/章節/登入畫面
  artifactKey: Guid(b59a3e8fb6df4764f971fd084e22ce0d) Importer(815301076,1909f56bfc062723c751e8b465ee728b)
Start importing Assets/章節/登入畫面 using Guid(b59a3e8fb6df4764f971fd084e22ce0d) Importer(815301076,1909f56bfc062723c751e8b465ee728b)  -> (artifact id: '622199b855e06bb9b41aa52ce656cc44') in 0.044745 seconds 
  Import took 0.120469 seconds .

========================================================================
Received Import Request.
  Time since last request: 0.000500 seconds.
  path: Assets/章節
  artifactKey: Guid(b5e791299f20974448b41c44dd9240cc) Importer(815301076,1909f56bfc062723c751e8b465ee728b)
Start importing Assets/章節 using Guid(b5e791299f20974448b41c44dd9240cc) Importer(815301076,1909f56bfc062723c751e8b465ee728b)  -> (artifact id: '966596c202fe150602c0f031cec00937') in 0.018495 seconds 
  Import took 0.039689 seconds .

========================================================================
Received Import Request.
  Time since last request: 0.000278 seconds.
  path: Assets/章節/第一章
  artifactKey: Guid(a28111f0eb3771143a5ca6adb355adc8) Importer(815301076,1909f56bfc062723c751e8b465ee728b)
Start importing Assets/章節/第一章 using Guid(a28111f0eb3771143a5ca6adb355adc8) Importer(815301076,1909f56bfc062723c751e8b465ee728b)  -> (artifact id: 'f038b95623550b6a01fc73e98d97f7ea') in 0.027800 seconds 
  Import took 0.076214 seconds .

========================================================================
Received Import Request.
  Time since last request: 0.001561 seconds.
  path: Assets/章節/登入畫面/登入畫面.unity
  artifactKey: Guid(6d7308c28cc447a4ca5e932c2d1289c1) Importer(815301076,1909f56bfc062723c751e8b465ee728b)
Start importing Assets/章節/登入畫面/登入畫面.unity using Guid(6d7308c28cc447a4ca5e932c2d1289c1) Importer(815301076,1909f56bfc062723c751e8b465ee728b)  -> (artifact id: '22a3559786a5a43ee1404bbab3748fd0') in 0.088388 seconds 
  Import took 0.110604 seconds .

========================================================================
Received Prepare
Registering precompiled user dll's ...
Registered in 0.002907 seconds.
Begin MonoManager ReloadAssembly
Native extension for WindowsStandalone target not found
Refreshing native plugins compatible for Editor in 0.79 ms, found 0 plugins.
Preloading 0 native plugins for Editor in 0.00 ms.
Initializing Mesh Terrain Editor v3.8.3f3 on Unity 2020.3.21f1...
UnityEngine.StackTraceUtility:ExtractStackTrace ()
UnityEngine.DebugLogHandler:LogFormat (UnityEngine.LogType,UnityEngine.Object,string,object[])
UnityEngine.Logger:Log (UnityEngine.LogType,object)
UnityEngine.Debug:Log (object)
_FuAa0apOXcBEDUbygoBKJgWdThLA_:‎⁭​⁫‮⁫⁯⁯‌⁬‪⁬​⁮‮‪⁫‏​⁫‎⁯⁫‫​‎⁫‎⁪⁪‮​‍‬‏⁮⁫‫⁪‎‮ (object)
_FuAa0apOXcBEDUbygoBKJgWdThLA_:_uszO4IMycJrCed7gCcAibymGBYi_ (bool)
_FuAa0apOXcBEDUbygoBKJgWdThLA_:_QEB9KlaajdYafdGKVY8bk0l8NsDA_ ()
_FuAa0apOXcBEDUbygoBKJgWdThLA_:.cctor ()
System.Runtime.CompilerServices.RuntimeHelpers:RunClassConstructor (System.RuntimeTypeHandle)
UnityEditor.EditorAssemblies:ProcessInitializeOnLoadAttributes (System.Type[])

[MTE]找不到Amplify Shader Editor，基于ASE的功能可能无法使用。请升级ASE到最新版本重启Unity再试。
UnityEngine.StackTraceUtility:ExtractStackTrace ()
UnityEngine.DebugLogHandler:LogFormat (UnityEngine.LogType,UnityEngine.Object,string,object[])
UnityEngine.Logger:Log (UnityEngine.LogType,object)
UnityEngine.Debug:LogWarning (object)
MTE.MTEDebug:‏‭‎‏‭⁯‌⁫⁪‬⁮‎⁬‫⁮⁮​‮⁯‪⁭⁪⁭⁭‌‏‮‏‌⁪⁬⁮‏‪⁪‭⁪‮‏⁭‮ (object)
MTE.MTEDebug:LogWarning (string)
_FuAa0apOXcBEDUbygoBKJgWdThLA_:_uszO4IMycJrCed7gCcAibymGBYi_ (bool)
_FuAa0apOXcBEDUbygoBKJgWdThLA_:_QEB9KlaajdYafdGKVY8bk0l8NsDA_ ()
_FuAa0apOXcBEDUbygoBKJgWdThLA_:.cctor ()
System.Runtime.CompilerServices.RuntimeHelpers:RunClassConstructor (System.RuntimeTypeHandle)
UnityEditor.EditorAssemblies:ProcessInitializeOnLoadAttributes (System.Type[])

Initializing Mesh Terrain Editor...Done
UnityEngine.StackTraceUtility:ExtractStackTrace ()
UnityEngine.DebugLogHandler:LogFormat (UnityEngine.LogType,UnityEngine.Object,string,object[])
UnityEngine.Logger:Log (UnityEngine.LogType,object)
UnityEngine.Debug:Log (object)
_FuAa0apOXcBEDUbygoBKJgWdThLA_:‎⁭​⁫‮⁫⁯⁯‌⁬‪⁬​⁮‮‪⁫‏​⁫‎⁯⁫‫​‎⁫‎⁪⁪‮​‍‬‏⁮⁫‫⁪‎‮ (object)
_FuAa0apOXcBEDUbygoBKJgWdThLA_:_uszO4IMycJrCed7gCcAibymGBYi_ (bool)
_FuAa0apOXcBEDUbygoBKJgWdThLA_:_QEB9KlaajdYafdGKVY8bk0l8NsDA_ ()
_FuAa0apOXcBEDUbygoBKJgWdThLA_:.cctor ()
System.Runtime.CompilerServices.RuntimeHelpers:RunClassConstructor (System.RuntimeTypeHandle)
UnityEditor.EditorAssemblies:ProcessInitializeOnLoadAttributes (System.Type[])

Mono: successfully reloaded assembly
- Completed reload, in  1.860 seconds
Domain Reload Profiling:
	ReloadAssembly (1860ms)
		BeginReloadAssembly (119ms)
			ExecutionOrderSort (0ms)
			DisableScriptedObjects (5ms)
			BackupInstance (0ms)
			ReleaseScriptingObjects (0ms)
			CreateAndSetChildDomain (33ms)
		EndReloadAssembly (1682ms)
			LoadAssemblies (98ms)
			RebuildTransferFunctionScriptingTraits (0ms)
			SetupTypeCache (339ms)
			ReleaseScriptCaches (1ms)
			RebuildScriptCaches (54ms)
			SetupLoadedEditorAssemblies (1072ms)
				LogAssemblyErrors (0ms)
				InitializePlatformSupportModulesInManaged (4ms)
				SetLoadedEditorAssemblies (1ms)
				RefreshPlugins (1ms)
				BeforeProcessingInitializeOnLoad (81ms)
				ProcessInitializeOnLoadAttributes (919ms)
				ProcessInitializeOnLoadMethodAttributes (64ms)
				AfterProcessingInitializeOnLoad (2ms)
				EditorAssembliesLoaded (0ms)
			ExecutionOrderSort2 (0ms)
			AwakeInstancesAfterBackupRestoration (11ms)
Platform modules already initialized, skipping
Shader 'MTE/Specialized/Mali 400/Surface/2 Textures/Bumped': fallback shader 'MTE/Specialized/Mali 400/Legacy/2 Textures/Diffuse' not found
Shader 'MTE/Specialized/Mali 400/Surface/3 Textures/Bumped': fallback shader 'MTE/Specialized/Mali 400/Legacy/3 Textures/Diffuse' not found
Refreshing native plugins compatible for Editor in 0.97 ms, found 0 plugins.
Preloading 0 native plugins for Editor in 0.00 ms.
Unloading 3767 Unused Serialized files (Serialized files now loaded: 0)
System memory in use before: 336.0 MB.
System memory in use after: 336.3 MB.

Unloading 9 unused Assets to reduce memory usage. Loaded Objects now: 4517.
Total: 6.743500 ms (FindLiveObjects: 0.526000 ms CreateObjectMapping: 0.297600 ms MarkObjects: 5.884900 ms  DeleteObjects: 0.033400 ms)

AssetImportParameters requested are different than current active one (requested -> active):
  custom:framework-win-MediaFoundation: 216162199b28c13a410421893ffa2e32 -> 
  custom:video-decoder-ogg-theora: a1e56fd34408186e4bbccfd4996cb3dc -> 
  custom:container-muxer-webm: aa71ff27fc2769a1b78a27578f13a17b -> 
  custom:container-demuxer-webm: 4f35f7cbe854078d1ac9338744f61a02 -> 
  custom:container-demuxer-ogg: 62fdf1f143b41e24485cea50d1cbac27 -> 
  custom:video-encoder-webm-vp8: eb34c28f22e8b96e1ab97ce403110664 -> 
  custom:video-codec-MediaFoundation-h265: 746d11721c4dcdbdad8f713fa42b33f4 -> 
  custom:video-decoder-webm-vp8: 9c59270c3fd7afecdb556c50c9e8de78 -> 
  custom:audio-decoder-ogg-vorbis: bf7c407c2cedff20999df2af8eb42d56 -> 
  custom:audio-encoder-webm-vorbis: bf7c407c2cedff20999df2af8eb42d56 -> 
========================================================================
Received Prepare
Registering precompiled user dll's ...
Registered in 0.002263 seconds.
Begin MonoManager ReloadAssembly
Native extension for WindowsStandalone target not found
Refreshing native plugins compatible for Editor in 1.19 ms, found 0 plugins.
Preloading 0 native plugins for Editor in 0.00 ms.
Initializing Mesh Terrain Editor v3.8.3f3 on Unity 2020.3.21f1...
UnityEngine.StackTraceUtility:ExtractStackTrace ()
UnityEngine.DebugLogHandler:LogFormat (UnityEngine.LogType,UnityEngine.Object,string,object[])
UnityEngine.Logger:Log (UnityEngine.LogType,object)
UnityEngine.Debug:Log (object)
_FuAa0apOXcBEDUbygoBKJgWdThLA_:‎⁭​⁫‮⁫⁯⁯‌⁬‪⁬​⁮‮‪⁫‏​⁫‎⁯⁫‫​‎⁫‎⁪⁪‮​‍‬‏⁮⁫‫⁪‎‮ (object)
_FuAa0apOXcBEDUbygoBKJgWdThLA_:_uszO4IMycJrCed7gCcAibymGBYi_ (bool)
_FuAa0apOXcBEDUbygoBKJgWdThLA_:_QEB9KlaajdYafdGKVY8bk0l8NsDA_ ()
_FuAa0apOXcBEDUbygoBKJgWdThLA_:.cctor ()
System.Runtime.CompilerServices.RuntimeHelpers:RunClassConstructor (System.RuntimeTypeHandle)
UnityEditor.EditorAssemblies:ProcessInitializeOnLoadAttributes (System.Type[])

[MTE]找不到Amplify Shader Editor，基于ASE的功能可能无法使用。请升级ASE到最新版本重启Unity再试。
UnityEngine.StackTraceUtility:ExtractStackTrace ()
UnityEngine.DebugLogHandler:LogFormat (UnityEngine.LogType,UnityEngine.Object,string,object[])
UnityEngine.Logger:Log (UnityEngine.LogType,object)
UnityEngine.Debug:LogWarning (object)
MTE.MTEDebug:‏‭‎‏‭⁯‌⁫⁪‬⁮‎⁬‫⁮⁮​‮⁯‪⁭⁪⁭⁭‌‏‮‏‌⁪⁬⁮‏‪⁪‭⁪‮‏⁭‮ (object)
MTE.MTEDebug:LogWarning (string)
_FuAa0apOXcBEDUbygoBKJgWdThLA_:_uszO4IMycJrCed7gCcAibymGBYi_ (bool)
_FuAa0apOXcBEDUbygoBKJgWdThLA_:_QEB9KlaajdYafdGKVY8bk0l8NsDA_ ()
_FuAa0apOXcBEDUbygoBKJgWdThLA_:.cctor ()
System.Runtime.CompilerServices.RuntimeHelpers:RunClassConstructor (System.RuntimeTypeHandle)
UnityEditor.EditorAssemblies:ProcessInitializeOnLoadAttributes (System.Type[])

Initializing Mesh Terrain Editor...Done
UnityEngine.StackTraceUtility:ExtractStackTrace ()
UnityEngine.DebugLogHandler:LogFormat (UnityEngine.LogType,UnityEngine.Object,string,object[])
UnityEngine.Logger:Log (UnityEngine.LogType,object)
UnityEngine.Debug:Log (object)
_FuAa0apOXcBEDUbygoBKJgWdThLA_:‎⁭​⁫‮⁫⁯⁯‌⁬‪⁬​⁮‮‪⁫‏​⁫‎⁯⁫‫​‎⁫‎⁪⁪‮​‍‬‏⁮⁫‫⁪‎‮ (object)
_FuAa0apOXcBEDUbygoBKJgWdThLA_:_uszO4IMycJrCed7gCcAibymGBYi_ (bool)
_FuAa0apOXcBEDUbygoBKJgWdThLA_:_QEB9KlaajdYafdGKVY8bk0l8NsDA_ ()
_FuAa0apOXcBEDUbygoBKJgWdThLA_:.cctor ()
System.Runtime.CompilerServices.RuntimeHelpers:RunClassConstructor (System.RuntimeTypeHandle)
UnityEditor.EditorAssemblies:ProcessInitializeOnLoadAttributes (System.Type[])

Mono: successfully reloaded assembly
- Completed reload, in  1.762 seconds
Domain Reload Profiling:
	ReloadAssembly (1762ms)
		BeginReloadAssembly (114ms)
			ExecutionOrderSort (0ms)
			DisableScriptedObjects (5ms)
			BackupInstance (0ms)
			ReleaseScriptingObjects (0ms)
			CreateAndSetChildDomain (34ms)
		EndReloadAssembly (1592ms)
			LoadAssemblies (85ms)
			RebuildTransferFunctionScriptingTraits (0ms)
			SetupTypeCache (282ms)
			ReleaseScriptCaches (1ms)
			RebuildScriptCaches (51ms)
			SetupLoadedEditorAssemblies (1065ms)
				LogAssemblyErrors (0ms)
				InitializePlatformSupportModulesInManaged (4ms)
				SetLoadedEditorAssemblies (1ms)
				RefreshPlugins (1ms)
				BeforeProcessingInitializeOnLoad (86ms)
				ProcessInitializeOnLoadAttributes (910ms)
				ProcessInitializeOnLoadMethodAttributes (61ms)
				AfterProcessingInitializeOnLoad (2ms)
				EditorAssembliesLoaded (0ms)
			ExecutionOrderSort2 (0ms)
			AwakeInstancesAfterBackupRestoration (10ms)
Platform modules already initialized, skipping
Shader 'MTE/Specialized/Mali 400/Surface/2 Textures/Bumped': fallback shader 'MTE/Specialized/Mali 400/Legacy/2 Textures/Diffuse' not found
Shader 'MTE/Specialized/Mali 400/Surface/3 Textures/Bumped': fallback shader 'MTE/Specialized/Mali 400/Legacy/3 Textures/Diffuse' not found
Refreshing native plugins compatible for Editor in 1.38 ms, found 0 plugins.
Preloading 0 native plugins for Editor in 0.00 ms.
Unloading 3767 Unused Serialized files (Serialized files now loaded: 0)
System memory in use before: 336.1 MB.
System memory in use after: 336.4 MB.

Unloading 9 unused Assets to reduce memory usage. Loaded Objects now: 4520.
Total: 4.447200 ms (FindLiveObjects: 0.475700 ms CreateObjectMapping: 0.217700 ms MarkObjects: 3.723400 ms  DeleteObjects: 0.028800 ms)

AssetImportParameters requested are different than current active one (requested -> active):
  custom:framework-win-MediaFoundation: 216162199b28c13a410421893ffa2e32 -> 
  custom:video-decoder-ogg-theora: a1e56fd34408186e4bbccfd4996cb3dc -> 
  custom:container-muxer-webm: aa71ff27fc2769a1b78a27578f13a17b -> 
  custom:container-demuxer-webm: 4f35f7cbe854078d1ac9338744f61a02 -> 
  custom:container-demuxer-ogg: 62fdf1f143b41e24485cea50d1cbac27 -> 
  custom:video-encoder-webm-vp8: eb34c28f22e8b96e1ab97ce403110664 -> 
  custom:video-codec-MediaFoundation-h265: 746d11721c4dcdbdad8f713fa42b33f4 -> 
  custom:video-decoder-webm-vp8: 9c59270c3fd7afecdb556c50c9e8de78 -> 
  custom:audio-decoder-ogg-vorbis: bf7c407c2cedff20999df2af8eb42d56 -> 
  custom:audio-encoder-webm-vorbis: bf7c407c2cedff20999df2af8eb42d56 -> 
========================================================================
Received Import Request.
  Time since last request: 394.168055 seconds.
  path: Assets/章節/第一章/教室.unity
  artifactKey: Guid(9fc0d4010bbf28b4594072e72b8655ab) Importer(815301076,1909f56bfc062723c751e8b465ee728b)
Start importing Assets/章節/第一章/教室.unity using Guid(9fc0d4010bbf28b4594072e72b8655ab) Importer(815301076,1909f56bfc062723c751e8b465ee728b)  -> (artifact id: '8fba08ce91863e218763cf2b85b30f0a') in 0.044526 seconds 
  Import took 0.053387 seconds .

========================================================================
Received Import Request.
  Time since last request: 6.879360 seconds.
  path: Assets/章節/開場動畫
  artifactKey: Guid(5b98d2832092ecb4cb0fde5d8e9b8d31) Importer(815301076,1909f56bfc062723c751e8b465ee728b)
Start importing Assets/章節/開場動畫 using Guid(5b98d2832092ecb4cb0fde5d8e9b8d31) Importer(815301076,1909f56bfc062723c751e8b465ee728b)  -> (artifact id: 'e07abb4513a7873ce4f3943995217383') in 0.008196 seconds 
  Import took 0.017334 seconds .

========================================================================
Received Import Request.
  Time since last request: 0.851687 seconds.
  path: Assets/章節/開場動畫/開場動畫.unity
  artifactKey: Guid(70e4ef868418f7b46b7e07d2ad0984c5) Importer(815301076,1909f56bfc062723c751e8b465ee728b)
Start importing Assets/章節/開場動畫/開場動畫.unity using Guid(70e4ef868418f7b46b7e07d2ad0984c5) Importer(815301076,1909f56bfc062723c751e8b465ee728b)  -> (artifact id: 'd2a004661280674ef6cd7bc414e8efca') in 0.008998 seconds 
  Import took 0.016008 seconds .

========================================================================
Received Prepare
Registering precompiled user dll's ...
Registered in 0.003183 seconds.
Begin MonoManager ReloadAssembly
Native extension for WindowsStandalone target not found
Refreshing native plugins compatible for Editor in 0.80 ms, found 0 plugins.
Preloading 0 native plugins for Editor in 0.00 ms.
Initializing Mesh Terrain Editor v3.8.3f3 on Unity 2020.3.21f1...
UnityEngine.StackTraceUtility:ExtractStackTrace ()
UnityEngine.DebugLogHandler:LogFormat (UnityEngine.LogType,UnityEngine.Object,string,object[])
UnityEngine.Logger:Log (UnityEngine.LogType,object)
UnityEngine.Debug:Log (object)
_FuAa0apOXcBEDUbygoBKJgWdThLA_:‎⁭​⁫‮⁫⁯⁯‌⁬‪⁬​⁮‮‪⁫‏​⁫‎⁯⁫‫​‎⁫‎⁪⁪‮​‍‬‏⁮⁫‫⁪‎‮ (object)
_FuAa0apOXcBEDUbygoBKJgWdThLA_:_uszO4IMycJrCed7gCcAibymGBYi_ (bool)
_FuAa0apOXcBEDUbygoBKJgWdThLA_:_QEB9KlaajdYafdGKVY8bk0l8NsDA_ ()
_FuAa0apOXcBEDUbygoBKJgWdThLA_:.cctor ()
System.Runtime.CompilerServices.RuntimeHelpers:RunClassConstructor (System.RuntimeTypeHandle)
UnityEditor.EditorAssemblies:ProcessInitializeOnLoadAttributes (System.Type[])

[MTE]找不到Amplify Shader Editor，基于ASE的功能可能无法使用。请升级ASE到最新版本重启Unity再试。
UnityEngine.StackTraceUtility:ExtractStackTrace ()
UnityEngine.DebugLogHandler:LogFormat (UnityEngine.LogType,UnityEngine.Object,string,object[])
UnityEngine.Logger:Log (UnityEngine.LogType,object)
UnityEngine.Debug:LogWarning (object)
MTE.MTEDebug:‏‭‎‏‭⁯‌⁫⁪‬⁮‎⁬‫⁮⁮​‮⁯‪⁭⁪⁭⁭‌‏‮‏‌⁪⁬⁮‏‪⁪‭⁪‮‏⁭‮ (object)
MTE.MTEDebug:LogWarning (string)
_FuAa0apOXcBEDUbygoBKJgWdThLA_:_uszO4IMycJrCed7gCcAibymGBYi_ (bool)
_FuAa0apOXcBEDUbygoBKJgWdThLA_:_QEB9KlaajdYafdGKVY8bk0l8NsDA_ ()
_FuAa0apOXcBEDUbygoBKJgWdThLA_:.cctor ()
System.Runtime.CompilerServices.RuntimeHelpers:RunClassConstructor (System.RuntimeTypeHandle)
UnityEditor.EditorAssemblies:ProcessInitializeOnLoadAttributes (System.Type[])

Initializing Mesh Terrain Editor...Done
UnityEngine.StackTraceUtility:ExtractStackTrace ()
UnityEngine.DebugLogHandler:LogFormat (UnityEngine.LogType,UnityEngine.Object,string,object[])
UnityEngine.Logger:Log (UnityEngine.LogType,object)
UnityEngine.Debug:Log (object)
_FuAa0apOXcBEDUbygoBKJgWdThLA_:‎⁭​⁫‮⁫⁯⁯‌⁬‪⁬​⁮‮‪⁫‏​⁫‎⁯⁫‫​‎⁫‎⁪⁪‮​‍‬‏⁮⁫‫⁪‎‮ (object)
_FuAa0apOXcBEDUbygoBKJgWdThLA_:_uszO4IMycJrCed7gCcAibymGBYi_ (bool)
_FuAa0apOXcBEDUbygoBKJgWdThLA_:_QEB9KlaajdYafdGKVY8bk0l8NsDA_ ()
_FuAa0apOXcBEDUbygoBKJgWdThLA_:.cctor ()
System.Runtime.CompilerServices.RuntimeHelpers:RunClassConstructor (System.RuntimeTypeHandle)
UnityEditor.EditorAssemblies:ProcessInitializeOnLoadAttributes (System.Type[])

Mono: successfully reloaded assembly
- Completed reload, in  1.838 seconds
Domain Reload Profiling:
	ReloadAssembly (1839ms)
		BeginReloadAssembly (117ms)
			ExecutionOrderSort (0ms)
			DisableScriptedObjects (7ms)
			BackupInstance (0ms)
			ReleaseScriptingObjects (0ms)
			CreateAndSetChildDomain (38ms)
		EndReloadAssembly (1661ms)
			LoadAssemblies (94ms)
			RebuildTransferFunctionScriptingTraits (0ms)
			SetupTypeCache (293ms)
			ReleaseScriptCaches (2ms)
			RebuildScriptCaches (48ms)
			SetupLoadedEditorAssemblies (1114ms)
				LogAssemblyErrors (0ms)
				InitializePlatformSupportModulesInManaged (4ms)
				SetLoadedEditorAssemblies (0ms)
				RefreshPlugins (1ms)
				BeforeProcessingInitializeOnLoad (81ms)
				ProcessInitializeOnLoadAttributes (956ms)
				ProcessInitializeOnLoadMethodAttributes (70ms)
				AfterProcessingInitializeOnLoad (2ms)
				EditorAssembliesLoaded (0ms)
			ExecutionOrderSort2 (0ms)
			AwakeInstancesAfterBackupRestoration (9ms)
Platform modules already initialized, skipping
Shader 'MTE/Specialized/Mali 400/Surface/2 Textures/Bumped': fallback shader 'MTE/Specialized/Mali 400/Legacy/2 Textures/Diffuse' not found
Shader 'MTE/Specialized/Mali 400/Surface/3 Textures/Bumped': fallback shader 'MTE/Specialized/Mali 400/Legacy/3 Textures/Diffuse' not found
Refreshing native plugins compatible for Editor in 1.31 ms, found 0 plugins.
Preloading 0 native plugins for Editor in 0.00 ms.
Unloading 3767 Unused Serialized files (Serialized files now loaded: 0)
System memory in use before: 336.2 MB.
System memory in use after: 336.4 MB.

Unloading 9 unused Assets to reduce memory usage. Loaded Objects now: 4523.
Total: 3.593500 ms (FindLiveObjects: 0.369300 ms CreateObjectMapping: 0.185300 ms MarkObjects: 3.017000 ms  DeleteObjects: 0.020600 ms)

AssetImportParameters requested are different than current active one (requested -> active):
  custom:framework-win-MediaFoundation: 216162199b28c13a410421893ffa2e32 -> 
  custom:video-decoder-ogg-theora: a1e56fd34408186e4bbccfd4996cb3dc -> 
  custom:container-muxer-webm: aa71ff27fc2769a1b78a27578f13a17b -> 
  custom:container-demuxer-webm: 4f35f7cbe854078d1ac9338744f61a02 -> 
  custom:container-demuxer-ogg: 62fdf1f143b41e24485cea50d1cbac27 -> 
  custom:video-encoder-webm-vp8: eb34c28f22e8b96e1ab97ce403110664 -> 
  custom:video-codec-MediaFoundation-h265: 746d11721c4dcdbdad8f713fa42b33f4 -> 
  custom:video-decoder-webm-vp8: 9c59270c3fd7afecdb556c50c9e8de78 -> 
  custom:audio-decoder-ogg-vorbis: bf7c407c2cedff20999df2af8eb42d56 -> 
  custom:audio-encoder-webm-vorbis: bf7c407c2cedff20999df2af8eb42d56 -> 
========================================================================
Received Prepare
Registering precompiled user dll's ...
Registered in 0.002375 seconds.
Begin MonoManager ReloadAssembly
Native extension for WindowsStandalone target not found
Refreshing native plugins compatible for Editor in 0.75 ms, found 0 plugins.
Preloading 0 native plugins for Editor in 0.00 ms.
Initializing Mesh Terrain Editor v3.8.3f3 on Unity 2020.3.21f1...
UnityEngine.StackTraceUtility:ExtractStackTrace ()
UnityEngine.DebugLogHandler:LogFormat (UnityEngine.LogType,UnityEngine.Object,string,object[])
UnityEngine.Logger:Log (UnityEngine.LogType,object)
UnityEngine.Debug:Log (object)
_FuAa0apOXcBEDUbygoBKJgWdThLA_:‎⁭​⁫‮⁫⁯⁯‌⁬‪⁬​⁮‮‪⁫‏​⁫‎⁯⁫‫​‎⁫‎⁪⁪‮​‍‬‏⁮⁫‫⁪‎‮ (object)
_FuAa0apOXcBEDUbygoBKJgWdThLA_:_uszO4IMycJrCed7gCcAibymGBYi_ (bool)
_FuAa0apOXcBEDUbygoBKJgWdThLA_:_QEB9KlaajdYafdGKVY8bk0l8NsDA_ ()
_FuAa0apOXcBEDUbygoBKJgWdThLA_:.cctor ()
System.Runtime.CompilerServices.RuntimeHelpers:RunClassConstructor (System.RuntimeTypeHandle)
UnityEditor.EditorAssemblies:ProcessInitializeOnLoadAttributes (System.Type[])

[MTE]找不到Amplify Shader Editor，基于ASE的功能可能无法使用。请升级ASE到最新版本重启Unity再试。
UnityEngine.StackTraceUtility:ExtractStackTrace ()
UnityEngine.DebugLogHandler:LogFormat (UnityEngine.LogType,UnityEngine.Object,string,object[])
UnityEngine.Logger:Log (UnityEngine.LogType,object)
UnityEngine.Debug:LogWarning (object)
MTE.MTEDebug:‏‭‎‏‭⁯‌⁫⁪‬⁮‎⁬‫⁮⁮​‮⁯‪⁭⁪⁭⁭‌‏‮‏‌⁪⁬⁮‏‪⁪‭⁪‮‏⁭‮ (object)
MTE.MTEDebug:LogWarning (string)
_FuAa0apOXcBEDUbygoBKJgWdThLA_:_uszO4IMycJrCed7gCcAibymGBYi_ (bool)
_FuAa0apOXcBEDUbygoBKJgWdThLA_:_QEB9KlaajdYafdGKVY8bk0l8NsDA_ ()
_FuAa0apOXcBEDUbygoBKJgWdThLA_:.cctor ()
System.Runtime.CompilerServices.RuntimeHelpers:RunClassConstructor (System.RuntimeTypeHandle)
UnityEditor.EditorAssemblies:ProcessInitializeOnLoadAttributes (System.Type[])

Initializing Mesh Terrain Editor...Done
UnityEngine.StackTraceUtility:ExtractStackTrace ()
UnityEngine.DebugLogHandler:LogFormat (UnityEngine.LogType,UnityEngine.Object,string,object[])
UnityEngine.Logger:Log (UnityEngine.LogType,object)
UnityEngine.Debug:Log (object)
_FuAa0apOXcBEDUbygoBKJgWdThLA_:‎⁭​⁫‮⁫⁯⁯‌⁬‪⁬​⁮‮‪⁫‏​⁫‎⁯⁫‫​‎⁫‎⁪⁪‮​‍‬‏⁮⁫‫⁪‎‮ (object)
_FuAa0apOXcBEDUbygoBKJgWdThLA_:_uszO4IMycJrCed7gCcAibymGBYi_ (bool)
_FuAa0apOXcBEDUbygoBKJgWdThLA_:_QEB9KlaajdYafdGKVY8bk0l8NsDA_ ()
_FuAa0apOXcBEDUbygoBKJgWdThLA_:.cctor ()
System.Runtime.CompilerServices.RuntimeHelpers:RunClassConstructor (System.RuntimeTypeHandle)
UnityEditor.EditorAssemblies:ProcessInitializeOnLoadAttributes (System.Type[])

Mono: successfully reloaded assembly
- Completed reload, in  2.188 seconds
Domain Reload Profiling:
	ReloadAssembly (2188ms)
		BeginReloadAssembly (105ms)
			ExecutionOrderSort (0ms)
			DisableScriptedObjects (5ms)
			BackupInstance (0ms)
			ReleaseScriptingObjects (0ms)
			CreateAndSetChildDomain (30ms)
		EndReloadAssembly (2024ms)
			LoadAssemblies (96ms)
			RebuildTransferFunctionScriptingTraits (0ms)
			SetupTypeCache (372ms)
			ReleaseScriptCaches (2ms)
			RebuildScriptCaches (66ms)
			SetupLoadedEditorAssemblies (1353ms)
				LogAssemblyErrors (0ms)
				InitializePlatformSupportModulesInManaged (5ms)
				SetLoadedEditorAssemblies (0ms)
				RefreshPlugins (1ms)
				BeforeProcessingInitializeOnLoad (83ms)
				ProcessInitializeOnLoadAttributes (1193ms)
				ProcessInitializeOnLoadMethodAttributes (69ms)
				AfterProcessingInitializeOnLoad (2ms)
				EditorAssembliesLoaded (0ms)
			ExecutionOrderSort2 (0ms)
			AwakeInstancesAfterBackupRestoration (11ms)
Platform modules already initialized, skipping
Shader 'MTE/Specialized/Mali 400/Surface/2 Textures/Bumped': fallback shader 'MTE/Specialized/Mali 400/Legacy/2 Textures/Diffuse' not found
Shader 'MTE/Specialized/Mali 400/Surface/3 Textures/Bumped': fallback shader 'MTE/Specialized/Mali 400/Legacy/3 Textures/Diffuse' not found
Refreshing native plugins compatible for Editor in 1.23 ms, found 0 plugins.
Preloading 0 native plugins for Editor in 0.00 ms.
Unloading 3767 Unused Serialized files (Serialized files now loaded: 0)
System memory in use before: 336.2 MB.
System memory in use after: 336.4 MB.

Unloading 9 unused Assets to reduce memory usage. Loaded Objects now: 4526.
Total: 5.940100 ms (FindLiveObjects: 0.575200 ms CreateObjectMapping: 0.271600 ms MarkObjects: 5.067000 ms  DeleteObjects: 0.025100 ms)

AssetImportParameters requested are different than current active one (requested -> active):
  custom:framework-win-MediaFoundation: 216162199b28c13a410421893ffa2e32 -> 
  custom:video-decoder-ogg-theora: a1e56fd34408186e4bbccfd4996cb3dc -> 
  custom:container-muxer-webm: aa71ff27fc2769a1b78a27578f13a17b -> 
  custom:container-demuxer-webm: 4f35f7cbe854078d1ac9338744f61a02 -> 
  custom:container-demuxer-ogg: 62fdf1f143b41e24485cea50d1cbac27 -> 
  custom:video-encoder-webm-vp8: eb34c28f22e8b96e1ab97ce403110664 -> 
  custom:video-codec-MediaFoundation-h265: 746d11721c4dcdbdad8f713fa42b33f4 -> 
  custom:video-decoder-webm-vp8: 9c59270c3fd7afecdb556c50c9e8de78 -> 
  custom:audio-decoder-ogg-vorbis: bf7c407c2cedff20999df2af8eb42d56 -> 
  custom:audio-encoder-webm-vorbis: bf7c407c2cedff20999df2af8eb42d56 -> 
========================================================================
Received Prepare
Registering precompiled user dll's ...
Registered in 0.002267 seconds.
Begin MonoManager ReloadAssembly
Native extension for WindowsStandalone target not found
Refreshing native plugins compatible for Editor in 1.06 ms, found 0 plugins.
Preloading 0 native plugins for Editor in 0.00 ms.
Initializing Mesh Terrain Editor v3.8.3f3 on Unity 2020.3.21f1...
UnityEngine.StackTraceUtility:ExtractStackTrace ()
UnityEngine.DebugLogHandler:LogFormat (UnityEngine.LogType,UnityEngine.Object,string,object[])
UnityEngine.Logger:Log (UnityEngine.LogType,object)
UnityEngine.Debug:Log (object)
_FuAa0apOXcBEDUbygoBKJgWdThLA_:‎⁭​⁫‮⁫⁯⁯‌⁬‪⁬​⁮‮‪⁫‏​⁫‎⁯⁫‫​‎⁫‎⁪⁪‮​‍‬‏⁮⁫‫⁪‎‮ (object)
_FuAa0apOXcBEDUbygoBKJgWdThLA_:_uszO4IMycJrCed7gCcAibymGBYi_ (bool)
_FuAa0apOXcBEDUbygoBKJgWdThLA_:_QEB9KlaajdYafdGKVY8bk0l8NsDA_ ()
_FuAa0apOXcBEDUbygoBKJgWdThLA_:.cctor ()
System.Runtime.CompilerServices.RuntimeHelpers:RunClassConstructor (System.RuntimeTypeHandle)
UnityEditor.EditorAssemblies:ProcessInitializeOnLoadAttributes (System.Type[])

[MTE]找不到Amplify Shader Editor，基于ASE的功能可能无法使用。请升级ASE到最新版本重启Unity再试。
UnityEngine.StackTraceUtility:ExtractStackTrace ()
UnityEngine.DebugLogHandler:LogFormat (UnityEngine.LogType,UnityEngine.Object,string,object[])
UnityEngine.Logger:Log (UnityEngine.LogType,object)
UnityEngine.Debug:LogWarning (object)
MTE.MTEDebug:‏‭‎‏‭⁯‌⁫⁪‬⁮‎⁬‫⁮⁮​‮⁯‪⁭⁪⁭⁭‌‏‮‏‌⁪⁬⁮‏‪⁪‭⁪‮‏⁭‮ (object)
MTE.MTEDebug:LogWarning (string)
_FuAa0apOXcBEDUbygoBKJgWdThLA_:_uszO4IMycJrCed7gCcAibymGBYi_ (bool)
_FuAa0apOXcBEDUbygoBKJgWdThLA_:_QEB9KlaajdYafdGKVY8bk0l8NsDA_ ()
_FuAa0apOXcBEDUbygoBKJgWdThLA_:.cctor ()
System.Runtime.CompilerServices.RuntimeHelpers:RunClassConstructor (System.RuntimeTypeHandle)
UnityEditor.EditorAssemblies:ProcessInitializeOnLoadAttributes (System.Type[])

Initializing Mesh Terrain Editor...Done
UnityEngine.StackTraceUtility:ExtractStackTrace ()
UnityEngine.DebugLogHandler:LogFormat (UnityEngine.LogType,UnityEngine.Object,string,object[])
UnityEngine.Logger:Log (UnityEngine.LogType,object)
UnityEngine.Debug:Log (object)
_FuAa0apOXcBEDUbygoBKJgWdThLA_:‎⁭​⁫‮⁫⁯⁯‌⁬‪⁬​⁮‮‪⁫‏​⁫‎⁯⁫‫​‎⁫‎⁪⁪‮​‍‬‏⁮⁫‫⁪‎‮ (object)
_FuAa0apOXcBEDUbygoBKJgWdThLA_:_uszO4IMycJrCed7gCcAibymGBYi_ (bool)
_FuAa0apOXcBEDUbygoBKJgWdThLA_:_QEB9KlaajdYafdGKVY8bk0l8NsDA_ ()
_FuAa0apOXcBEDUbygoBKJgWdThLA_:.cctor ()
System.Runtime.CompilerServices.RuntimeHelpers:RunClassConstructor (System.RuntimeTypeHandle)
UnityEditor.EditorAssemblies:ProcessInitializeOnLoadAttributes (System.Type[])

Mono: successfully reloaded assembly
- Completed reload, in  2.208 seconds
Domain Reload Profiling:
	ReloadAssembly (2209ms)
		BeginReloadAssembly (120ms)
			ExecutionOrderSort (0ms)
			DisableScriptedObjects (7ms)
			BackupInstance (0ms)
			ReleaseScriptingObjects (0ms)
			CreateAndSetChildDomain (40ms)
		EndReloadAssembly (2015ms)
			LoadAssemblies (105ms)
			RebuildTransferFunctionScriptingTraits (0ms)
			SetupTypeCache (363ms)
			ReleaseScriptCaches (1ms)
			RebuildScriptCaches (62ms)
			SetupLoadedEditorAssemblies (1331ms)
				LogAssemblyErrors (0ms)
				InitializePlatformSupportModulesInManaged (6ms)
				SetLoadedEditorAssemblies (1ms)
				RefreshPlugins (1ms)
				BeforeProcessingInitializeOnLoad (105ms)
				ProcessInitializeOnLoadAttributes (1134ms)
				ProcessInitializeOnLoadMethodAttributes (83ms)
				AfterProcessingInitializeOnLoad (2ms)
				EditorAssembliesLoaded (0ms)
			ExecutionOrderSort2 (0ms)
			AwakeInstancesAfterBackupRestoration (14ms)
Platform modules already initialized, skipping
Shader 'MTE/Specialized/Mali 400/Surface/2 Textures/Bumped': fallback shader 'MTE/Specialized/Mali 400/Legacy/2 Textures/Diffuse' not found
Shader 'MTE/Specialized/Mali 400/Surface/3 Textures/Bumped': fallback shader 'MTE/Specialized/Mali 400/Legacy/3 Textures/Diffuse' not found
Refreshing native plugins compatible for Editor in 1.80 ms, found 0 plugins.
Preloading 0 native plugins for Editor in 0.00 ms.
Unloading 3767 Unused Serialized files (Serialized files now loaded: 0)
System memory in use before: 336.2 MB.
System memory in use after: 336.5 MB.

Unloading 9 unused Assets to reduce memory usage. Loaded Objects now: 4529.
Total: 6.811800 ms (FindLiveObjects: 0.888300 ms CreateObjectMapping: 0.477300 ms MarkObjects: 5.417300 ms  DeleteObjects: 0.027200 ms)

AssetImportParameters requested are different than current active one (requested -> active):
  custom:framework-win-MediaFoundation: 216162199b28c13a410421893ffa2e32 -> 
  custom:video-decoder-ogg-theora: a1e56fd34408186e4bbccfd4996cb3dc -> 
  custom:container-muxer-webm: aa71ff27fc2769a1b78a27578f13a17b -> 
  custom:container-demuxer-webm: 4f35f7cbe854078d1ac9338744f61a02 -> 
  custom:container-demuxer-ogg: 62fdf1f143b41e24485cea50d1cbac27 -> 
  custom:video-encoder-webm-vp8: eb34c28f22e8b96e1ab97ce403110664 -> 
  custom:video-codec-MediaFoundation-h265: 746d11721c4dcdbdad8f713fa42b33f4 -> 
  custom:video-decoder-webm-vp8: 9c59270c3fd7afecdb556c50c9e8de78 -> 
  custom:audio-decoder-ogg-vorbis: bf7c407c2cedff20999df2af8eb42d56 -> 
  custom:audio-encoder-webm-vorbis: bf7c407c2cedff20999df2af8eb42d56 -> 
========================================================================
Received Prepare
Registering precompiled user dll's ...
Registered in 0.003285 seconds.
Begin MonoManager ReloadAssembly
Native extension for WindowsStandalone target not found
Refreshing native plugins compatible for Editor in 0.80 ms, found 0 plugins.
Preloading 0 native plugins for Editor in 0.00 ms.
Initializing Mesh Terrain Editor v3.8.3f3 on Unity 2020.3.21f1...
UnityEngine.StackTraceUtility:ExtractStackTrace ()
UnityEngine.DebugLogHandler:LogFormat (UnityEngine.LogType,UnityEngine.Object,string,object[])
UnityEngine.Logger:Log (UnityEngine.LogType,object)
UnityEngine.Debug:Log (object)
_FuAa0apOXcBEDUbygoBKJgWdThLA_:‎⁭​⁫‮⁫⁯⁯‌⁬‪⁬​⁮‮‪⁫‏​⁫‎⁯⁫‫​‎⁫‎⁪⁪‮​‍‬‏⁮⁫‫⁪‎‮ (object)
_FuAa0apOXcBEDUbygoBKJgWdThLA_:_uszO4IMycJrCed7gCcAibymGBYi_ (bool)
_FuAa0apOXcBEDUbygoBKJgWdThLA_:_QEB9KlaajdYafdGKVY8bk0l8NsDA_ ()
_FuAa0apOXcBEDUbygoBKJgWdThLA_:.cctor ()
System.Runtime.CompilerServices.RuntimeHelpers:RunClassConstructor (System.RuntimeTypeHandle)
UnityEditor.EditorAssemblies:ProcessInitializeOnLoadAttributes (System.Type[])

[MTE]找不到Amplify Shader Editor，基于ASE的功能可能无法使用。请升级ASE到最新版本重启Unity再试。
UnityEngine.StackTraceUtility:ExtractStackTrace ()
UnityEngine.DebugLogHandler:LogFormat (UnityEngine.LogType,UnityEngine.Object,string,object[])
UnityEngine.Logger:Log (UnityEngine.LogType,object)
UnityEngine.Debug:LogWarning (object)
MTE.MTEDebug:‏‭‎‏‭⁯‌⁫⁪‬⁮‎⁬‫⁮⁮​‮⁯‪⁭⁪⁭⁭‌‏‮‏‌⁪⁬⁮‏‪⁪‭⁪‮‏⁭‮ (object)
MTE.MTEDebug:LogWarning (string)
_FuAa0apOXcBEDUbygoBKJgWdThLA_:_uszO4IMycJrCed7gCcAibymGBYi_ (bool)
_FuAa0apOXcBEDUbygoBKJgWdThLA_:_QEB9KlaajdYafdGKVY8bk0l8NsDA_ ()
_FuAa0apOXcBEDUbygoBKJgWdThLA_:.cctor ()
System.Runtime.CompilerServices.RuntimeHelpers:RunClassConstructor (System.RuntimeTypeHandle)
UnityEditor.EditorAssemblies:ProcessInitializeOnLoadAttributes (System.Type[])

Initializing Mesh Terrain Editor...Done
UnityEngine.StackTraceUtility:ExtractStackTrace ()
UnityEngine.DebugLogHandler:LogFormat (UnityEngine.LogType,UnityEngine.Object,string,object[])
UnityEngine.Logger:Log (UnityEngine.LogType,object)
UnityEngine.Debug:Log (object)
_FuAa0apOXcBEDUbygoBKJgWdThLA_:‎⁭​⁫‮⁫⁯⁯‌⁬‪⁬​⁮‮‪⁫‏​⁫‎⁯⁫‫​‎⁫‎⁪⁪‮​‍‬‏⁮⁫‫⁪‎‮ (object)
_FuAa0apOXcBEDUbygoBKJgWdThLA_:_uszO4IMycJrCed7gCcAibymGBYi_ (bool)
_FuAa0apOXcBEDUbygoBKJgWdThLA_:_QEB9KlaajdYafdGKVY8bk0l8NsDA_ ()
_FuAa0apOXcBEDUbygoBKJgWdThLA_:.cctor ()
System.Runtime.CompilerServices.RuntimeHelpers:RunClassConstructor (System.RuntimeTypeHandle)
UnityEditor.EditorAssemblies:ProcessInitializeOnLoadAttributes (System.Type[])

Mono: successfully reloaded assembly
- Completed reload, in  2.297 seconds
Domain Reload Profiling:
	ReloadAssembly (2297ms)
		BeginReloadAssembly (142ms)
			ExecutionOrderSort (0ms)
			DisableScriptedObjects (5ms)
			BackupInstance (0ms)
			ReleaseScriptingObjects (0ms)
			CreateAndSetChildDomain (50ms)
		EndReloadAssembly (2069ms)
			LoadAssemblies (119ms)
			RebuildTransferFunctionScriptingTraits (0ms)
			SetupTypeCache (357ms)
			ReleaseScriptCaches (1ms)
			RebuildScriptCaches (61ms)
			SetupLoadedEditorAssemblies (1396ms)
				LogAssemblyErrors (0ms)
				InitializePlatformSupportModulesInManaged (6ms)
				SetLoadedEditorAssemblies (1ms)
				RefreshPlugins (1ms)
				BeforeProcessingInitializeOnLoad (99ms)
				ProcessInitializeOnLoadAttributes (1201ms)
				ProcessInitializeOnLoadMethodAttributes (85ms)
				AfterProcessingInitializeOnLoad (2ms)
				EditorAssembliesLoaded (1ms)
			ExecutionOrderSort2 (0ms)
			AwakeInstancesAfterBackupRestoration (12ms)
Platform modules already initialized, skipping
Shader 'MTE/Specialized/Mali 400/Surface/2 Textures/Bumped': fallback shader 'MTE/Specialized/Mali 400/Legacy/2 Textures/Diffuse' not found
Shader 'MTE/Specialized/Mali 400/Surface/3 Textures/Bumped': fallback shader 'MTE/Specialized/Mali 400/Legacy/3 Textures/Diffuse' not found
Refreshing native plugins compatible for Editor in 1.82 ms, found 0 plugins.
Preloading 0 native plugins for Editor in 0.00 ms.
Unloading 3767 Unused Serialized files (Serialized files now loaded: 0)
System memory in use before: 336.2 MB.
System memory in use after: 336.5 MB.

Unloading 9 unused Assets to reduce memory usage. Loaded Objects now: 4532.
Total: 8.858100 ms (FindLiveObjects: 1.116500 ms CreateObjectMapping: 0.476700 ms MarkObjects: 7.212700 ms  DeleteObjects: 0.049300 ms)

AssetImportParameters requested are different than current active one (requested -> active):
  custom:framework-win-MediaFoundation: 216162199b28c13a410421893ffa2e32 -> 
  custom:video-decoder-ogg-theora: a1e56fd34408186e4bbccfd4996cb3dc -> 
  custom:container-muxer-webm: aa71ff27fc2769a1b78a27578f13a17b -> 
  custom:container-demuxer-webm: 4f35f7cbe854078d1ac9338744f61a02 -> 
  custom:container-demuxer-ogg: 62fdf1f143b41e24485cea50d1cbac27 -> 
  custom:video-encoder-webm-vp8: eb34c28f22e8b96e1ab97ce403110664 -> 
  custom:video-codec-MediaFoundation-h265: 746d11721c4dcdbdad8f713fa42b33f4 -> 
  custom:video-decoder-webm-vp8: 9c59270c3fd7afecdb556c50c9e8de78 -> 
  custom:audio-decoder-ogg-vorbis: bf7c407c2cedff20999df2af8eb42d56 -> 
  custom:audio-encoder-webm-vorbis: bf7c407c2cedff20999df2af8eb42d56 -> 
========================================================================
Received Import Request.
  Time since last request: 302.179717 seconds.
  path: Assets/章節/第一章/圍牆2.fbx
  artifactKey: Guid(0fa0a96f1e3f2c74e9fb804c17855e54) Importer(815301076,1909f56bfc062723c751e8b465ee728b)
Start importing Assets/章節/第一章/圍牆2.fbx using Guid(0fa0a96f1e3f2c74e9fb804c17855e54) Importer(815301076,1909f56bfc062723c751e8b465ee728b)  -> (artifact id: '0ded4f60be0c097ce75710af87389fc6') in 0.891784 seconds 
  Import took 0.900625 seconds .

========================================================================
Received Import Request.
  Time since last request: 29.513555 seconds.
  path: Assets/章節/第一章/圍牆.fbx
  artifactKey: Guid(687f0547415bc984bab6a2471ea294be) Importer(815301076,1909f56bfc062723c751e8b465ee728b)
Start importing Assets/章節/第一章/圍牆.fbx using Guid(687f0547415bc984bab6a2471ea294be) Importer(815301076,1909f56bfc062723c751e8b465ee728b)  -> (artifact id: 'c85666321d21e236480d704abbbcc61d') in 0.144466 seconds 
  Import took 0.154941 seconds .

========================================================================
Received Prepare
Registering precompiled user dll's ...
Registered in 0.003729 seconds.
Begin MonoManager ReloadAssembly
Native extension for WindowsStandalone target not found
Refreshing native plugins compatible for Editor in 1.06 ms, found 0 plugins.
Preloading 0 native plugins for Editor in 0.00 ms.
Initializing Mesh Terrain Editor v3.8.3f3 on Unity 2020.3.21f1...
UnityEngine.StackTraceUtility:ExtractStackTrace ()
UnityEngine.DebugLogHandler:LogFormat (UnityEngine.LogType,UnityEngine.Object,string,object[])
UnityEngine.Logger:Log (UnityEngine.LogType,object)
UnityEngine.Debug:Log (object)
_FuAa0apOXcBEDUbygoBKJgWdThLA_:‎⁭​⁫‮⁫⁯⁯‌⁬‪⁬​⁮‮‪⁫‏​⁫‎⁯⁫‫​‎⁫‎⁪⁪‮​‍‬‏⁮⁫‫⁪‎‮ (object)
_FuAa0apOXcBEDUbygoBKJgWdThLA_:_uszO4IMycJrCed7gCcAibymGBYi_ (bool)
_FuAa0apOXcBEDUbygoBKJgWdThLA_:_QEB9KlaajdYafdGKVY8bk0l8NsDA_ ()
_FuAa0apOXcBEDUbygoBKJgWdThLA_:.cctor ()
System.Runtime.CompilerServices.RuntimeHelpers:RunClassConstructor (System.RuntimeTypeHandle)
UnityEditor.EditorAssemblies:ProcessInitializeOnLoadAttributes (System.Type[])

[MTE]找不到Amplify Shader Editor，基于ASE的功能可能无法使用。请升级ASE到最新版本重启Unity再试。
UnityEngine.StackTraceUtility:ExtractStackTrace ()
UnityEngine.DebugLogHandler:LogFormat (UnityEngine.LogType,UnityEngine.Object,string,object[])
UnityEngine.Logger:Log (UnityEngine.LogType,object)
UnityEngine.Debug:LogWarning (object)
MTE.MTEDebug:‏‭‎‏‭⁯‌⁫⁪‬⁮‎⁬‫⁮⁮​‮⁯‪⁭⁪⁭⁭‌‏‮‏‌⁪⁬⁮‏‪⁪‭⁪‮‏⁭‮ (object)
MTE.MTEDebug:LogWarning (string)
_FuAa0apOXcBEDUbygoBKJgWdThLA_:_uszO4IMycJrCed7gCcAibymGBYi_ (bool)
_FuAa0apOXcBEDUbygoBKJgWdThLA_:_QEB9KlaajdYafdGKVY8bk0l8NsDA_ ()
_FuAa0apOXcBEDUbygoBKJgWdThLA_:.cctor ()
System.Runtime.CompilerServices.RuntimeHelpers:RunClassConstructor (System.RuntimeTypeHandle)
UnityEditor.EditorAssemblies:ProcessInitializeOnLoadAttributes (System.Type[])

Initializing Mesh Terrain Editor...Done
UnityEngine.StackTraceUtility:ExtractStackTrace ()
UnityEngine.DebugLogHandler:LogFormat (UnityEngine.LogType,UnityEngine.Object,string,object[])
UnityEngine.Logger:Log (UnityEngine.LogType,object)
UnityEngine.Debug:Log (object)
_FuAa0apOXcBEDUbygoBKJgWdThLA_:‎⁭​⁫‮⁫⁯⁯‌⁬‪⁬​⁮‮‪⁫‏​⁫‎⁯⁫‫​‎⁫‎⁪⁪‮​‍‬‏⁮⁫‫⁪‎‮ (object)
_FuAa0apOXcBEDUbygoBKJgWdThLA_:_uszO4IMycJrCed7gCcAibymGBYi_ (bool)
_FuAa0apOXcBEDUbygoBKJgWdThLA_:_QEB9KlaajdYafdGKVY8bk0l8NsDA_ ()
_FuAa0apOXcBEDUbygoBKJgWdThLA_:.cctor ()
System.Runtime.CompilerServices.RuntimeHelpers:RunClassConstructor (System.RuntimeTypeHandle)
UnityEditor.EditorAssemblies:ProcessInitializeOnLoadAttributes (System.Type[])

Mono: successfully reloaded assembly
- Completed reload, in  2.376 seconds
Domain Reload Profiling:
	ReloadAssembly (2376ms)
		BeginReloadAssembly (172ms)
			ExecutionOrderSort (0ms)
			DisableScriptedObjects (8ms)
			BackupInstance (0ms)
			ReleaseScriptingObjects (0ms)
			CreateAndSetChildDomain (53ms)
		EndReloadAssembly (2127ms)
			LoadAssemblies (110ms)
			RebuildTransferFunctionScriptingTraits (0ms)
			SetupTypeCache (367ms)
			ReleaseScriptCaches (2ms)
			RebuildScriptCaches (64ms)
			SetupLoadedEditorAssemblies (1407ms)
				LogAssemblyErrors (0ms)
				InitializePlatformSupportModulesInManaged (5ms)
				SetLoadedEditorAssemblies (1ms)
				RefreshPlugins (1ms)
				BeforeProcessingInitializeOnLoad (106ms)
				ProcessInitializeOnLoadAttributes (1210ms)
				ProcessInitializeOnLoadMethodAttributes (81ms)
				AfterProcessingInitializeOnLoad (2ms)
				EditorAssembliesLoaded (1ms)
			ExecutionOrderSort2 (0ms)
			AwakeInstancesAfterBackupRestoration (22ms)
Platform modules already initialized, skipping
Shader 'MTE/Specialized/Mali 400/Surface/2 Textures/Bumped': fallback shader 'MTE/Specialized/Mali 400/Legacy/2 Textures/Diffuse' not found
Shader 'MTE/Specialized/Mali 400/Surface/3 Textures/Bumped': fallback shader 'MTE/Specialized/Mali 400/Legacy/3 Textures/Diffuse' not found
Refreshing native plugins compatible for Editor in 1.46 ms, found 0 plugins.
Preloading 0 native plugins for Editor in 0.00 ms.
Unloading 3767 Unused Serialized files (Serialized files now loaded: 0)
System memory in use before: 338.9 MB.
System memory in use after: 339.1 MB.

Unloading 9 unused Assets to reduce memory usage. Loaded Objects now: 4582.
Total: 5.502800 ms (FindLiveObjects: 0.797000 ms CreateObjectMapping: 0.361700 ms MarkObjects: 4.323300 ms  DeleteObjects: 0.019400 ms)

AssetImportParameters requested are different than current active one (requested -> active):
  custom:framework-win-MediaFoundation: 216162199b28c13a410421893ffa2e32 -> 
  custom:video-decoder-ogg-theora: a1e56fd34408186e4bbccfd4996cb3dc -> 
  custom:container-muxer-webm: aa71ff27fc2769a1b78a27578f13a17b -> 
  custom:container-demuxer-webm: 4f35f7cbe854078d1ac9338744f61a02 -> 
  custom:container-demuxer-ogg: 62fdf1f143b41e24485cea50d1cbac27 -> 
  custom:video-encoder-webm-vp8: eb34c28f22e8b96e1ab97ce403110664 -> 
  custom:video-codec-MediaFoundation-h265: 746d11721c4dcdbdad8f713fa42b33f4 -> 
  custom:video-decoder-webm-vp8: 9c59270c3fd7afecdb556c50c9e8de78 -> 
  custom:audio-decoder-ogg-vorbis: bf7c407c2cedff20999df2af8eb42d56 -> 
  custom:audio-encoder-webm-vorbis: bf7c407c2cedff20999df2af8eb42d56 -> 
========================================================================
Received Import Request.
  Time since last request: 133.847303 seconds.
  path: Assets/章節/第一章/教室
  artifactKey: Guid(c4ab2e20f16fdbe4db1745cc2e2ffca8) Importer(815301076,1909f56bfc062723c751e8b465ee728b)
Start importing Assets/章節/第一章/教室 using Guid(c4ab2e20f16fdbe4db1745cc2e2ffca8) Importer(815301076,1909f56bfc062723c751e8b465ee728b)  -> (artifact id: 'e75fbfd5c010069d02a0c176344b4b91') in 0.013493 seconds 
  Import took 0.022675 seconds .

========================================================================
Received Import Request.
  Time since last request: 1.156295 seconds.
  path: Assets/章節/第一章/教室.unity
  artifactKey: Guid(9fc0d4010bbf28b4594072e72b8655ab) Importer(815301076,1909f56bfc062723c751e8b465ee728b)
Start importing Assets/章節/第一章/教室.unity using Guid(9fc0d4010bbf28b4594072e72b8655ab) Importer(815301076,1909f56bfc062723c751e8b465ee728b)  -> (artifact id: '186fe0d78c467fb498616fa0ffd79082') in 0.038408 seconds 
  Import took 0.047338 seconds .

========================================================================
Received Prepare
Registering precompiled user dll's ...
Registered in 0.002300 seconds.
Begin MonoManager ReloadAssembly
Native extension for WindowsStandalone target not found
Refreshing native plugins compatible for Editor in 1.11 ms, found 0 plugins.
Preloading 0 native plugins for Editor in 0.00 ms.
Initializing Mesh Terrain Editor v3.8.3f3 on Unity 2020.3.21f1...
UnityEngine.StackTraceUtility:ExtractStackTrace ()
UnityEngine.DebugLogHandler:LogFormat (UnityEngine.LogType,UnityEngine.Object,string,object[])
UnityEngine.Logger:Log (UnityEngine.LogType,object)
UnityEngine.Debug:Log (object)
_FuAa0apOXcBEDUbygoBKJgWdThLA_:‎⁭​⁫‮⁫⁯⁯‌⁬‪⁬​⁮‮‪⁫‏​⁫‎⁯⁫‫​‎⁫‎⁪⁪‮​‍‬‏⁮⁫‫⁪‎‮ (object)
_FuAa0apOXcBEDUbygoBKJgWdThLA_:_uszO4IMycJrCed7gCcAibymGBYi_ (bool)
_FuAa0apOXcBEDUbygoBKJgWdThLA_:_QEB9KlaajdYafdGKVY8bk0l8NsDA_ ()
_FuAa0apOXcBEDUbygoBKJgWdThLA_:.cctor ()
System.Runtime.CompilerServices.RuntimeHelpers:RunClassConstructor (System.RuntimeTypeHandle)
UnityEditor.EditorAssemblies:ProcessInitializeOnLoadAttributes (System.Type[])

[MTE]找不到Amplify Shader Editor，基于ASE的功能可能无法使用。请升级ASE到最新版本重启Unity再试。
UnityEngine.StackTraceUtility:ExtractStackTrace ()
UnityEngine.DebugLogHandler:LogFormat (UnityEngine.LogType,UnityEngine.Object,string,object[])
UnityEngine.Logger:Log (UnityEngine.LogType,object)
UnityEngine.Debug:LogWarning (object)
MTE.MTEDebug:‏‭‎‏‭⁯‌⁫⁪‬⁮‎⁬‫⁮⁮​‮⁯‪⁭⁪⁭⁭‌‏‮‏‌⁪⁬⁮‏‪⁪‭⁪‮‏⁭‮ (object)
MTE.MTEDebug:LogWarning (string)
_FuAa0apOXcBEDUbygoBKJgWdThLA_:_uszO4IMycJrCed7gCcAibymGBYi_ (bool)
_FuAa0apOXcBEDUbygoBKJgWdThLA_:_QEB9KlaajdYafdGKVY8bk0l8NsDA_ ()
_FuAa0apOXcBEDUbygoBKJgWdThLA_:.cctor ()
System.Runtime.CompilerServices.RuntimeHelpers:RunClassConstructor (System.RuntimeTypeHandle)
UnityEditor.EditorAssemblies:ProcessInitializeOnLoadAttributes (System.Type[])

Initializing Mesh Terrain Editor...Done
UnityEngine.StackTraceUtility:ExtractStackTrace ()
UnityEngine.DebugLogHandler:LogFormat (UnityEngine.LogType,UnityEngine.Object,string,object[])
UnityEngine.Logger:Log (UnityEngine.LogType,object)
UnityEngine.Debug:Log (object)
_FuAa0apOXcBEDUbygoBKJgWdThLA_:‎⁭​⁫‮⁫⁯⁯‌⁬‪⁬​⁮‮‪⁫‏​⁫‎⁯⁫‫​‎⁫‎⁪⁪‮​‍‬‏⁮⁫‫⁪‎‮ (object)
_FuAa0apOXcBEDUbygoBKJgWdThLA_:_uszO4IMycJrCed7gCcAibymGBYi_ (bool)
_FuAa0apOXcBEDUbygoBKJgWdThLA_:_QEB9KlaajdYafdGKVY8bk0l8NsDA_ ()
_FuAa0apOXcBEDUbygoBKJgWdThLA_:.cctor ()
System.Runtime.CompilerServices.RuntimeHelpers:RunClassConstructor (System.RuntimeTypeHandle)
UnityEditor.EditorAssemblies:ProcessInitializeOnLoadAttributes (System.Type[])

Mono: successfully reloaded assembly
- Completed reload, in  2.337 seconds
Domain Reload Profiling:
	ReloadAssembly (2338ms)
		BeginReloadAssembly (139ms)
			ExecutionOrderSort (0ms)
			DisableScriptedObjects (7ms)
			BackupInstance (0ms)
			ReleaseScriptingObjects (0ms)
			CreateAndSetChildDomain (48ms)
		EndReloadAssembly (2121ms)
			LoadAssemblies (118ms)
			RebuildTransferFunctionScriptingTraits (0ms)
			SetupTypeCache (357ms)
			ReleaseScriptCaches (1ms)
			RebuildScriptCaches (61ms)
			SetupLoadedEditorAssemblies (1405ms)
				LogAssemblyErrors (0ms)
				InitializePlatformSupportModulesInManaged (5ms)
				SetLoadedEditorAssemblies (1ms)
				RefreshPlugins (1ms)
				BeforeProcessingInitializeOnLoad (107ms)
				ProcessInitializeOnLoadAttributes (1200ms)
				ProcessInitializeOnLoadMethodAttributes (88ms)
				AfterProcessingInitializeOnLoad (2ms)
				EditorAssembliesLoaded (0ms)
			ExecutionOrderSort2 (0ms)
			AwakeInstancesAfterBackupRestoration (19ms)
Platform modules already initialized, skipping
Shader 'MTE/Specialized/Mali 400/Surface/2 Textures/Bumped': fallback shader 'MTE/Specialized/Mali 400/Legacy/2 Textures/Diffuse' not found
Shader 'MTE/Specialized/Mali 400/Surface/3 Textures/Bumped': fallback shader 'MTE/Specialized/Mali 400/Legacy/3 Textures/Diffuse' not found
Refreshing native plugins compatible for Editor in 1.60 ms, found 0 plugins.
Preloading 0 native plugins for Editor in 0.00 ms.
Unloading 3767 Unused Serialized files (Serialized files now loaded: 0)
System memory in use before: 338.9 MB.
System memory in use after: 339.2 MB.

Unloading 9 unused Assets to reduce memory usage. Loaded Objects now: 4585.
Total: 8.023500 ms (FindLiveObjects: 1.003100 ms CreateObjectMapping: 0.496400 ms MarkObjects: 6.492900 ms  DeleteObjects: 0.028800 ms)

AssetImportParameters requested are different than current active one (requested -> active):
  custom:framework-win-MediaFoundation: 216162199b28c13a410421893ffa2e32 -> 
  custom:video-decoder-ogg-theora: a1e56fd34408186e4bbccfd4996cb3dc -> 
  custom:container-muxer-webm: aa71ff27fc2769a1b78a27578f13a17b -> 
  custom:container-demuxer-webm: 4f35f7cbe854078d1ac9338744f61a02 -> 
  custom:container-demuxer-ogg: 62fdf1f143b41e24485cea50d1cbac27 -> 
  custom:video-encoder-webm-vp8: eb34c28f22e8b96e1ab97ce403110664 -> 
  custom:video-codec-MediaFoundation-h265: 746d11721c4dcdbdad8f713fa42b33f4 -> 
  custom:video-decoder-webm-vp8: 9c59270c3fd7afecdb556c50c9e8de78 -> 
  custom:audio-decoder-ogg-vorbis: bf7c407c2cedff20999df2af8eb42d56 -> 
  custom:audio-encoder-webm-vorbis: bf7c407c2cedff20999df2af8eb42d56 -> 
========================================================================
Received Import Request.
  Time since last request: 84.726222 seconds.
  path: Assets/DialogueSystem_Database/Breathe_Dialogue Database.asset
  artifactKey: Guid(f22fda5cb73f5b540b8aee8a01015d09) Importer(815301076,1909f56bfc062723c751e8b465ee728b)
Start importing Assets/DialogueSystem_Database/Breathe_Dialogue Database.asset using Guid(f22fda5cb73f5b540b8aee8a01015d09) Importer(815301076,1909f56bfc062723c751e8b465ee728b)  -> (artifact id: '6140877047a20f1b5da05ff58f1fe4fe') in 0.079447 seconds 
  Import took 0.089235 seconds .

========================================================================
Received Import Request.
  Time since last request: 0.000268 seconds.
  path: Assets/DialogueSystem_Database/Breathe_Dialogue Database (Auto-Backup).asset
  artifactKey: Guid(e826cfbf79dbe1d4a847994cda2d7341) Importer(815301076,1909f56bfc062723c751e8b465ee728b)
Start importing Assets/DialogueSystem_Database/Breathe_Dialogue Database (Auto-Backup).asset using Guid(e826cfbf79dbe1d4a847994cda2d7341) Importer(815301076,1909f56bfc062723c751e8b465ee728b)  -> (artifact id: 'eebe255bf6ef06d1b82cb86d5acca400') in 0.025045 seconds 
  Import took 0.032998 seconds .

========================================================================
Received Import Request.
  Time since last request: 0.000241 seconds.
  path: Assets/Plugins/Pixel Crushers/Dialogue System/Demo/Data/Demo Database.asset
  artifactKey: Guid(c1cc03cd82f6cdb40afbc0575be25564) Importer(815301076,1909f56bfc062723c751e8b465ee728b)
Start importing Assets/Plugins/Pixel Crushers/Dialogue System/Demo/Data/Demo Database.asset using Guid(c1cc03cd82f6cdb40afbc0575be25564) Importer(815301076,1909f56bfc062723c751e8b465ee728b)  -> (artifact id: '4e73edce48ca626adf7bc0d09fdddbfe') in 0.011350 seconds 
  Import took 0.018311 seconds .

========================================================================
Received Import Request.
  Time since last request: 0.000340 seconds.
  path: Assets/New Dialogue Database.asset
  artifactKey: Guid(4a7b19b2022397642936162a3aed2dc8) Importer(815301076,1909f56bfc062723c751e8b465ee728b)
Start importing Assets/New Dialogue Database.asset using Guid(4a7b19b2022397642936162a3aed2dc8) Importer(815301076,1909f56bfc062723c751e8b465ee728b)  -> (artifact id: '721f0c2bc393c9308b222e751994f330') in 0.011958 seconds 
  Import took 0.021947 seconds .

========================================================================
Received Import Request.
  Time since last request: 0.000317 seconds.
  path: Assets/Dialogue Database (Auto-Backup).asset
  artifactKey: Guid(e5b790ed9d9ab58498d6539d6992f77d) Importer(815301076,1909f56bfc062723c751e8b465ee728b)
Start importing Assets/Dialogue Database (Auto-Backup).asset using Guid(e5b790ed9d9ab58498d6539d6992f77d) Importer(815301076,1909f56bfc062723c751e8b465ee728b)  -> (artifact id: '54e1ebfede4c235581b4a73144574fcd') in 0.028235 seconds 
  Import took 0.035752 seconds .

========================================================================
Received Import Request.
  Time since last request: 36.431243 seconds.
  path: Assets/Plugins/Pixel Crushers/Dialogue System/Wrappers/MVC/Model/DialogueDatabase.cs
  artifactKey: Guid(935899b62f48ae5498594680ed17d133) Importer(815301076,1909f56bfc062723c751e8b465ee728b)
Start importing Assets/Plugins/Pixel Crushers/Dialogue System/Wrappers/MVC/Model/DialogueDatabase.cs using Guid(935899b62f48ae5498594680ed17d133) Importer(815301076,1909f56bfc062723c751e8b465ee728b)  -> (artifact id: '54d4cc0243ab124fcdd5fa585f5637f5') in 0.015810 seconds 
  Import took 0.022957 seconds .

========================================================================
Received Prepare
Registering precompiled user dll's ...
Registered in 0.002346 seconds.
Begin MonoManager ReloadAssembly
Native extension for WindowsStandalone target not found
Refreshing native plugins compatible for Editor in 0.98 ms, found 0 plugins.
Preloading 0 native plugins for Editor in 0.00 ms.
Initializing Mesh Terrain Editor v3.8.3f3 on Unity 2020.3.21f1...
UnityEngine.StackTraceUtility:ExtractStackTrace ()
UnityEngine.DebugLogHandler:LogFormat (UnityEngine.LogType,UnityEngine.Object,string,object[])
UnityEngine.Logger:Log (UnityEngine.LogType,object)
UnityEngine.Debug:Log (object)
_FuAa0apOXcBEDUbygoBKJgWdThLA_:‎⁭​⁫‮⁫⁯⁯‌⁬‪⁬​⁮‮‪⁫‏​⁫‎⁯⁫‫​‎⁫‎⁪⁪‮​‍‬‏⁮⁫‫⁪‎‮ (object)
_FuAa0apOXcBEDUbygoBKJgWdThLA_:_uszO4IMycJrCed7gCcAibymGBYi_ (bool)
_FuAa0apOXcBEDUbygoBKJgWdThLA_:_QEB9KlaajdYafdGKVY8bk0l8NsDA_ ()
_FuAa0apOXcBEDUbygoBKJgWdThLA_:.cctor ()
System.Runtime.CompilerServices.RuntimeHelpers:RunClassConstructor (System.RuntimeTypeHandle)
UnityEditor.EditorAssemblies:ProcessInitializeOnLoadAttributes (System.Type[])

[MTE]找不到Amplify Shader Editor，基于ASE的功能可能无法使用。请升级ASE到最新版本重启Unity再试。
UnityEngine.StackTraceUtility:ExtractStackTrace ()
UnityEngine.DebugLogHandler:LogFormat (UnityEngine.LogType,UnityEngine.Object,string,object[])
UnityEngine.Logger:Log (UnityEngine.LogType,object)
UnityEngine.Debug:LogWarning (object)
MTE.MTEDebug:‏‭‎‏‭⁯‌⁫⁪‬⁮‎⁬‫⁮⁮​‮⁯‪⁭⁪⁭⁭‌‏‮‏‌⁪⁬⁮‏‪⁪‭⁪‮‏⁭‮ (object)
MTE.MTEDebug:LogWarning (string)
_FuAa0apOXcBEDUbygoBKJgWdThLA_:_uszO4IMycJrCed7gCcAibymGBYi_ (bool)
_FuAa0apOXcBEDUbygoBKJgWdThLA_:_QEB9KlaajdYafdGKVY8bk0l8NsDA_ ()
_FuAa0apOXcBEDUbygoBKJgWdThLA_:.cctor ()
System.Runtime.CompilerServices.RuntimeHelpers:RunClassConstructor (System.RuntimeTypeHandle)
UnityEditor.EditorAssemblies:ProcessInitializeOnLoadAttributes (System.Type[])

Initializing Mesh Terrain Editor...Done
UnityEngine.StackTraceUtility:ExtractStackTrace ()
UnityEngine.DebugLogHandler:LogFormat (UnityEngine.LogType,UnityEngine.Object,string,object[])
UnityEngine.Logger:Log (UnityEngine.LogType,object)
UnityEngine.Debug:Log (object)
_FuAa0apOXcBEDUbygoBKJgWdThLA_:‎⁭​⁫‮⁫⁯⁯‌⁬‪⁬​⁮‮‪⁫‏​⁫‎⁯⁫‫​‎⁫‎⁪⁪‮​‍‬‏⁮⁫‫⁪‎‮ (object)
_FuAa0apOXcBEDUbygoBKJgWdThLA_:_uszO4IMycJrCed7gCcAibymGBYi_ (bool)
_FuAa0apOXcBEDUbygoBKJgWdThLA_:_QEB9KlaajdYafdGKVY8bk0l8NsDA_ ()
_FuAa0apOXcBEDUbygoBKJgWdThLA_:.cctor ()
System.Runtime.CompilerServices.RuntimeHelpers:RunClassConstructor (System.RuntimeTypeHandle)
UnityEditor.EditorAssemblies:ProcessInitializeOnLoadAttributes (System.Type[])

Mono: successfully reloaded assembly
- Completed reload, in  2.370 seconds
Domain Reload Profiling:
	ReloadAssembly (2370ms)
		BeginReloadAssembly (130ms)
			ExecutionOrderSort (0ms)
			DisableScriptedObjects (9ms)
			BackupInstance (0ms)
			ReleaseScriptingObjects (0ms)
			CreateAndSetChildDomain (41ms)
		EndReloadAssembly (2164ms)
			LoadAssemblies (104ms)
			RebuildTransferFunctionScriptingTraits (0ms)
			SetupTypeCache (383ms)
			ReleaseScriptCaches (2ms)
			RebuildScriptCaches (77ms)
			SetupLoadedEditorAssemblies (1411ms)
				LogAssemblyErrors (0ms)
				InitializePlatformSupportModulesInManaged (5ms)
				SetLoadedEditorAssemblies (1ms)
				RefreshPlugins (1ms)
				BeforeProcessingInitializeOnLoad (115ms)
				ProcessInitializeOnLoadAttributes (1205ms)
				ProcessInitializeOnLoadMethodAttributes (81ms)
				AfterProcessingInitializeOnLoad (3ms)
				EditorAssembliesLoaded (0ms)
			ExecutionOrderSort2 (0ms)
			AwakeInstancesAfterBackupRestoration (19ms)
Platform modules already initialized, skipping
Shader 'MTE/Specialized/Mali 400/Surface/2 Textures/Bumped': fallback shader 'MTE/Specialized/Mali 400/Legacy/2 Textures/Diffuse' not found
Shader 'MTE/Specialized/Mali 400/Surface/3 Textures/Bumped': fallback shader 'MTE/Specialized/Mali 400/Legacy/3 Textures/Diffuse' not found
Refreshing native plugins compatible for Editor in 1.21 ms, found 0 plugins.
Preloading 0 native plugins for Editor in 0.00 ms.
Unloading 3767 Unused Serialized files (Serialized files now loaded: 0)
System memory in use before: 338.9 MB.
System memory in use after: 339.2 MB.

Unloading 9 unused Assets to reduce memory usage. Loaded Objects now: 4588.
Total: 6.920200 ms (FindLiveObjects: 0.726500 ms CreateObjectMapping: 0.332500 ms MarkObjects: 5.833600 ms  DeleteObjects: 0.026300 ms)

AssetImportParameters requested are different than current active one (requested -> active):
  custom:framework-win-MediaFoundation: 216162199b28c13a410421893ffa2e32 -> 
  custom:video-decoder-ogg-theora: a1e56fd34408186e4bbccfd4996cb3dc -> 
  custom:container-muxer-webm: aa71ff27fc2769a1b78a27578f13a17b -> 
  custom:container-demuxer-webm: 4f35f7cbe854078d1ac9338744f61a02 -> 
  custom:container-demuxer-ogg: 62fdf1f143b41e24485cea50d1cbac27 -> 
  custom:video-encoder-webm-vp8: eb34c28f22e8b96e1ab97ce403110664 -> 
  custom:video-codec-MediaFoundation-h265: 746d11721c4dcdbdad8f713fa42b33f4 -> 
  custom:video-decoder-webm-vp8: 9c59270c3fd7afecdb556c50c9e8de78 -> 
  custom:audio-decoder-ogg-vorbis: bf7c407c2cedff20999df2af8eb42d56 -> 
  custom:audio-encoder-webm-vorbis: bf7c407c2cedff20999df2af8eb42d56 -> 
========================================================================
Received Prepare
Registering precompiled user dll's ...
Registered in 0.002291 seconds.
Begin MonoManager ReloadAssembly
Native extension for WindowsStandalone target not found
Refreshing native plugins compatible for Editor in 1.77 ms, found 0 plugins.
Preloading 0 native plugins for Editor in 0.00 ms.
Initializing Mesh Terrain Editor v3.8.3f3 on Unity 2020.3.21f1...
UnityEngine.StackTraceUtility:ExtractStackTrace ()
UnityEngine.DebugLogHandler:LogFormat (UnityEngine.LogType,UnityEngine.Object,string,object[])
UnityEngine.Logger:Log (UnityEngine.LogType,object)
UnityEngine.Debug:Log (object)
_FuAa0apOXcBEDUbygoBKJgWdThLA_:‎⁭​⁫‮⁫⁯⁯‌⁬‪⁬​⁮‮‪⁫‏​⁫‎⁯⁫‫​‎⁫‎⁪⁪‮​‍‬‏⁮⁫‫⁪‎‮ (object)
_FuAa0apOXcBEDUbygoBKJgWdThLA_:_uszO4IMycJrCed7gCcAibymGBYi_ (bool)
_FuAa0apOXcBEDUbygoBKJgWdThLA_:_QEB9KlaajdYafdGKVY8bk0l8NsDA_ ()
_FuAa0apOXcBEDUbygoBKJgWdThLA_:.cctor ()
System.Runtime.CompilerServices.RuntimeHelpers:RunClassConstructor (System.RuntimeTypeHandle)
UnityEditor.EditorAssemblies:ProcessInitializeOnLoadAttributes (System.Type[])

[MTE]找不到Amplify Shader Editor，基于ASE的功能可能无法使用。请升级ASE到最新版本重启Unity再试。
UnityEngine.StackTraceUtility:ExtractStackTrace ()
UnityEngine.DebugLogHandler:LogFormat (UnityEngine.LogType,UnityEngine.Object,string,object[])
UnityEngine.Logger:Log (UnityEngine.LogType,object)
UnityEngine.Debug:LogWarning (object)
MTE.MTEDebug:‏‭‎‏‭⁯‌⁫⁪‬⁮‎⁬‫⁮⁮​‮⁯‪⁭⁪⁭⁭‌‏‮‏‌⁪⁬⁮‏‪⁪‭⁪‮‏⁭‮ (object)
MTE.MTEDebug:LogWarning (string)
_FuAa0apOXcBEDUbygoBKJgWdThLA_:_uszO4IMycJrCed7gCcAibymGBYi_ (bool)
_FuAa0apOXcBEDUbygoBKJgWdThLA_:_QEB9KlaajdYafdGKVY8bk0l8NsDA_ ()
_FuAa0apOXcBEDUbygoBKJgWdThLA_:.cctor ()
System.Runtime.CompilerServices.RuntimeHelpers:RunClassConstructor (System.RuntimeTypeHandle)
UnityEditor.EditorAssemblies:ProcessInitializeOnLoadAttributes (System.Type[])

Initializing Mesh Terrain Editor...Done
UnityEngine.StackTraceUtility:ExtractStackTrace ()
UnityEngine.DebugLogHandler:LogFormat (UnityEngine.LogType,UnityEngine.Object,string,object[])
UnityEngine.Logger:Log (UnityEngine.LogType,object)
UnityEngine.Debug:Log (object)
_FuAa0apOXcBEDUbygoBKJgWdThLA_:‎⁭​⁫‮⁫⁯⁯‌⁬‪⁬​⁮‮‪⁫‏​⁫‎⁯⁫‫​‎⁫‎⁪⁪‮​‍‬‏⁮⁫‫⁪‎‮ (object)
_FuAa0apOXcBEDUbygoBKJgWdThLA_:_uszO4IMycJrCed7gCcAibymGBYi_ (bool)
_FuAa0apOXcBEDUbygoBKJgWdThLA_:_QEB9KlaajdYafdGKVY8bk0l8NsDA_ ()
_FuAa0apOXcBEDUbygoBKJgWdThLA_:.cctor ()
System.Runtime.CompilerServices.RuntimeHelpers:RunClassConstructor (System.RuntimeTypeHandle)
UnityEditor.EditorAssemblies:ProcessInitializeOnLoadAttributes (System.Type[])

Mono: successfully reloaded assembly
- Completed reload, in  2.254 seconds
Domain Reload Profiling:
	ReloadAssembly (2254ms)
		BeginReloadAssembly (124ms)
			ExecutionOrderSort (0ms)
			DisableScriptedObjects (10ms)
			BackupInstance (0ms)
			ReleaseScriptingObjects (0ms)
			CreateAndSetChildDomain (42ms)
		EndReloadAssembly (2055ms)
			LoadAssemblies (109ms)
			RebuildTransferFunctionScriptingTraits (0ms)
			SetupTypeCache (339ms)
			ReleaseScriptCaches (2ms)
			RebuildScriptCaches (62ms)
			SetupLoadedEditorAssemblies (1363ms)
				LogAssemblyErrors (0ms)
				InitializePlatformSupportModulesInManaged (5ms)
				SetLoadedEditorAssemblies (1ms)
				RefreshPlugins (2ms)
				BeforeProcessingInitializeOnLoad (95ms)
				ProcessInitializeOnLoadAttributes (1177ms)
				ProcessInitializeOnLoadMethodAttributes (82ms)
				AfterProcessingInitializeOnLoad (2ms)
				EditorAssembliesLoaded (1ms)
			ExecutionOrderSort2 (0ms)
			AwakeInstancesAfterBackupRestoration (20ms)
Platform modules already initialized, skipping
Shader 'MTE/Specialized/Mali 400/Surface/2 Textures/Bumped': fallback shader 'MTE/Specialized/Mali 400/Legacy/2 Textures/Diffuse' not found
Shader 'MTE/Specialized/Mali 400/Surface/3 Textures/Bumped': fallback shader 'MTE/Specialized/Mali 400/Legacy/3 Textures/Diffuse' not found
Refreshing native plugins compatible for Editor in 2.54 ms, found 0 plugins.
Preloading 0 native plugins for Editor in 0.00 ms.
Unloading 3767 Unused Serialized files (Serialized files now loaded: 0)
System memory in use before: 338.9 MB.
System memory in use after: 339.2 MB.

Unloading 9 unused Assets to reduce memory usage. Loaded Objects now: 4591.
Total: 6.979800 ms (FindLiveObjects: 0.828500 ms CreateObjectMapping: 0.317200 ms MarkObjects: 5.809300 ms  DeleteObjects: 0.023000 ms)

AssetImportParameters requested are different than current active one (requested -> active):
  custom:framework-win-MediaFoundation: 216162199b28c13a410421893ffa2e32 -> 
  custom:video-decoder-ogg-theora: a1e56fd34408186e4bbccfd4996cb3dc -> 
  custom:container-muxer-webm: aa71ff27fc2769a1b78a27578f13a17b -> 
  custom:container-demuxer-webm: 4f35f7cbe854078d1ac9338744f61a02 -> 
  custom:container-demuxer-ogg: 62fdf1f143b41e24485cea50d1cbac27 -> 
  custom:video-encoder-webm-vp8: eb34c28f22e8b96e1ab97ce403110664 -> 
  custom:video-codec-MediaFoundation-h265: 746d11721c4dcdbdad8f713fa42b33f4 -> 
  custom:video-decoder-webm-vp8: 9c59270c3fd7afecdb556c50c9e8de78 -> 
  custom:audio-decoder-ogg-vorbis: bf7c407c2cedff20999df2af8eb42d56 -> 
  custom:audio-encoder-webm-vorbis: bf7c407c2cedff20999df2af8eb42d56 -> 
========================================================================
Received Prepare
Registering precompiled user dll's ...
Registered in 0.002250 seconds.
Begin MonoManager ReloadAssembly
Native extension for WindowsStandalone target not found
Refreshing native plugins compatible for Editor in 0.97 ms, found 0 plugins.
Preloading 0 native plugins for Editor in 0.00 ms.
Initializing Mesh Terrain Editor v3.8.3f3 on Unity 2020.3.21f1...
UnityEngine.StackTraceUtility:ExtractStackTrace ()
UnityEngine.DebugLogHandler:LogFormat (UnityEngine.LogType,UnityEngine.Object,string,object[])
UnityEngine.Logger:Log (UnityEngine.LogType,object)
UnityEngine.Debug:Log (object)
_FuAa0apOXcBEDUbygoBKJgWdThLA_:‎⁭​⁫‮⁫⁯⁯‌⁬‪⁬​⁮‮‪⁫‏​⁫‎⁯⁫‫​‎⁫‎⁪⁪‮​‍‬‏⁮⁫‫⁪‎‮ (object)
_FuAa0apOXcBEDUbygoBKJgWdThLA_:_uszO4IMycJrCed7gCcAibymGBYi_ (bool)
_FuAa0apOXcBEDUbygoBKJgWdThLA_:_QEB9KlaajdYafdGKVY8bk0l8NsDA_ ()
_FuAa0apOXcBEDUbygoBKJgWdThLA_:.cctor ()
System.Runtime.CompilerServices.RuntimeHelpers:RunClassConstructor (System.RuntimeTypeHandle)
UnityEditor.EditorAssemblies:ProcessInitializeOnLoadAttributes (System.Type[])

[MTE]找不到Amplify Shader Editor，基于ASE的功能可能无法使用。请升级ASE到最新版本重启Unity再试。
UnityEngine.StackTraceUtility:ExtractStackTrace ()
UnityEngine.DebugLogHandler:LogFormat (UnityEngine.LogType,UnityEngine.Object,string,object[])
UnityEngine.Logger:Log (UnityEngine.LogType,object)
UnityEngine.Debug:LogWarning (object)
MTE.MTEDebug:‏‭‎‏‭⁯‌⁫⁪‬⁮‎⁬‫⁮⁮​‮⁯‪⁭⁪⁭⁭‌‏‮‏‌⁪⁬⁮‏‪⁪‭⁪‮‏⁭‮ (object)
MTE.MTEDebug:LogWarning (string)
_FuAa0apOXcBEDUbygoBKJgWdThLA_:_uszO4IMycJrCed7gCcAibymGBYi_ (bool)
_FuAa0apOXcBEDUbygoBKJgWdThLA_:_QEB9KlaajdYafdGKVY8bk0l8NsDA_ ()
_FuAa0apOXcBEDUbygoBKJgWdThLA_:.cctor ()
System.Runtime.CompilerServices.RuntimeHelpers:RunClassConstructor (System.RuntimeTypeHandle)
UnityEditor.EditorAssemblies:ProcessInitializeOnLoadAttributes (System.Type[])

Initializing Mesh Terrain Editor...Done
UnityEngine.StackTraceUtility:ExtractStackTrace ()
UnityEngine.DebugLogHandler:LogFormat (UnityEngine.LogType,UnityEngine.Object,string,object[])
UnityEngine.Logger:Log (UnityEngine.LogType,object)
UnityEngine.Debug:Log (object)
_FuAa0apOXcBEDUbygoBKJgWdThLA_:‎⁭​⁫‮⁫⁯⁯‌⁬‪⁬​⁮‮‪⁫‏​⁫‎⁯⁫‫​‎⁫‎⁪⁪‮​‍‬‏⁮⁫‫⁪‎‮ (object)
_FuAa0apOXcBEDUbygoBKJgWdThLA_:_uszO4IMycJrCed7gCcAibymGBYi_ (bool)
_FuAa0apOXcBEDUbygoBKJgWdThLA_:_QEB9KlaajdYafdGKVY8bk0l8NsDA_ ()
_FuAa0apOXcBEDUbygoBKJgWdThLA_:.cctor ()
System.Runtime.CompilerServices.RuntimeHelpers:RunClassConstructor (System.RuntimeTypeHandle)
UnityEditor.EditorAssemblies:ProcessInitializeOnLoadAttributes (System.Type[])

Mono: successfully reloaded assembly
- Completed reload, in  2.364 seconds
Domain Reload Profiling:
	ReloadAssembly (2366ms)
		BeginReloadAssembly (128ms)
			ExecutionOrderSort (0ms)
			DisableScriptedObjects (5ms)
			BackupInstance (0ms)
			ReleaseScriptingObjects (0ms)
			CreateAndSetChildDomain (47ms)
		EndReloadAssembly (2171ms)
			LoadAssemblies (101ms)
			RebuildTransferFunctionScriptingTraits (0ms)
			SetupTypeCache (370ms)
			ReleaseScriptCaches (1ms)
			RebuildScriptCaches (70ms)
			SetupLoadedEditorAssemblies (1426ms)
				LogAssemblyErrors (0ms)
				InitializePlatformSupportModulesInManaged (5ms)
				SetLoadedEditorAssemblies (1ms)
				RefreshPlugins (1ms)
				BeforeProcessingInitializeOnLoad (98ms)
				ProcessInitializeOnLoadAttributes (1225ms)
				ProcessInitializeOnLoadMethodAttributes (92ms)
				AfterProcessingInitializeOnLoad (4ms)
				EditorAssembliesLoaded (1ms)
			ExecutionOrderSort2 (0ms)
			AwakeInstancesAfterBackupRestoration (26ms)
Platform modules already initialized, skipping
Shader 'MTE/Specialized/Mali 400/Surface/2 Textures/Bumped': fallback shader 'MTE/Specialized/Mali 400/Legacy/2 Textures/Diffuse' not found
Shader 'MTE/Specialized/Mali 400/Surface/3 Textures/Bumped': fallback shader 'MTE/Specialized/Mali 400/Legacy/3 Textures/Diffuse' not found
Refreshing native plugins compatible for Editor in 1.82 ms, found 0 plugins.
Preloading 0 native plugins for Editor in 0.00 ms.
Unloading 3767 Unused Serialized files (Serialized files now loaded: 0)
System memory in use before: 338.9 MB.
System memory in use after: 339.2 MB.

Unloading 9 unused Assets to reduce memory usage. Loaded Objects now: 4594.
Total: 10.156600 ms (FindLiveObjects: 0.998700 ms CreateObjectMapping: 0.432900 ms MarkObjects: 8.689100 ms  DeleteObjects: 0.033200 ms)

AssetImportParameters requested are different than current active one (requested -> active):
  custom:framework-win-MediaFoundation: 216162199b28c13a410421893ffa2e32 -> 
  custom:video-decoder-ogg-theora: a1e56fd34408186e4bbccfd4996cb3dc -> 
  custom:container-muxer-webm: aa71ff27fc2769a1b78a27578f13a17b -> 
  custom:container-demuxer-webm: 4f35f7cbe854078d1ac9338744f61a02 -> 
  custom:container-demuxer-ogg: 62fdf1f143b41e24485cea50d1cbac27 -> 
  custom:video-encoder-webm-vp8: eb34c28f22e8b96e1ab97ce403110664 -> 
  custom:video-codec-MediaFoundation-h265: 746d11721c4dcdbdad8f713fa42b33f4 -> 
  custom:video-decoder-webm-vp8: 9c59270c3fd7afecdb556c50c9e8de78 -> 
  custom:audio-decoder-ogg-vorbis: bf7c407c2cedff20999df2af8eb42d56 -> 
  custom:audio-encoder-webm-vorbis: bf7c407c2cedff20999df2af8eb42d56 -> 
AssetImportWorkerClient::OnTransportError - code=2 error=End of file
