Using pre-set license
Built from '2020.3/staging' branch; Version is '2020.3.21f1 (a38c86f6690f) revision 10718342'; Using compiler version '192528614'; Build Type 'Release'
OS: 'Windows 10 Home; OS build 19044.1645; Version 2009; 64bit' Language: 'zh' Physical Memory: 16224 MB
BatchMode: 1, IsHumanControllingUs: 0, StartBugReporterOnCrash: 0, Is64bit: 1, IsPro: 0

COMMAND LINE ARGUMENTS:
D:\Unity\Download\2020.3.21f1\Editor\Unity.exe
-adb2
-batchMode
-noUpm
-name
AssetImportWorker2
-projectPath
D:/IM23-4/Unity/First version
-logFile
Logs/AssetImportWorker2.log
-srvPort
51703
Successfully changed project path to: D:/IM23-4/Unity/First version
D:/IM23-4/Unity/First version
Using Asset Import Pipeline V2.
Refreshing native plugins compatible for Editor in 57.84 ms, found 0 plugins.
Preloading 0 native plugins for Editor in 0.00 ms.
Initialize engine version: 2020.3.21f1 (a38c86f6690f)
[Subsystems] Discovering subsystems at path D:/Unity/Download/2020.3.21f1/Editor/Data/Resources/UnitySubsystems
[Subsystems] Discovering subsystems at path D:/IM23-4/Unity/First version/Assets
GfxDevice: creating device client; threaded=0
Direct3D:
    Version:  Direct3D 11.0 [level 11.1]
    Renderer: NVIDIA GeForce GTX 1660 Ti with Max-Q Design (ID=0x2191)
    Vendor:   
    VRAM:     5991 MB
    Driver:   30.0.15.1215
Shader 'MTE/Specialized/Mali 400/Surface/3 Textures/Bumped': fallback shader 'MTE/Specialized/Mali 400/Legacy/3 Textures/Diffuse' not found
Shader 'MTE/Specialized/Mali 400/Surface/2 Textures/Bumped': fallback shader 'MTE/Specialized/Mali 400/Legacy/2 Textures/Diffuse' not found
Initialize mono
Mono path[0] = 'D:/Unity/Download/2020.3.21f1/Editor/Data/Managed'
Mono path[1] = 'D:/Unity/Download/2020.3.21f1/Editor/Data/MonoBleedingEdge/lib/mono/unityjit'
Mono config path = 'D:/Unity/Download/2020.3.21f1/Editor/Data/MonoBleedingEdge/etc'
Using monoOptions --debugger-agent=transport=dt_socket,embedding=1,server=y,suspend=n,address=127.0.0.1:56000
Begin MonoManager ReloadAssembly
Registering precompiled unity dll's ...
Register platform support module: D:/Unity/Download/2020.3.21f1/Editor/Data/PlaybackEngines/WindowsStandaloneSupport/UnityEditor.WindowsStandalone.Extensions.dll
Registered in 0.001135 seconds.
Native extension for WindowsStandalone target not found
Refreshing native plugins compatible for Editor in 91.95 ms, found 0 plugins.
Preloading 0 native plugins for Editor in 0.00 ms.
Mono: successfully reloaded assembly
- Completed reload, in  0.952 seconds
Domain Reload Profiling:
	ReloadAssembly (952ms)
		BeginReloadAssembly (48ms)
			ExecutionOrderSort (0ms)
			DisableScriptedObjects (0ms)
			BackupInstance (0ms)
			ReleaseScriptingObjects (0ms)
			CreateAndSetChildDomain (1ms)
		EndReloadAssembly (494ms)
			LoadAssemblies (48ms)
			RebuildTransferFunctionScriptingTraits (0ms)
			SetupTypeCache (157ms)
			ReleaseScriptCaches (0ms)
			RebuildScriptCaches (29ms)
			SetupLoadedEditorAssemblies (216ms)
				LogAssemblyErrors (0ms)
				InitializePlatformSupportModulesInManaged (4ms)
				SetLoadedEditorAssemblies (0ms)
				RefreshPlugins (92ms)
				BeforeProcessingInitializeOnLoad (14ms)
				ProcessInitializeOnLoadAttributes (77ms)
				ProcessInitializeOnLoadMethodAttributes (28ms)
				AfterProcessingInitializeOnLoad (0ms)
				EditorAssembliesLoaded (0ms)
			ExecutionOrderSort2 (0ms)
			AwakeInstancesAfterBackupRestoration (0ms)
Platform modules already initialized, skipping
Registering precompiled user dll's ...
Registered in 0.001986 seconds.
Begin MonoManager ReloadAssembly
Native extension for WindowsStandalone target not found
Refreshing native plugins compatible for Editor in 92.73 ms, found 0 plugins.
Preloading 0 native plugins for Editor in 0.00 ms.
Initializing Mesh Terrain Editor v3.8.3f3 on Unity 2020.3.21f1...
UnityEngine.StackTraceUtility:ExtractStackTrace ()
UnityEngine.DebugLogHandler:LogFormat (UnityEngine.LogType,UnityEngine.Object,string,object[])
UnityEngine.Logger:Log (UnityEngine.LogType,object)
UnityEngine.Debug:Log (object)
_FuAa0apOXcBEDUbygoBKJgWdThLA_:‎⁭​⁫‮⁫⁯⁯‌⁬‪⁬​⁮‮‪⁫‏​⁫‎⁯⁫‫​‎⁫‎⁪⁪‮​‍‬‏⁮⁫‫⁪‎‮ (object)
_FuAa0apOXcBEDUbygoBKJgWdThLA_:_uszO4IMycJrCed7gCcAibymGBYi_ (bool)
_FuAa0apOXcBEDUbygoBKJgWdThLA_:_QEB9KlaajdYafdGKVY8bk0l8NsDA_ ()
_FuAa0apOXcBEDUbygoBKJgWdThLA_:.cctor ()
System.Runtime.CompilerServices.RuntimeHelpers:RunClassConstructor (System.RuntimeTypeHandle)
UnityEditor.EditorAssemblies:ProcessInitializeOnLoadAttributes (System.Type[])

[MTE]找不到Amplify Shader Editor，基于ASE的功能可能无法使用。请升级ASE到最新版本重启Unity再试。
UnityEngine.StackTraceUtility:ExtractStackTrace ()
UnityEngine.DebugLogHandler:LogFormat (UnityEngine.LogType,UnityEngine.Object,string,object[])
UnityEngine.Logger:Log (UnityEngine.LogType,object)
UnityEngine.Debug:LogWarning (object)
MTE.MTEDebug:‏‭‎‏‭⁯‌⁫⁪‬⁮‎⁬‫⁮⁮​‮⁯‪⁭⁪⁭⁭‌‏‮‏‌⁪⁬⁮‏‪⁪‭⁪‮‏⁭‮ (object)
MTE.MTEDebug:LogWarning (string)
_FuAa0apOXcBEDUbygoBKJgWdThLA_:_uszO4IMycJrCed7gCcAibymGBYi_ (bool)
_FuAa0apOXcBEDUbygoBKJgWdThLA_:_QEB9KlaajdYafdGKVY8bk0l8NsDA_ ()
_FuAa0apOXcBEDUbygoBKJgWdThLA_:.cctor ()
System.Runtime.CompilerServices.RuntimeHelpers:RunClassConstructor (System.RuntimeTypeHandle)
UnityEditor.EditorAssemblies:ProcessInitializeOnLoadAttributes (System.Type[])

Initializing Mesh Terrain Editor...Done
UnityEngine.StackTraceUtility:ExtractStackTrace ()
UnityEngine.DebugLogHandler:LogFormat (UnityEngine.LogType,UnityEngine.Object,string,object[])
UnityEngine.Logger:Log (UnityEngine.LogType,object)
UnityEngine.Debug:Log (object)
_FuAa0apOXcBEDUbygoBKJgWdThLA_:‎⁭​⁫‮⁫⁯⁯‌⁬‪⁬​⁮‮‪⁫‏​⁫‎⁯⁫‫​‎⁫‎⁪⁪‮​‍‬‏⁮⁫‫⁪‎‮ (object)
_FuAa0apOXcBEDUbygoBKJgWdThLA_:_uszO4IMycJrCed7gCcAibymGBYi_ (bool)
_FuAa0apOXcBEDUbygoBKJgWdThLA_:_QEB9KlaajdYafdGKVY8bk0l8NsDA_ ()
_FuAa0apOXcBEDUbygoBKJgWdThLA_:.cctor ()
System.Runtime.CompilerServices.RuntimeHelpers:RunClassConstructor (System.RuntimeTypeHandle)
UnityEditor.EditorAssemblies:ProcessInitializeOnLoadAttributes (System.Type[])

Mono: successfully reloaded assembly
- Completed reload, in  4.307 seconds
Domain Reload Profiling:
	ReloadAssembly (4307ms)
		BeginReloadAssembly (138ms)
			ExecutionOrderSort (0ms)
			DisableScriptedObjects (4ms)
			BackupInstance (0ms)
			ReleaseScriptingObjects (0ms)
			CreateAndSetChildDomain (23ms)
		EndReloadAssembly (4116ms)
			LoadAssemblies (1195ms)
			RebuildTransferFunctionScriptingTraits (0ms)
			SetupTypeCache (241ms)
			ReleaseScriptCaches (0ms)
			RebuildScriptCaches (48ms)
			SetupLoadedEditorAssemblies (2487ms)
				LogAssemblyErrors (0ms)
				InitializePlatformSupportModulesInManaged (3ms)
				SetLoadedEditorAssemblies (0ms)
				RefreshPlugins (93ms)
				BeforeProcessingInitializeOnLoad (82ms)
				ProcessInitializeOnLoadAttributes (2189ms)
				ProcessInitializeOnLoadMethodAttributes (117ms)
				AfterProcessingInitializeOnLoad (2ms)
				EditorAssembliesLoaded (0ms)
			ExecutionOrderSort2 (0ms)
			AwakeInstancesAfterBackupRestoration (6ms)
Platform modules already initialized, skipping
========================================================================
Worker process is ready to serve import requests
Shader 'MTE/Specialized/Mali 400/Surface/3 Textures/Bumped': fallback shader 'MTE/Specialized/Mali 400/Legacy/3 Textures/Diffuse' not found
Shader 'MTE/Specialized/Mali 400/Surface/2 Textures/Bumped': fallback shader 'MTE/Specialized/Mali 400/Legacy/2 Textures/Diffuse' not found
Launched and connected shader compiler UnityShaderCompiler.exe after 0.17 seconds
Refreshing native plugins compatible for Editor in 0.79 ms, found 0 plugins.
Preloading 0 native plugins for Editor in 0.00 ms.
Unloading 3752 Unused Serialized files (Serialized files now loaded: 0)
System memory in use before: 333.8 MB.
System memory in use after: 333.8 MB.

Unloading 12 unused Assets to reduce memory usage. Loaded Objects now: 4261.
Total: 4.859300 ms (FindLiveObjects: 0.614600 ms CreateObjectMapping: 0.284300 ms MarkObjects: 3.420700 ms  DeleteObjects: 0.538100 ms)

AssetImportParameters requested are different than current active one (requested -> active):
  custom:framework-win-MediaFoundation: 216162199b28c13a410421893ffa2e32 -> 
  custom:video-decoder-ogg-theora: a1e56fd34408186e4bbccfd4996cb3dc -> 
  custom:container-muxer-webm: aa71ff27fc2769a1b78a27578f13a17b -> 
  custom:container-demuxer-webm: 4f35f7cbe854078d1ac9338744f61a02 -> 
  custom:container-demuxer-ogg: 62fdf1f143b41e24485cea50d1cbac27 -> 
  custom:video-encoder-webm-vp8: eb34c28f22e8b96e1ab97ce403110664 -> 
  custom:video-codec-MediaFoundation-h265: 746d11721c4dcdbdad8f713fa42b33f4 -> 
  custom:video-decoder-webm-vp8: 9c59270c3fd7afecdb556c50c9e8de78 -> 
  custom:audio-decoder-ogg-vorbis: bf7c407c2cedff20999df2af8eb42d56 -> 
  custom:audio-encoder-webm-vorbis: bf7c407c2cedff20999df2af8eb42d56 -> 
========================================================================
Received Prepare
Registering precompiled user dll's ...
Registered in 0.001710 seconds.
Begin MonoManager ReloadAssembly
Native extension for WindowsStandalone target not found
Refreshing native plugins compatible for Editor in 0.86 ms, found 0 plugins.
Preloading 0 native plugins for Editor in 0.00 ms.
Initializing Mesh Terrain Editor v3.8.3f3 on Unity 2020.3.21f1...
UnityEngine.StackTraceUtility:ExtractStackTrace ()
UnityEngine.DebugLogHandler:LogFormat (UnityEngine.LogType,UnityEngine.Object,string,object[])
UnityEngine.Logger:Log (UnityEngine.LogType,object)
UnityEngine.Debug:Log (object)
_FuAa0apOXcBEDUbygoBKJgWdThLA_:‎⁭​⁫‮⁫⁯⁯‌⁬‪⁬​⁮‮‪⁫‏​⁫‎⁯⁫‫​‎⁫‎⁪⁪‮​‍‬‏⁮⁫‫⁪‎‮ (object)
_FuAa0apOXcBEDUbygoBKJgWdThLA_:_uszO4IMycJrCed7gCcAibymGBYi_ (bool)
_FuAa0apOXcBEDUbygoBKJgWdThLA_:_QEB9KlaajdYafdGKVY8bk0l8NsDA_ ()
_FuAa0apOXcBEDUbygoBKJgWdThLA_:.cctor ()
System.Runtime.CompilerServices.RuntimeHelpers:RunClassConstructor (System.RuntimeTypeHandle)
UnityEditor.EditorAssemblies:ProcessInitializeOnLoadAttributes (System.Type[])

[MTE]找不到Amplify Shader Editor，基于ASE的功能可能无法使用。请升级ASE到最新版本重启Unity再试。
UnityEngine.StackTraceUtility:ExtractStackTrace ()
UnityEngine.DebugLogHandler:LogFormat (UnityEngine.LogType,UnityEngine.Object,string,object[])
UnityEngine.Logger:Log (UnityEngine.LogType,object)
UnityEngine.Debug:LogWarning (object)
MTE.MTEDebug:‏‭‎‏‭⁯‌⁫⁪‬⁮‎⁬‫⁮⁮​‮⁯‪⁭⁪⁭⁭‌‏‮‏‌⁪⁬⁮‏‪⁪‭⁪‮‏⁭‮ (object)
MTE.MTEDebug:LogWarning (string)
_FuAa0apOXcBEDUbygoBKJgWdThLA_:_uszO4IMycJrCed7gCcAibymGBYi_ (bool)
_FuAa0apOXcBEDUbygoBKJgWdThLA_:_QEB9KlaajdYafdGKVY8bk0l8NsDA_ ()
_FuAa0apOXcBEDUbygoBKJgWdThLA_:.cctor ()
System.Runtime.CompilerServices.RuntimeHelpers:RunClassConstructor (System.RuntimeTypeHandle)
UnityEditor.EditorAssemblies:ProcessInitializeOnLoadAttributes (System.Type[])

Initializing Mesh Terrain Editor...Done
UnityEngine.StackTraceUtility:ExtractStackTrace ()
UnityEngine.DebugLogHandler:LogFormat (UnityEngine.LogType,UnityEngine.Object,string,object[])
UnityEngine.Logger:Log (UnityEngine.LogType,object)
UnityEngine.Debug:Log (object)
_FuAa0apOXcBEDUbygoBKJgWdThLA_:‎⁭​⁫‮⁫⁯⁯‌⁬‪⁬​⁮‮‪⁫‏​⁫‎⁯⁫‫​‎⁫‎⁪⁪‮​‍‬‏⁮⁫‫⁪‎‮ (object)
_FuAa0apOXcBEDUbygoBKJgWdThLA_:_uszO4IMycJrCed7gCcAibymGBYi_ (bool)
_FuAa0apOXcBEDUbygoBKJgWdThLA_:_QEB9KlaajdYafdGKVY8bk0l8NsDA_ ()
_FuAa0apOXcBEDUbygoBKJgWdThLA_:.cctor ()
System.Runtime.CompilerServices.RuntimeHelpers:RunClassConstructor (System.RuntimeTypeHandle)
UnityEditor.EditorAssemblies:ProcessInitializeOnLoadAttributes (System.Type[])

Mono: successfully reloaded assembly
- Completed reload, in  1.596 seconds
Domain Reload Profiling:
	ReloadAssembly (1597ms)
		BeginReloadAssembly (120ms)
			ExecutionOrderSort (0ms)
			DisableScriptedObjects (4ms)
			BackupInstance (0ms)
			ReleaseScriptingObjects (0ms)
			CreateAndSetChildDomain (45ms)
		EndReloadAssembly (1417ms)
			LoadAssemblies (92ms)
			RebuildTransferFunctionScriptingTraits (0ms)
			SetupTypeCache (298ms)
			ReleaseScriptCaches (1ms)
			RebuildScriptCaches (46ms)
			SetupLoadedEditorAssemblies (879ms)
				LogAssemblyErrors (0ms)
				InitializePlatformSupportModulesInManaged (4ms)
				SetLoadedEditorAssemblies (0ms)
				RefreshPlugins (1ms)
				BeforeProcessingInitializeOnLoad (86ms)
				ProcessInitializeOnLoadAttributes (710ms)
				ProcessInitializeOnLoadMethodAttributes (74ms)
				AfterProcessingInitializeOnLoad (3ms)
				EditorAssembliesLoaded (0ms)
			ExecutionOrderSort2 (0ms)
			AwakeInstancesAfterBackupRestoration (12ms)
Platform modules already initialized, skipping
Shader 'MTE/Specialized/Mali 400/Surface/3 Textures/Bumped': fallback shader 'MTE/Specialized/Mali 400/Legacy/3 Textures/Diffuse' not found
Shader 'MTE/Specialized/Mali 400/Surface/2 Textures/Bumped': fallback shader 'MTE/Specialized/Mali 400/Legacy/2 Textures/Diffuse' not found
Refreshing native plugins compatible for Editor in 1.24 ms, found 0 plugins.
Preloading 0 native plugins for Editor in 0.00 ms.
Unloading 3516 Unused Serialized files (Serialized files now loaded: 0)
System memory in use before: 316.3 MB.
System memory in use after: 316.5 MB.

Unloading 9 unused Assets to reduce memory usage. Loaded Objects now: 4265.
Total: 5.688400 ms (FindLiveObjects: 0.406900 ms CreateObjectMapping: 0.217800 ms MarkObjects: 4.575600 ms  DeleteObjects: 0.486400 ms)

AssetImportParameters requested are different than current active one (requested -> active):
  custom:framework-win-MediaFoundation: 216162199b28c13a410421893ffa2e32 -> 
  custom:video-decoder-ogg-theora: a1e56fd34408186e4bbccfd4996cb3dc -> 
  custom:container-muxer-webm: aa71ff27fc2769a1b78a27578f13a17b -> 
  custom:container-demuxer-webm: 4f35f7cbe854078d1ac9338744f61a02 -> 
  custom:container-demuxer-ogg: 62fdf1f143b41e24485cea50d1cbac27 -> 
  custom:video-encoder-webm-vp8: eb34c28f22e8b96e1ab97ce403110664 -> 
  custom:video-codec-MediaFoundation-h265: 746d11721c4dcdbdad8f713fa42b33f4 -> 
  custom:video-decoder-webm-vp8: 9c59270c3fd7afecdb556c50c9e8de78 -> 
  custom:audio-decoder-ogg-vorbis: bf7c407c2cedff20999df2af8eb42d56 -> 
  custom:audio-encoder-webm-vorbis: bf7c407c2cedff20999df2af8eb42d56 -> 
========================================================================
Received Import Request.
  path: Assets/章節/第一章/FirstPerson.prefab
  artifactKey: Guid(a4fc52df7b9bf8b46b54f13532ddf12a) Importer(815301076,1909f56bfc062723c751e8b465ee728b)
Start importing Assets/章節/第一章/FirstPerson.prefab using Guid(a4fc52df7b9bf8b46b54f13532ddf12a) Importer(815301076,1909f56bfc062723c751e8b465ee728b)  -> (artifact id: '2c5870fa23ab60d87799a0948bccc130') in 3.317200 seconds 
  Import took 3.334101 seconds .

========================================================================
Received Import Request.
  Time since last request: 0.000381 seconds.
  path: Assets/章節/第一章/圍牆.fbx
  artifactKey: Guid(687f0547415bc984bab6a2471ea294be) Importer(815301076,1909f56bfc062723c751e8b465ee728b)
Start importing Assets/章節/第一章/圍牆.fbx using Guid(687f0547415bc984bab6a2471ea294be) Importer(815301076,1909f56bfc062723c751e8b465ee728b)  -> (artifact id: 'c85666321d21e236480d704abbbcc61d') in 0.706716 seconds 
  Import took 0.712616 seconds .

========================================================================
Received Import Request.
  Time since last request: 0.000431 seconds.
  path: Assets/章節/第一章/裝飾建築二.fbx
  artifactKey: Guid(6c31a5cc649108c4a980f434a61aad40) Importer(815301076,1909f56bfc062723c751e8b465ee728b)
Start importing Assets/章節/第一章/裝飾建築二.fbx using Guid(6c31a5cc649108c4a980f434a61aad40) Importer(815301076,1909f56bfc062723c751e8b465ee728b)  -> (artifact id: 'e109c1c409f81fafa6af1875ebe997f5') in 0.870114 seconds 
  Import took 0.878009 seconds .

========================================================================
Received Import Request.
  Time since last request: 0.000266 seconds.
  path: Assets/章節/第一章/裝飾建築1.fbx
  artifactKey: Guid(582504c4c3465ed49808c385ee72d944) Importer(815301076,1909f56bfc062723c751e8b465ee728b)
Start importing Assets/章節/第一章/裝飾建築1.fbx using Guid(582504c4c3465ed49808c385ee72d944) Importer(815301076,1909f56bfc062723c751e8b465ee728b)  -> (artifact id: 'd16c3588bee44d12d7a791cebdc44cef') in 0.527161 seconds 
  Import took 0.532842 seconds .

========================================================================
Received Import Request.
  Time since last request: 0.000417 seconds.
  path: Assets/章節/第一章/裝飾建築3.fbx
  artifactKey: Guid(0f0a876a523b2fc459be5af40d18490b) Importer(815301076,1909f56bfc062723c751e8b465ee728b)
Start importing Assets/章節/第一章/裝飾建築3.fbx using Guid(0f0a876a523b2fc459be5af40d18490b) Importer(815301076,1909f56bfc062723c751e8b465ee728b)  -> (artifact id: 'c06b5ef0eb41987ac51e17a6651127ce') in 0.808890 seconds 
  Import took 0.814776 seconds .

========================================================================
Received Import Request.
  Time since last request: 0.000462 seconds.
  path: Assets/章節/第一章/裝飾建築4.fbx
  artifactKey: Guid(117aefb46a884bd4d83d105127404c2e) Importer(815301076,1909f56bfc062723c751e8b465ee728b)
Start importing Assets/章節/第一章/裝飾建築4.fbx using Guid(117aefb46a884bd4d83d105127404c2e) Importer(815301076,1909f56bfc062723c751e8b465ee728b)  -> (artifact id: '4e828c7014e54e490dcfa47796938e1a') in 0.792142 seconds 
  Import took 0.798264 seconds .

AssetImportWorkerClient::OnTransportError - code=2 error=End of file
