Using pre-set license
Built from '2020.3/staging' branch; Version is '2020.3.21f1 (a38c86f6690f) revision 10718342'; Using compiler version '192528614'; Build Type 'Release'
OS: 'Windows 10 Home; OS build 19044.1466; Version 2009; 64bit' Language: 'zh' Physical Memory: 8043 MB
BatchMode: 1, IsHumanControllingUs: 0, StartBugReporterOnCrash: 0, Is64bit: 1, IsPro: 0

COMMAND LINE ARGUMENTS:
D:\unity\2020.3.21f1\Editor\Unity.exe
-adb2
-batchMode
-noUpm
-name
AssetImportWorker3
-projectPath
D:/IM23-4/Unity/First version
-logFile
Logs/AssetImportWorker3.log
-srvPort
52867
Successfully changed project path to: D:/IM23-4/Unity/First version
D:/IM23-4/Unity/First version
Using Asset Import Pipeline V2.
Refreshing native plugins compatible for Editor in 133.19 ms, found 0 plugins.
Preloading 0 native plugins for Editor in 0.00 ms.
Initialize engine version: 2020.3.21f1 (a38c86f6690f)
[Subsystems] Discovering subsystems at path D:/unity/2020.3.21f1/Editor/Data/Resources/UnitySubsystems
[Subsystems] Discovering subsystems at path D:/IM23-4/Unity/First version/Assets
GfxDevice: creating device client; threaded=0
Direct3D:
    Version:  Direct3D 11.0 [level 11.1]
    Renderer: NVIDIA GeForce MX250 (ID=0x1d13)
    Vendor:   
    VRAM:     1983 MB
    Driver:   27.21.14.6259
Initialize mono
Mono path[0] = 'D:/unity/2020.3.21f1/Editor/Data/Managed'
Mono path[1] = 'D:/unity/2020.3.21f1/Editor/Data/MonoBleedingEdge/lib/mono/unityjit'
Mono config path = 'D:/unity/2020.3.21f1/Editor/Data/MonoBleedingEdge/etc'
Using monoOptions --debugger-agent=transport=dt_socket,embedding=1,server=y,suspend=n,address=127.0.0.1:56956
Begin MonoManager ReloadAssembly
Registering precompiled unity dll's ...
Register platform support module: D:/unity/2020.3.21f1/Editor/Data/PlaybackEngines/WebGLSupport/UnityEditor.WebGL.Extensions.dll
Register platform support module: D:/unity/2020.3.21f1/Editor/Data/PlaybackEngines/WindowsStandaloneSupport/UnityEditor.WindowsStandalone.Extensions.dll
Registered in 0.003583 seconds.
Native extension for WindowsStandalone target not found
Native extension for WebGL target not found
Refreshing native plugins compatible for Editor in 146.17 ms, found 0 plugins.
Preloading 0 native plugins for Editor in 0.00 ms.
Mono: successfully reloaded assembly
- Completed reload, in 10.309 seconds
Domain Reload Profiling:
	ReloadAssembly (10309ms)
		BeginReloadAssembly (185ms)
			ExecutionOrderSort (0ms)
			DisableScriptedObjects (0ms)
			BackupInstance (0ms)
			ReleaseScriptingObjects (0ms)
			CreateAndSetChildDomain (2ms)
		EndReloadAssembly (1205ms)
			LoadAssemblies (186ms)
			RebuildTransferFunctionScriptingTraits (0ms)
			SetupTypeCache (435ms)
			ReleaseScriptCaches (0ms)
			RebuildScriptCaches (71ms)
			SetupLoadedEditorAssemblies (450ms)
				LogAssemblyErrors (0ms)
				InitializePlatformSupportModulesInManaged (12ms)
				SetLoadedEditorAssemblies (0ms)
				RefreshPlugins (146ms)
				BeforeProcessingInitializeOnLoad (22ms)
				ProcessInitializeOnLoadAttributes (202ms)
				ProcessInitializeOnLoadMethodAttributes (65ms)
				AfterProcessingInitializeOnLoad (1ms)
				EditorAssembliesLoaded (1ms)
			ExecutionOrderSort2 (0ms)
			AwakeInstancesAfterBackupRestoration (0ms)
Platform modules already initialized, skipping
Registering precompiled user dll's ...
Registered in 0.001889 seconds.
Begin MonoManager ReloadAssembly
Native extension for WindowsStandalone target not found
Native extension for WebGL target not found
Refreshing native plugins compatible for Editor in 0.58 ms, found 0 plugins.
Preloading 0 native plugins for Editor in 0.00 ms.
Mono: successfully reloaded assembly
- Completed reload, in  2.397 seconds
Domain Reload Profiling:
	ReloadAssembly (2431ms)
		BeginReloadAssembly (478ms)
			ExecutionOrderSort (0ms)
			DisableScriptedObjects (11ms)
			BackupInstance (0ms)
			ReleaseScriptingObjects (0ms)
			CreateAndSetChildDomain (81ms)
		EndReloadAssembly (1789ms)
			LoadAssemblies (292ms)
			RebuildTransferFunctionScriptingTraits (0ms)
			SetupTypeCache (615ms)
			ReleaseScriptCaches (1ms)
			RebuildScriptCaches (169ms)
			SetupLoadedEditorAssemblies (518ms)
				LogAssemblyErrors (0ms)
				InitializePlatformSupportModulesInManaged (14ms)
				SetLoadedEditorAssemblies (1ms)
				RefreshPlugins (1ms)
				BeforeProcessingInitializeOnLoad (117ms)
				ProcessInitializeOnLoadAttributes (365ms)
				ProcessInitializeOnLoadMethodAttributes (12ms)
				AfterProcessingInitializeOnLoad (7ms)
				EditorAssembliesLoaded (0ms)
			ExecutionOrderSort2 (0ms)
			AwakeInstancesAfterBackupRestoration (13ms)
Platform modules already initialized, skipping
========================================================================
Worker process is ready to serve import requests
Launched and connected shader compiler UnityShaderCompiler.exe after 0.40 seconds
Refreshing native plugins compatible for Editor in 0.82 ms, found 0 plugins.
Preloading 0 native plugins for Editor in 0.00 ms.
Unloading 2074 Unused Serialized files (Serialized files now loaded: 0)
System memory in use before: 99.4 MB.
System memory in use after: 99.5 MB.

Unloading 11 unused Assets to reduce memory usage. Loaded Objects now: 2532.
Total: 110.143600 ms (FindLiveObjects: 0.306600 ms CreateObjectMapping: 0.160200 ms MarkObjects: 104.135000 ms  DeleteObjects: 5.538800 ms)

AssetImportParameters requested are different than current active one (requested -> active):
  custom:framework-win-MediaFoundation: 216162199b28c13a410421893ffa2e32 -> 
  custom:video-decoder-ogg-theora: a1e56fd34408186e4bbccfd4996cb3dc -> 
  custom:container-muxer-webm: aa71ff27fc2769a1b78a27578f13a17b -> 
  custom:container-demuxer-webm: 4f35f7cbe854078d1ac9338744f61a02 -> 
  custom:container-demuxer-ogg: 62fdf1f143b41e24485cea50d1cbac27 -> 
  custom:video-encoder-webm-vp8: eb34c28f22e8b96e1ab97ce403110664 -> 
  custom:video-decoder-webm-vp8: 9c59270c3fd7afecdb556c50c9e8de78 -> 
  custom:audio-decoder-ogg-vorbis: bf7c407c2cedff20999df2af8eb42d56 -> 
  custom:audio-encoder-webm-vorbis: bf7c407c2cedff20999df2af8eb42d56 -> 
========================================================================
Received Import Request.
  path: Assets/Scenes/FirstPerson.prefab
  artifactKey: Guid(ff4eb7502118b2d43baa18aaaa34b591) Importer(815301076,1909f56bfc062723c751e8b465ee728b)
Start importing Assets/Scenes/FirstPerson.prefab using Guid(ff4eb7502118b2d43baa18aaaa34b591) Importer(815301076,1909f56bfc062723c751e8b465ee728b)  -> (artifact id: '780947d0849ffd62658f58e5bf86e2cd') in 1.847964 seconds 
  Import took 1.885615 seconds .

========================================================================
Received Import Request.
  Time since last request: 0.001212 seconds.
  path: Assets/Scenes/修正1開場timeline.playable
  artifactKey: Guid(873a1ee39d7b01c45935f2e368b9dfae) Importer(815301076,1909f56bfc062723c751e8b465ee728b)
Start importing Assets/Scenes/修正1開場timeline.playable using Guid(873a1ee39d7b01c45935f2e368b9dfae) Importer(815301076,1909f56bfc062723c751e8b465ee728b)  -> (artifact id: '6eb1482d6b22809b132bb9ece447369a') in 0.105494 seconds 
  Import took 0.112631 seconds .

========================================================================
Received Prepare
Refreshing native plugins compatible for Editor in 14.16 ms, found 0 plugins.
Preloading 0 native plugins for Editor in 0.00 ms.
Unloading 2 Unused Serialized files (Serialized files now loaded: 0)
System memory in use before: 77.0 MB.
System memory in use after: 77.1 MB.

Unloading 2 unused Assets to reduce memory usage. Loaded Objects now: 2543.
Total: 23.211800 ms (FindLiveObjects: 0.533100 ms CreateObjectMapping: 0.114000 ms MarkObjects: 22.492900 ms  DeleteObjects: 0.067600 ms)

AssetImportParameters requested are different than current active one (requested -> active):
  custom:framework-win-MediaFoundation: 216162199b28c13a410421893ffa2e32 -> 
  custom:video-decoder-ogg-theora: a1e56fd34408186e4bbccfd4996cb3dc -> 
  custom:container-muxer-webm: aa71ff27fc2769a1b78a27578f13a17b -> 
  custom:container-demuxer-webm: 4f35f7cbe854078d1ac9338744f61a02 -> 
  custom:container-demuxer-ogg: 62fdf1f143b41e24485cea50d1cbac27 -> 
  custom:video-encoder-webm-vp8: eb34c28f22e8b96e1ab97ce403110664 -> 
  custom:video-decoder-webm-vp8: 9c59270c3fd7afecdb556c50c9e8de78 -> 
  custom:audio-decoder-ogg-vorbis: bf7c407c2cedff20999df2af8eb42d56 -> 
  custom:audio-encoder-webm-vorbis: bf7c407c2cedff20999df2af8eb42d56 -> 
========================================================================
Received Prepare
Registering precompiled user dll's ...
Registered in 0.001715 seconds.
Begin MonoManager ReloadAssembly
Native extension for WindowsStandalone target not found
Native extension for WebGL target not found
Refreshing native plugins compatible for Editor in 0.57 ms, found 0 plugins.
Preloading 0 native plugins for Editor in 0.00 ms.
Mono: successfully reloaded assembly
- Completed reload, in  1.795 seconds
Domain Reload Profiling:
	ReloadAssembly (1796ms)
		BeginReloadAssembly (203ms)
			ExecutionOrderSort (0ms)
			DisableScriptedObjects (6ms)
			BackupInstance (0ms)
			ReleaseScriptingObjects (0ms)
			CreateAndSetChildDomain (57ms)
		EndReloadAssembly (1467ms)
			LoadAssemblies (189ms)
			RebuildTransferFunctionScriptingTraits (0ms)
			SetupTypeCache (502ms)
			ReleaseScriptCaches (1ms)
			RebuildScriptCaches (92ms)
			SetupLoadedEditorAssemblies (456ms)
				LogAssemblyErrors (0ms)
				InitializePlatformSupportModulesInManaged (14ms)
				SetLoadedEditorAssemblies (1ms)
				RefreshPlugins (1ms)
				BeforeProcessingInitializeOnLoad (99ms)
				ProcessInitializeOnLoadAttributes (307ms)
				ProcessInitializeOnLoadMethodAttributes (24ms)
				AfterProcessingInitializeOnLoad (10ms)
				EditorAssembliesLoaded (0ms)
			ExecutionOrderSort2 (0ms)
			AwakeInstancesAfterBackupRestoration (19ms)
Platform modules already initialized, skipping
Refreshing native plugins compatible for Editor in 0.57 ms, found 0 plugins.
Preloading 0 native plugins for Editor in 0.00 ms.
Unloading 2065 Unused Serialized files (Serialized files now loaded: 0)
System memory in use before: 115.8 MB.
System memory in use after: 115.9 MB.

Unloading 6 unused Assets to reduce memory usage. Loaded Objects now: 2545.
Total: 3.675200 ms (FindLiveObjects: 0.264900 ms CreateObjectMapping: 0.130500 ms MarkObjects: 3.257600 ms  DeleteObjects: 0.020300 ms)

AssetImportParameters requested are different than current active one (requested -> active):
  custom:framework-win-MediaFoundation: 216162199b28c13a410421893ffa2e32 -> 
  custom:video-decoder-ogg-theora: a1e56fd34408186e4bbccfd4996cb3dc -> 
  custom:container-muxer-webm: aa71ff27fc2769a1b78a27578f13a17b -> 
  custom:container-demuxer-webm: 4f35f7cbe854078d1ac9338744f61a02 -> 
  custom:container-demuxer-ogg: 62fdf1f143b41e24485cea50d1cbac27 -> 
  custom:video-encoder-webm-vp8: eb34c28f22e8b96e1ab97ce403110664 -> 
  custom:video-decoder-webm-vp8: 9c59270c3fd7afecdb556c50c9e8de78 -> 
  custom:audio-decoder-ogg-vorbis: bf7c407c2cedff20999df2af8eb42d56 -> 
  custom:audio-encoder-webm-vorbis: bf7c407c2cedff20999df2af8eb42d56 -> 
========================================================================
Received Prepare
Registering precompiled user dll's ...
Registered in 0.001548 seconds.
Begin MonoManager ReloadAssembly
Native extension for WindowsStandalone target not found
Native extension for WebGL target not found
Refreshing native plugins compatible for Editor in 0.41 ms, found 0 plugins.
Preloading 0 native plugins for Editor in 0.00 ms.
Mono: successfully reloaded assembly
- Completed reload, in  0.993 seconds
Domain Reload Profiling:
	ReloadAssembly (994ms)
		BeginReloadAssembly (189ms)
			ExecutionOrderSort (0ms)
			DisableScriptedObjects (8ms)
			BackupInstance (0ms)
			ReleaseScriptingObjects (0ms)
			CreateAndSetChildDomain (40ms)
		EndReloadAssembly (703ms)
			LoadAssemblies (176ms)
			RebuildTransferFunctionScriptingTraits (0ms)
			SetupTypeCache (277ms)
			ReleaseScriptCaches (1ms)
			RebuildScriptCaches (41ms)
			SetupLoadedEditorAssemblies (180ms)
				LogAssemblyErrors (0ms)
				InitializePlatformSupportModulesInManaged (8ms)
				SetLoadedEditorAssemblies (0ms)
				RefreshPlugins (0ms)
				BeforeProcessingInitializeOnLoad (42ms)
				ProcessInitializeOnLoadAttributes (123ms)
				ProcessInitializeOnLoadMethodAttributes (4ms)
				AfterProcessingInitializeOnLoad (2ms)
				EditorAssembliesLoaded (0ms)
			ExecutionOrderSort2 (0ms)
			AwakeInstancesAfterBackupRestoration (6ms)
Platform modules already initialized, skipping
Refreshing native plugins compatible for Editor in 0.57 ms, found 0 plugins.
Preloading 0 native plugins for Editor in 0.00 ms.
Unloading 2065 Unused Serialized files (Serialized files now loaded: 0)
System memory in use before: 115.8 MB.
System memory in use after: 115.9 MB.

Unloading 6 unused Assets to reduce memory usage. Loaded Objects now: 2547.
Total: 2.801000 ms (FindLiveObjects: 0.201700 ms CreateObjectMapping: 0.056200 ms MarkObjects: 2.528700 ms  DeleteObjects: 0.013400 ms)

AssetImportParameters requested are different than current active one (requested -> active):
  custom:framework-win-MediaFoundation: 216162199b28c13a410421893ffa2e32 -> 
  custom:video-decoder-ogg-theora: a1e56fd34408186e4bbccfd4996cb3dc -> 
  custom:container-muxer-webm: aa71ff27fc2769a1b78a27578f13a17b -> 
  custom:container-demuxer-webm: 4f35f7cbe854078d1ac9338744f61a02 -> 
  custom:container-demuxer-ogg: 62fdf1f143b41e24485cea50d1cbac27 -> 
  custom:video-encoder-webm-vp8: eb34c28f22e8b96e1ab97ce403110664 -> 
  custom:video-decoder-webm-vp8: 9c59270c3fd7afecdb556c50c9e8de78 -> 
  custom:audio-decoder-ogg-vorbis: bf7c407c2cedff20999df2af8eb42d56 -> 
  custom:audio-encoder-webm-vorbis: bf7c407c2cedff20999df2af8eb42d56 -> 
========================================================================
Received Prepare
Registering precompiled user dll's ...
Registered in 0.001340 seconds.
Begin MonoManager ReloadAssembly
Native extension for WindowsStandalone target not found
Native extension for WebGL target not found
Refreshing native plugins compatible for Editor in 0.38 ms, found 0 plugins.
Preloading 0 native plugins for Editor in 0.00 ms.
Mono: successfully reloaded assembly
- Completed reload, in  1.294 seconds
Domain Reload Profiling:
	ReloadAssembly (1295ms)
		BeginReloadAssembly (198ms)
			ExecutionOrderSort (0ms)
			DisableScriptedObjects (10ms)
			BackupInstance (0ms)
			ReleaseScriptingObjects (0ms)
			CreateAndSetChildDomain (36ms)
		EndReloadAssembly (988ms)
			LoadAssemblies (186ms)
			RebuildTransferFunctionScriptingTraits (0ms)
			SetupTypeCache (371ms)
			ReleaseScriptCaches (1ms)
			RebuildScriptCaches (59ms)
			SetupLoadedEditorAssemblies (281ms)
				LogAssemblyErrors (0ms)
				InitializePlatformSupportModulesInManaged (10ms)
				SetLoadedEditorAssemblies (1ms)
				RefreshPlugins (0ms)
				BeforeProcessingInitializeOnLoad (70ms)
				ProcessInitializeOnLoadAttributes (189ms)
				ProcessInitializeOnLoadMethodAttributes (7ms)
				AfterProcessingInitializeOnLoad (4ms)
				EditorAssembliesLoaded (0ms)
			ExecutionOrderSort2 (0ms)
			AwakeInstancesAfterBackupRestoration (10ms)
Platform modules already initialized, skipping
Refreshing native plugins compatible for Editor in 0.57 ms, found 0 plugins.
Preloading 0 native plugins for Editor in 0.00 ms.
Unloading 2065 Unused Serialized files (Serialized files now loaded: 0)
System memory in use before: 115.8 MB.
System memory in use after: 116.0 MB.

Unloading 6 unused Assets to reduce memory usage. Loaded Objects now: 2549.
Total: 3.694500 ms (FindLiveObjects: 0.254200 ms CreateObjectMapping: 0.076400 ms MarkObjects: 3.320500 ms  DeleteObjects: 0.041900 ms)

AssetImportParameters requested are different than current active one (requested -> active):
  custom:framework-win-MediaFoundation: 216162199b28c13a410421893ffa2e32 -> 
  custom:video-decoder-ogg-theora: a1e56fd34408186e4bbccfd4996cb3dc -> 
  custom:container-muxer-webm: aa71ff27fc2769a1b78a27578f13a17b -> 
  custom:container-demuxer-webm: 4f35f7cbe854078d1ac9338744f61a02 -> 
  custom:container-demuxer-ogg: 62fdf1f143b41e24485cea50d1cbac27 -> 
  custom:video-encoder-webm-vp8: eb34c28f22e8b96e1ab97ce403110664 -> 
  custom:video-decoder-webm-vp8: 9c59270c3fd7afecdb556c50c9e8de78 -> 
  custom:audio-decoder-ogg-vorbis: bf7c407c2cedff20999df2af8eb42d56 -> 
  custom:audio-encoder-webm-vorbis: bf7c407c2cedff20999df2af8eb42d56 -> 
========================================================================
Received Import Request.
  Time since last request: 2506.268815 seconds.
  path: Assets/Dialogue Database (Auto-Backup).asset
  artifactKey: Guid(b4045e5b52832464a8cbb911b8b79100) Importer(815301076,1909f56bfc062723c751e8b465ee728b)
Start importing Assets/Dialogue Database (Auto-Backup).asset using Guid(b4045e5b52832464a8cbb911b8b79100) Importer(815301076,1909f56bfc062723c751e8b465ee728b)  -> (artifact id: 'bc7aa9815b6a74a440f5fd1156773ced') in 1.641747 seconds 
  Import took 1.746528 seconds .

========================================================================
Received Import Request.
  Time since last request: 0.012511 seconds.
  path: Assets/New Terrain.asset
  artifactKey: Guid(82f932cdb505ab84697ccc183c1da510) Importer(815301076,1909f56bfc062723c751e8b465ee728b)
Start importing Assets/New Terrain.asset using Guid(82f932cdb505ab84697ccc183c1da510) Importer(815301076,1909f56bfc062723c751e8b465ee728b)  -> (artifact id: 'f37a32a768ec9dbb7bc4ba07d3da08b8') in 0.114341 seconds 
  Import took 0.118310 seconds .

========================================================================
Received Import Request.
  Time since last request: 0.000329 seconds.
  path: Assets/Dialogue Database.asset
  artifactKey: Guid(6a63e9f110c25fb4c80d53ed89a22a86) Importer(815301076,1909f56bfc062723c751e8b465ee728b)
Start importing Assets/Dialogue Database.asset using Guid(6a63e9f110c25fb4c80d53ed89a22a86) Importer(815301076,1909f56bfc062723c751e8b465ee728b)  -> (artifact id: 'bdcad15169eaa2bd5213d910539247b9') in 0.025662 seconds 
  Import took 0.032482 seconds .

========================================================================
Received Import Request.
  Time since last request: 0.000466 seconds.
  path: Assets/New Terrain 1.asset
  artifactKey: Guid(2657d98b3740f6645beb6d38c279d9d4) Importer(815301076,1909f56bfc062723c751e8b465ee728b)
Start importing Assets/New Terrain 1.asset using Guid(2657d98b3740f6645beb6d38c279d9d4) Importer(815301076,1909f56bfc062723c751e8b465ee728b)  -> (artifact id: '26dd1dc73f2668e4cdda3d812a5df436') in 0.040490 seconds 
  Import took 0.048021 seconds .

========================================================================
Received Import Request.
  Time since last request: 1.263223 seconds.
  path: Assets/Materials
  artifactKey: Guid(16ba69d7f2cd0ac45a01220cb4808be4) Importer(815301076,1909f56bfc062723c751e8b465ee728b)
Start importing Assets/Materials using Guid(16ba69d7f2cd0ac45a01220cb4808be4) Importer(815301076,1909f56bfc062723c751e8b465ee728b)  -> (artifact id: 'fda4a25c457cb156e3179b9f3192cba2') in 0.012212 seconds 
  Import took 0.045800 seconds .

========================================================================
Received Import Request.
  Time since last request: 0.000305 seconds.
  path: Assets/Materials/Blur.mat
  artifactKey: Guid(a4950279e24dd554ab5a738650587704) Importer(815301076,1909f56bfc062723c751e8b465ee728b)
Start importing Assets/Materials/Blur.mat using Guid(a4950279e24dd554ab5a738650587704) Importer(815301076,1909f56bfc062723c751e8b465ee728b)  -> (artifact id: '5bb7a10ba00e6d176897eb8126854926') in 0.372372 seconds 
  Import took 0.376985 seconds .

========================================================================
Received Import Request.
  Time since last request: 0.000546 seconds.
  path: Assets/Materials/Vase.mat
  artifactKey: Guid(98fa7adc618457d4b89fecce258afbb8) Importer(815301076,1909f56bfc062723c751e8b465ee728b)
Start importing Assets/Materials/Vase.mat using Guid(98fa7adc618457d4b89fecce258afbb8) Importer(815301076,1909f56bfc062723c751e8b465ee728b)  -> (artifact id: '225d21f3be016a40dbe9d132743e08f2') in 0.355839 seconds 
  Import took 0.404547 seconds .

========================================================================
Received Import Request.
  Time since last request: 4.425773 seconds.
  path: Assets/Scenes/Materials
  artifactKey: Guid(5a2dacdadf41d804f8bed3eca08b8d55) Importer(815301076,1909f56bfc062723c751e8b465ee728b)
Start importing Assets/Scenes/Materials using Guid(5a2dacdadf41d804f8bed3eca08b8d55) Importer(815301076,1909f56bfc062723c751e8b465ee728b)  -> (artifact id: '7f0a573e6d5c485a9a604d488770b2de') in 0.007978 seconds 
  Import took 0.079795 seconds .

========================================================================
Received Import Request.
  Time since last request: 0.003464 seconds.
  path: Assets/Scenes/Materials/2463a4ab331f0bba4c32ac2c45934714.mat
  artifactKey: Guid(34e778fb810c9fd4c8bfd941b2331525) Importer(815301076,1909f56bfc062723c751e8b465ee728b)
Start importing Assets/Scenes/Materials/2463a4ab331f0bba4c32ac2c45934714.mat using Guid(34e778fb810c9fd4c8bfd941b2331525) Importer(815301076,1909f56bfc062723c751e8b465ee728b)  -> (artifact id: 'faf8706eee29d95c0a05ad38c244b3a2') in 0.031345 seconds 
  Import took 0.063626 seconds .

========================================================================
Received Import Request.
  Time since last request: 0.000352 seconds.
  path: Assets/Scenes/Materials/滾輪大珠珠.mat
  artifactKey: Guid(7af185a060198db41abe52cbade2cb4e) Importer(815301076,1909f56bfc062723c751e8b465ee728b)
Start importing Assets/Scenes/Materials/滾輪大珠珠.mat using Guid(7af185a060198db41abe52cbade2cb4e) Importer(815301076,1909f56bfc062723c751e8b465ee728b)  -> (artifact id: '3ab811607b2fe99d40b408c8399221be') in 0.290281 seconds 
  Import took 0.330094 seconds .

========================================================================
Received Import Request.
  Time since last request: 0.000461 seconds.
  path: Assets/Scenes/Materials/Material #26.mat
  artifactKey: Guid(c06f3d60486f6b943aa4d27f738f39fd) Importer(815301076,1909f56bfc062723c751e8b465ee728b)
Start importing Assets/Scenes/Materials/Material #26.mat using Guid(c06f3d60486f6b943aa4d27f738f39fd) Importer(815301076,1909f56bfc062723c751e8b465ee728b)  -> (artifact id: 'db7e0c397140b564cda3772c98b1c69d') in 0.018958 seconds 
  Import took 0.029404 seconds .

========================================================================
Received Import Request.
  Time since last request: 0.000423 seconds.
  path: Assets/Scenes/Materials/窗戶卡榫.mat
  artifactKey: Guid(e66ef3378e5988a4fbd05f54f68fd383) Importer(815301076,1909f56bfc062723c751e8b465ee728b)
Start importing Assets/Scenes/Materials/窗戶卡榫.mat using Guid(e66ef3378e5988a4fbd05f54f68fd383) Importer(815301076,1909f56bfc062723c751e8b465ee728b)  -> (artifact id: '577602c3d47233ac5d31f05c3b73d8a7') in 0.029563 seconds 
  Import took 0.045239 seconds .

========================================================================
Received Import Request.
  Time since last request: 0.000308 seconds.
  path: Assets/Scenes/Materials/燈旁邊.mat
  artifactKey: Guid(3e3c99c42b43c5342b408f15c8fb6a1f) Importer(815301076,1909f56bfc062723c751e8b465ee728b)
Start importing Assets/Scenes/Materials/燈旁邊.mat using Guid(3e3c99c42b43c5342b408f15c8fb6a1f) Importer(815301076,1909f56bfc062723c751e8b465ee728b)  -> (artifact id: 'ea72bcf8d66eb8aebf94a1f150fb2566') in 0.028029 seconds 
  Import took 0.056467 seconds .

========================================================================
Received Import Request.
  Time since last request: 0.000320 seconds.
  path: Assets/Scenes/Materials/學校置物櫃.mat
  artifactKey: Guid(58d1db8b33c61b34a92f02889c0e8c08) Importer(815301076,1909f56bfc062723c751e8b465ee728b)
Start importing Assets/Scenes/Materials/學校置物櫃.mat using Guid(58d1db8b33c61b34a92f02889c0e8c08) Importer(815301076,1909f56bfc062723c751e8b465ee728b)  -> (artifact id: '387ba6c2be9922a0044905d13d20d4f0') in 0.021962 seconds 
  Import took 0.042656 seconds .

========================================================================
Received Import Request.
  Time since last request: 0.000266 seconds.
  path: Assets/Scenes/Materials/istockphoto-1083302826-170667a.mat
  artifactKey: Guid(8c4890b951e6dda4e83c7530df50983e) Importer(815301076,1909f56bfc062723c751e8b465ee728b)
Start importing Assets/Scenes/Materials/istockphoto-1083302826-170667a.mat using Guid(8c4890b951e6dda4e83c7530df50983e) Importer(815301076,1909f56bfc062723c751e8b465ee728b)  -> (artifact id: '71ff258907905f407986f63e659d5cb6') in 0.023270 seconds 
  Import took 0.028960 seconds .

========================================================================
Received Import Request.
  Time since last request: 0.000206 seconds.
  path: Assets/Scenes/Materials/Material #2009.mat
  artifactKey: Guid(d81184bf446d3dc4c86cd6d5c062ce83) Importer(815301076,1909f56bfc062723c751e8b465ee728b)
Start importing Assets/Scenes/Materials/Material #2009.mat using Guid(d81184bf446d3dc4c86cd6d5c062ce83) Importer(815301076,1909f56bfc062723c751e8b465ee728b)  -> (artifact id: 'd2e9e426ab3f967feb0f7fdd1739ba07') in 0.018287 seconds 
  Import took 0.072625 seconds .

========================================================================
Received Import Request.
  Time since last request: 0.000207 seconds.
  path: Assets/Scenes/Materials/布告爛3.mat
  artifactKey: Guid(538587e44dda4114e8a4e09cb8fedeee) Importer(815301076,1909f56bfc062723c751e8b465ee728b)
Start importing Assets/Scenes/Materials/布告爛3.mat using Guid(538587e44dda4114e8a4e09cb8fedeee) Importer(815301076,1909f56bfc062723c751e8b465ee728b)  -> (artifact id: '46a5688abd05a42e1590a5c51828385d') in 0.016960 seconds 
  Import took 0.021402 seconds .

========================================================================
Received Import Request.
  Time since last request: 0.000328 seconds.
  path: Assets/Scenes/Materials/窗戶透視.mat
  artifactKey: Guid(9c6fd1bb9c5f30d4992d0c245332b781) Importer(815301076,1909f56bfc062723c751e8b465ee728b)
Start importing Assets/Scenes/Materials/窗戶透視.mat using Guid(9c6fd1bb9c5f30d4992d0c245332b781) Importer(815301076,1909f56bfc062723c751e8b465ee728b)  -> (artifact id: 'eb80d68c57b51e71f796f3490b2a6b1e') in 0.030372 seconds 
  Import took 0.051244 seconds .

========================================================================
Received Import Request.
  Time since last request: 0.000326 seconds.
  path: Assets/Scenes/Materials/35313f610334986ef8b126b5822e24db.mat
  artifactKey: Guid(78fc957796f08de4fb0abb4ce3c5d0ad) Importer(815301076,1909f56bfc062723c751e8b465ee728b)
Start importing Assets/Scenes/Materials/35313f610334986ef8b126b5822e24db.mat using Guid(78fc957796f08de4fb0abb4ce3c5d0ad) Importer(815301076,1909f56bfc062723c751e8b465ee728b)  -> (artifact id: 'c5ff5e1707216d0a6914c08f8d637187') in 0.025214 seconds 
  Import took 0.045380 seconds .

========================================================================
Received Import Request.
  Time since last request: 0.000281 seconds.
  path: Assets/Scenes/Materials/天花板.mat
  artifactKey: Guid(dbba9d3d898446942b2cfade27923915) Importer(815301076,1909f56bfc062723c751e8b465ee728b)
Start importing Assets/Scenes/Materials/天花板.mat using Guid(dbba9d3d898446942b2cfade27923915) Importer(815301076,1909f56bfc062723c751e8b465ee728b)  -> (artifact id: 'ed46a16b8b64ce0c413429f6ce5797c6') in 0.019049 seconds 
  Import took 0.024791 seconds .

========================================================================
Received Import Request.
  Time since last request: 0.000328 seconds.
  path: Assets/Scenes/Materials/pngtree-stainless-steel-texture-image-image_265066.mat
  artifactKey: Guid(dbe615408b1658c4797ce2f517e8b5ac) Importer(815301076,1909f56bfc062723c751e8b465ee728b)
Start importing Assets/Scenes/Materials/pngtree-stainless-steel-texture-image-image_265066.mat using Guid(dbe615408b1658c4797ce2f517e8b5ac) Importer(815301076,1909f56bfc062723c751e8b465ee728b)  -> (artifact id: '18ff5298cf12dd42c96f8a8c24ade222') in 0.022240 seconds 
  Import took 0.040386 seconds .

========================================================================
Received Import Request.
  Time since last request: 0.000280 seconds.
  path: Assets/Scenes/Materials/253673984411268786dd3751018eae1f.mat
  artifactKey: Guid(0852606f163db04479b01b5c0d63f18a) Importer(815301076,1909f56bfc062723c751e8b465ee728b)
Start importing Assets/Scenes/Materials/253673984411268786dd3751018eae1f.mat using Guid(0852606f163db04479b01b5c0d63f18a) Importer(815301076,1909f56bfc062723c751e8b465ee728b)  -> (artifact id: '6d331795c33f1baf188fa7ce668e2054') in 0.023796 seconds 
  Import took 0.032786 seconds .

========================================================================
Received Import Request.
  Time since last request: 0.000196 seconds.
  path: Assets/Scenes/Materials/學校置物櫃門把.mat
  artifactKey: Guid(372d88524de5b4c4db0163e1ffb99510) Importer(815301076,1909f56bfc062723c751e8b465ee728b)
Start importing Assets/Scenes/Materials/學校置物櫃門把.mat using Guid(372d88524de5b4c4db0163e1ffb99510) Importer(815301076,1909f56bfc062723c751e8b465ee728b)  -> (artifact id: '9399dacc9ce3e414c6b30a9ad1efbc47') in 0.022926 seconds 
  Import took 0.031547 seconds .

========================================================================
Received Import Request.
  Time since last request: 0.000283 seconds.
  path: Assets/Scenes/Materials/istockphoto-898500426-170667a.mat
  artifactKey: Guid(bf4677180b850d04997bc4836475b6d6) Importer(815301076,1909f56bfc062723c751e8b465ee728b)
Start importing Assets/Scenes/Materials/istockphoto-898500426-170667a.mat using Guid(bf4677180b850d04997bc4836475b6d6) Importer(815301076,1909f56bfc062723c751e8b465ee728b)  -> (artifact id: '9c29d9fa114dbbc32bab6b265005b043') in 0.019593 seconds 
  Import took 0.026563 seconds .

========================================================================
Received Import Request.
  Time since last request: 0.000374 seconds.
  path: Assets/Scenes/Materials/Material #2006.mat
  artifactKey: Guid(036cae1d15b4e224eadbe54505b4058d) Importer(815301076,1909f56bfc062723c751e8b465ee728b)
Start importing Assets/Scenes/Materials/Material #2006.mat using Guid(036cae1d15b4e224eadbe54505b4058d) Importer(815301076,1909f56bfc062723c751e8b465ee728b)  -> (artifact id: '46ea03b521780f90fa8e49eb1e115782') in 0.019939 seconds 
  Import took 0.025333 seconds .

========================================================================
Received Import Request.
  Time since last request: 0.000279 seconds.
  path: Assets/Scenes/Materials/thumb-large-Wood-0692.mat
  artifactKey: Guid(a0f187eeb7e92cc4ea13f7b0b9449fef) Importer(815301076,1909f56bfc062723c751e8b465ee728b)
Start importing Assets/Scenes/Materials/thumb-large-Wood-0692.mat using Guid(a0f187eeb7e92cc4ea13f7b0b9449fef) Importer(815301076,1909f56bfc062723c751e8b465ee728b)  -> (artifact id: '2ebb5f4e6c2512645a42ed0466822f8d') in 0.022676 seconds 
  Import took 0.028126 seconds .

========================================================================
Received Import Request.
  Time since last request: 0.001507 seconds.
  path: Assets/Scenes/Materials/紅色蠟筆.mat
  artifactKey: Guid(2d6b24a1bcfd0c843b209701680e4dd7) Importer(815301076,1909f56bfc062723c751e8b465ee728b)
Start importing Assets/Scenes/Materials/紅色蠟筆.mat using Guid(2d6b24a1bcfd0c843b209701680e4dd7) Importer(815301076,1909f56bfc062723c751e8b465ee728b)  -> (artifact id: '8e1e8faf8a0698a018ee6c1b008d75e6') in 0.019998 seconds 
  Import took 0.038894 seconds .

========================================================================
Received Import Request.
  Time since last request: 0.000727 seconds.
  path: Assets/Scenes/Materials/Material #1758.mat
  artifactKey: Guid(4d993986b2b9d7b4d8a6754bbbb6aee1) Importer(815301076,1909f56bfc062723c751e8b465ee728b)
Start importing Assets/Scenes/Materials/Material #1758.mat using Guid(4d993986b2b9d7b4d8a6754bbbb6aee1) Importer(815301076,1909f56bfc062723c751e8b465ee728b)  -> (artifact id: '222890f97ac62dbfcdcb9d05891ae2a0') in 0.023044 seconds 
  Import took 0.035112 seconds .

========================================================================
Received Import Request.
  Time since last request: 0.000193 seconds.
  path: Assets/Scenes/Materials/建築天花板.mat
  artifactKey: Guid(242ff2134ab9f6c40824d519ef68cff9) Importer(815301076,1909f56bfc062723c751e8b465ee728b)
Start importing Assets/Scenes/Materials/建築天花板.mat using Guid(242ff2134ab9f6c40824d519ef68cff9) Importer(815301076,1909f56bfc062723c751e8b465ee728b)  -> (artifact id: '5aed6df5383d2fbbc4d5eae7303eca1f') in 0.024161 seconds 
  Import took 0.028380 seconds .

========================================================================
Received Import Request.
  Time since last request: 0.000285 seconds.
  path: Assets/Scenes/Materials/螢幕擷取畫面 2022-01-31 155342.mat
  artifactKey: Guid(91a58cfbd01b1d445ade00fd1fac27c9) Importer(815301076,1909f56bfc062723c751e8b465ee728b)
Start importing Assets/Scenes/Materials/螢幕擷取畫面 2022-01-31 155342.mat using Guid(91a58cfbd01b1d445ade00fd1fac27c9) Importer(815301076,1909f56bfc062723c751e8b465ee728b)  -> (artifact id: 'fa22588dd7155bd14c2ddfe18d135cc9') in 0.017399 seconds 
  Import took 0.034201 seconds .

========================================================================
Received Import Request.
  Time since last request: 0.000265 seconds.
  path: Assets/Scenes/Materials/滾輪.mat
  artifactKey: Guid(10f413bf9bb6c7c42ae52d4dc4faf77b) Importer(815301076,1909f56bfc062723c751e8b465ee728b)
Start importing Assets/Scenes/Materials/滾輪.mat using Guid(10f413bf9bb6c7c42ae52d4dc4faf77b) Importer(815301076,1909f56bfc062723c751e8b465ee728b)  -> (artifact id: '129400e817c54ae235cbad2337a2d32e') in 0.017858 seconds 
  Import took 0.022513 seconds .

========================================================================
Received Import Request.
  Time since last request: 0.001174 seconds.
  path: Assets/Scenes/Materials/燈管.mat
  artifactKey: Guid(611231467d0ec0c40bb6c75bb46086a4) Importer(815301076,1909f56bfc062723c751e8b465ee728b)
Start importing Assets/Scenes/Materials/燈管.mat using Guid(611231467d0ec0c40bb6c75bb46086a4) Importer(815301076,1909f56bfc062723c751e8b465ee728b)  -> (artifact id: '988eaf121fe33bd23f379bfc24d29b87') in 0.024074 seconds 
  Import took 0.030736 seconds .

========================================================================
Received Import Request.
  Time since last request: 0.000318 seconds.
  path: Assets/Scenes/Materials/牆壁.mat
  artifactKey: Guid(c6a2f95a6b849974daf62c1fdfb23650) Importer(815301076,1909f56bfc062723c751e8b465ee728b)
Start importing Assets/Scenes/Materials/牆壁.mat using Guid(c6a2f95a6b849974daf62c1fdfb23650) Importer(815301076,1909f56bfc062723c751e8b465ee728b)  -> (artifact id: '6745a20f04f7d0de936a5e705b0535d9') in 0.025788 seconds 
  Import took 0.051522 seconds .

========================================================================
Received Import Request.
  Time since last request: 0.000319 seconds.
  path: Assets/Scenes/Materials/門框.mat
  artifactKey: Guid(b5bd45cd901af62489958a69d38a9119) Importer(815301076,1909f56bfc062723c751e8b465ee728b)
Start importing Assets/Scenes/Materials/門框.mat using Guid(b5bd45cd901af62489958a69d38a9119) Importer(815301076,1909f56bfc062723c751e8b465ee728b)  -> (artifact id: 'd21c05889d0cd1c3a7b8d4e459456397') in 0.023292 seconds 
  Import took 0.029605 seconds .

========================================================================
Received Import Request.
  Time since last request: 0.000212 seconds.
  path: Assets/Scenes/Materials/o1080046314336016170.mat
  artifactKey: Guid(a5704d458ea5f0046b61b62e37e2a205) Importer(815301076,1909f56bfc062723c751e8b465ee728b)
Start importing Assets/Scenes/Materials/o1080046314336016170.mat using Guid(a5704d458ea5f0046b61b62e37e2a205) Importer(815301076,1909f56bfc062723c751e8b465ee728b)  -> (artifact id: '9956360ae0db15a2ef9eed3c52df0380') in 0.023638 seconds 
  Import took 0.028590 seconds .

========================================================================
Received Import Request.
  Time since last request: 0.000732 seconds.
  path: Assets/Scenes/Materials/thumb-large-Wood-0683.mat
  artifactKey: Guid(87030963fc905cb488f7c8659036964a) Importer(815301076,1909f56bfc062723c751e8b465ee728b)
Start importing Assets/Scenes/Materials/thumb-large-Wood-0683.mat using Guid(87030963fc905cb488f7c8659036964a) Importer(815301076,1909f56bfc062723c751e8b465ee728b)  -> (artifact id: '83ed6159667e3d79e25a713c04e1e556') in 0.018640 seconds 
  Import took 0.083914 seconds .

========================================================================
Received Import Request.
  Time since last request: 0.000274 seconds.
  path: Assets/Scenes/Materials/白色蠟筆.mat
  artifactKey: Guid(49163aee28e7753479f62e3f785b7088) Importer(815301076,1909f56bfc062723c751e8b465ee728b)
Start importing Assets/Scenes/Materials/白色蠟筆.mat using Guid(49163aee28e7753479f62e3f785b7088) Importer(815301076,1909f56bfc062723c751e8b465ee728b)  -> (artifact id: '32203c8c6c2888076fb2a65f32566a41') in 0.020439 seconds 
  Import took 0.026646 seconds .

========================================================================
Received Import Request.
  Time since last request: 0.000686 seconds.
  path: Assets/Scenes/Materials/60120130-Concrete-Texture.mat
  artifactKey: Guid(e674ac5da4fe90544a08719b92fba5f5) Importer(815301076,1909f56bfc062723c751e8b465ee728b)
Start importing Assets/Scenes/Materials/60120130-Concrete-Texture.mat using Guid(e674ac5da4fe90544a08719b92fba5f5) Importer(815301076,1909f56bfc062723c751e8b465ee728b)  -> (artifact id: '0ee70f26f6509030aa611a629b434432') in 0.024769 seconds 
  Import took 0.034978 seconds .

========================================================================
Received Import Request.
  Time since last request: 0.000595 seconds.
  path: Assets/Scenes/Materials/4351e5dea942e3cdf734058272425dd7.mat
  artifactKey: Guid(6e716775fdc3a374ca11df8a528e1d85) Importer(815301076,1909f56bfc062723c751e8b465ee728b)
Start importing Assets/Scenes/Materials/4351e5dea942e3cdf734058272425dd7.mat using Guid(6e716775fdc3a374ca11df8a528e1d85) Importer(815301076,1909f56bfc062723c751e8b465ee728b)  -> (artifact id: '2e9ce783c0ace97e4d61bdc91e26d885') in 0.023041 seconds 
  Import took 0.030063 seconds .

========================================================================
Received Import Request.
  Time since last request: 0.000286 seconds.
  path: Assets/Scenes/Materials/窗戶卡榫 邊卡.mat
  artifactKey: Guid(2519fed529ffb004e831298c5e53d122) Importer(815301076,1909f56bfc062723c751e8b465ee728b)
Start importing Assets/Scenes/Materials/窗戶卡榫 邊卡.mat using Guid(2519fed529ffb004e831298c5e53d122) Importer(815301076,1909f56bfc062723c751e8b465ee728b)  -> (artifact id: '89332a9857f5b3e9e20d4ba72fa82885') in 0.023016 seconds 
  Import took 0.028084 seconds .

========================================================================
Received Import Request.
  Time since last request: 0.000313 seconds.
  path: Assets/Scenes/Materials/窗框.mat
  artifactKey: Guid(8f2983e102798f44a8b6c2c38532a83f) Importer(815301076,1909f56bfc062723c751e8b465ee728b)
Start importing Assets/Scenes/Materials/窗框.mat using Guid(8f2983e102798f44a8b6c2c38532a83f) Importer(815301076,1909f56bfc062723c751e8b465ee728b)  -> (artifact id: '718d994c5aa9c61ec6168db2e922f852') in 0.021014 seconds 
  Import took 0.026832 seconds .

========================================================================
Received Import Request.
  Time since last request: 0.000338 seconds.
  path: Assets/Scenes/Materials/Material #2008.mat
  artifactKey: Guid(472572c2b931f204a91e626bd8bfc1b0) Importer(815301076,1909f56bfc062723c751e8b465ee728b)
Start importing Assets/Scenes/Materials/Material #2008.mat using Guid(472572c2b931f204a91e626bd8bfc1b0) Importer(815301076,1909f56bfc062723c751e8b465ee728b)  -> (artifact id: '36619d78c693643ac9ab5420f2cee303') in 0.021721 seconds 
  Import took 0.028794 seconds .

========================================================================
Received Import Request.
  Time since last request: 0.000315 seconds.
  path: Assets/Scenes/Materials/綠色蠟筆.mat
  artifactKey: Guid(33276e17e9072b34d96b75d71cd8a746) Importer(815301076,1909f56bfc062723c751e8b465ee728b)
Start importing Assets/Scenes/Materials/綠色蠟筆.mat using Guid(33276e17e9072b34d96b75d71cd8a746) Importer(815301076,1909f56bfc062723c751e8b465ee728b)  -> (artifact id: '883c95212fa005064c1ff167122ce882') in 0.022646 seconds 
  Import took 0.028063 seconds .

========================================================================
Received Import Request.
  Time since last request: 0.000955 seconds.
  path: Assets/Scenes/Materials/Material #2602.mat
  artifactKey: Guid(012ebee6e517d1f4991cc144f6da2181) Importer(815301076,1909f56bfc062723c751e8b465ee728b)
Start importing Assets/Scenes/Materials/Material #2602.mat using Guid(012ebee6e517d1f4991cc144f6da2181) Importer(815301076,1909f56bfc062723c751e8b465ee728b)  -> (artifact id: 'b63ab5407b92fe8626459d7caa4bd3a5') in 0.021267 seconds 
  Import took 0.041054 seconds .

========================================================================
Received Import Request.
  Time since last request: 0.000193 seconds.
  path: Assets/Scenes/Materials/樓梯欄杆.mat
  artifactKey: Guid(96eb0c99e7826cf4f9846c1fdf0dfbcb) Importer(815301076,1909f56bfc062723c751e8b465ee728b)
Start importing Assets/Scenes/Materials/樓梯欄杆.mat using Guid(96eb0c99e7826cf4f9846c1fdf0dfbcb) Importer(815301076,1909f56bfc062723c751e8b465ee728b)  -> (artifact id: '68969695f03806ec341b9ab1fa4cdac2') in 0.021998 seconds 
  Import took 0.028273 seconds .

========================================================================
Received Prepare
Registering precompiled user dll's ...
Registered in 0.001546 seconds.
Begin MonoManager ReloadAssembly
Native extension for WindowsStandalone target not found
Native extension for WebGL target not found
Refreshing native plugins compatible for Editor in 0.38 ms, found 0 plugins.
Preloading 0 native plugins for Editor in 0.00 ms.
Mono: successfully reloaded assembly
- Completed reload, in  0.802 seconds
Domain Reload Profiling:
	ReloadAssembly (802ms)
		BeginReloadAssembly (125ms)
			ExecutionOrderSort (0ms)
			DisableScriptedObjects (4ms)
			BackupInstance (0ms)
			ReleaseScriptingObjects (0ms)
			CreateAndSetChildDomain (25ms)
		EndReloadAssembly (618ms)
			LoadAssemblies (106ms)
			RebuildTransferFunctionScriptingTraits (0ms)
			SetupTypeCache (225ms)
			ReleaseScriptCaches (1ms)
			RebuildScriptCaches (39ms)
			SetupLoadedEditorAssemblies (179ms)
				LogAssemblyErrors (0ms)
				InitializePlatformSupportModulesInManaged (6ms)
				SetLoadedEditorAssemblies (1ms)
				RefreshPlugins (0ms)
				BeforeProcessingInitializeOnLoad (41ms)
				ProcessInitializeOnLoadAttributes (125ms)
				ProcessInitializeOnLoadMethodAttributes (4ms)
				AfterProcessingInitializeOnLoad (2ms)
				EditorAssembliesLoaded (0ms)
			ExecutionOrderSort2 (0ms)
			AwakeInstancesAfterBackupRestoration (6ms)
Platform modules already initialized, skipping
Refreshing native plugins compatible for Editor in 0.41 ms, found 0 plugins.
Preloading 0 native plugins for Editor in 0.00 ms.
Unloading 2065 Unused Serialized files (Serialized files now loaded: 0)
System memory in use before: 116.1 MB.
System memory in use after: 116.3 MB.

Unloading 6 unused Assets to reduce memory usage. Loaded Objects now: 2585.
Total: 2.430500 ms (FindLiveObjects: 0.202500 ms CreateObjectMapping: 0.056800 ms MarkObjects: 2.128200 ms  DeleteObjects: 0.042300 ms)

AssetImportParameters requested are different than current active one (requested -> active):
  custom:framework-win-MediaFoundation: 216162199b28c13a410421893ffa2e32 -> 
  custom:video-decoder-ogg-theora: a1e56fd34408186e4bbccfd4996cb3dc -> 
  custom:container-muxer-webm: aa71ff27fc2769a1b78a27578f13a17b -> 
  custom:container-demuxer-webm: 4f35f7cbe854078d1ac9338744f61a02 -> 
  custom:container-demuxer-ogg: 62fdf1f143b41e24485cea50d1cbac27 -> 
  custom:video-encoder-webm-vp8: eb34c28f22e8b96e1ab97ce403110664 -> 
  custom:video-decoder-webm-vp8: 9c59270c3fd7afecdb556c50c9e8de78 -> 
  custom:audio-decoder-ogg-vorbis: bf7c407c2cedff20999df2af8eb42d56 -> 
  custom:audio-encoder-webm-vorbis: bf7c407c2cedff20999df2af8eb42d56 -> 
========================================================================
Received Prepare
Registering precompiled user dll's ...
Registered in 0.001705 seconds.
Begin MonoManager ReloadAssembly
Native extension for WindowsStandalone target not found
Native extension for WebGL target not found
Refreshing native plugins compatible for Editor in 0.42 ms, found 0 plugins.
Preloading 0 native plugins for Editor in 0.00 ms.
Mono: successfully reloaded assembly
- Completed reload, in  0.943 seconds
Domain Reload Profiling:
	ReloadAssembly (943ms)
		BeginReloadAssembly (133ms)
			ExecutionOrderSort (0ms)
			DisableScriptedObjects (5ms)
			BackupInstance (0ms)
			ReleaseScriptingObjects (0ms)
			CreateAndSetChildDomain (25ms)
		EndReloadAssembly (749ms)
			LoadAssemblies (134ms)
			RebuildTransferFunctionScriptingTraits (0ms)
			SetupTypeCache (250ms)
			ReleaseScriptCaches (1ms)
			RebuildScriptCaches (54ms)
			SetupLoadedEditorAssemblies (199ms)
				LogAssemblyErrors (0ms)
				InitializePlatformSupportModulesInManaged (12ms)
				SetLoadedEditorAssemblies (1ms)
				RefreshPlugins (1ms)
				BeforeProcessingInitializeOnLoad (43ms)
				ProcessInitializeOnLoadAttributes (135ms)
				ProcessInitializeOnLoadMethodAttributes (5ms)
				AfterProcessingInitializeOnLoad (3ms)
				EditorAssembliesLoaded (0ms)
			ExecutionOrderSort2 (0ms)
			AwakeInstancesAfterBackupRestoration (8ms)
Platform modules already initialized, skipping
Refreshing native plugins compatible for Editor in 0.44 ms, found 0 plugins.
Preloading 0 native plugins for Editor in 0.00 ms.
Unloading 2065 Unused Serialized files (Serialized files now loaded: 0)
System memory in use before: 116.1 MB.
System memory in use after: 116.2 MB.

Unloading 6 unused Assets to reduce memory usage. Loaded Objects now: 2587.
Total: 2.279500 ms (FindLiveObjects: 0.209600 ms CreateObjectMapping: 0.107800 ms MarkObjects: 1.946100 ms  DeleteObjects: 0.015000 ms)

AssetImportParameters requested are different than current active one (requested -> active):
  custom:framework-win-MediaFoundation: 216162199b28c13a410421893ffa2e32 -> 
  custom:video-decoder-ogg-theora: a1e56fd34408186e4bbccfd4996cb3dc -> 
  custom:container-muxer-webm: aa71ff27fc2769a1b78a27578f13a17b -> 
  custom:container-demuxer-webm: 4f35f7cbe854078d1ac9338744f61a02 -> 
  custom:container-demuxer-ogg: 62fdf1f143b41e24485cea50d1cbac27 -> 
  custom:video-encoder-webm-vp8: eb34c28f22e8b96e1ab97ce403110664 -> 
  custom:video-decoder-webm-vp8: 9c59270c3fd7afecdb556c50c9e8de78 -> 
  custom:audio-decoder-ogg-vorbis: bf7c407c2cedff20999df2af8eb42d56 -> 
  custom:audio-encoder-webm-vorbis: bf7c407c2cedff20999df2af8eb42d56 -> 
========================================================================
Received Prepare
Registering precompiled user dll's ...
Registered in 0.001874 seconds.
Begin MonoManager ReloadAssembly
Native extension for WindowsStandalone target not found
Native extension for WebGL target not found
Refreshing native plugins compatible for Editor in 0.40 ms, found 0 plugins.
Preloading 0 native plugins for Editor in 0.00 ms.
Mono: successfully reloaded assembly
- Completed reload, in  1.460 seconds
Domain Reload Profiling:
	ReloadAssembly (1461ms)
		BeginReloadAssembly (421ms)
			ExecutionOrderSort (0ms)
			DisableScriptedObjects (8ms)
			BackupInstance (0ms)
			ReleaseScriptingObjects (0ms)
			CreateAndSetChildDomain (33ms)
		EndReloadAssembly (935ms)
			LoadAssemblies (346ms)
			RebuildTransferFunctionScriptingTraits (0ms)
			SetupTypeCache (382ms)
			ReleaseScriptCaches (1ms)
			RebuildScriptCaches (68ms)
			SetupLoadedEditorAssemblies (200ms)
				LogAssemblyErrors (0ms)
				InitializePlatformSupportModulesInManaged (6ms)
				SetLoadedEditorAssemblies (0ms)
				RefreshPlugins (0ms)
				BeforeProcessingInitializeOnLoad (43ms)
				ProcessInitializeOnLoadAttributes (141ms)
				ProcessInitializeOnLoadMethodAttributes (5ms)
				AfterProcessingInitializeOnLoad (2ms)
				EditorAssembliesLoaded (0ms)
			ExecutionOrderSort2 (0ms)
			AwakeInstancesAfterBackupRestoration (7ms)
Platform modules already initialized, skipping
Refreshing native plugins compatible for Editor in 0.50 ms, found 0 plugins.
Preloading 0 native plugins for Editor in 0.00 ms.
Unloading 2065 Unused Serialized files (Serialized files now loaded: 0)
System memory in use before: 116.2 MB.
System memory in use after: 116.3 MB.

Unloading 6 unused Assets to reduce memory usage. Loaded Objects now: 2589.
Total: 3.299700 ms (FindLiveObjects: 0.401800 ms CreateObjectMapping: 0.112000 ms MarkObjects: 2.750900 ms  DeleteObjects: 0.034000 ms)

AssetImportParameters requested are different than current active one (requested -> active):
  custom:framework-win-MediaFoundation: 216162199b28c13a410421893ffa2e32 -> 
  custom:video-decoder-ogg-theora: a1e56fd34408186e4bbccfd4996cb3dc -> 
  custom:container-muxer-webm: aa71ff27fc2769a1b78a27578f13a17b -> 
  custom:container-demuxer-webm: 4f35f7cbe854078d1ac9338744f61a02 -> 
  custom:container-demuxer-ogg: 62fdf1f143b41e24485cea50d1cbac27 -> 
  custom:video-encoder-webm-vp8: eb34c28f22e8b96e1ab97ce403110664 -> 
  custom:video-decoder-webm-vp8: 9c59270c3fd7afecdb556c50c9e8de78 -> 
  custom:audio-decoder-ogg-vorbis: bf7c407c2cedff20999df2af8eb42d56 -> 
  custom:audio-encoder-webm-vorbis: bf7c407c2cedff20999df2af8eb42d56 -> 
========================================================================
Received Prepare
Registering precompiled user dll's ...
Registered in 0.001982 seconds.
Begin MonoManager ReloadAssembly
Native extension for WindowsStandalone target not found
Native extension for WebGL target not found
Refreshing native plugins compatible for Editor in 0.69 ms, found 0 plugins.
Preloading 0 native plugins for Editor in 0.00 ms.
Mono: successfully reloaded assembly
- Completed reload, in  1.963 seconds
Domain Reload Profiling:
	ReloadAssembly (1964ms)
		BeginReloadAssembly (203ms)
			ExecutionOrderSort (0ms)
			DisableScriptedObjects (8ms)
			BackupInstance (0ms)
			ReleaseScriptingObjects (0ms)
			CreateAndSetChildDomain (34ms)
		EndReloadAssembly (1638ms)
			LoadAssemblies (221ms)
			RebuildTransferFunctionScriptingTraits (0ms)
			SetupTypeCache (518ms)
			ReleaseScriptCaches (1ms)
			RebuildScriptCaches (121ms)
			SetupLoadedEditorAssemblies (482ms)
				LogAssemblyErrors (0ms)
				InitializePlatformSupportModulesInManaged (14ms)
				SetLoadedEditorAssemblies (2ms)
				RefreshPlugins (1ms)
				BeforeProcessingInitializeOnLoad (107ms)
				ProcessInitializeOnLoadAttributes (339ms)
				ProcessInitializeOnLoadMethodAttributes (12ms)
				AfterProcessingInitializeOnLoad (7ms)
				EditorAssembliesLoaded (1ms)
			ExecutionOrderSort2 (0ms)
			AwakeInstancesAfterBackupRestoration (24ms)
Platform modules already initialized, skipping
Refreshing native plugins compatible for Editor in 0.87 ms, found 0 plugins.
Preloading 0 native plugins for Editor in 0.00 ms.
Unloading 2065 Unused Serialized files (Serialized files now loaded: 0)
System memory in use before: 116.2 MB.
System memory in use after: 116.3 MB.

Unloading 6 unused Assets to reduce memory usage. Loaded Objects now: 2591.
Total: 5.740500 ms (FindLiveObjects: 0.357500 ms CreateObjectMapping: 0.144500 ms MarkObjects: 5.208200 ms  DeleteObjects: 0.028400 ms)

AssetImportParameters requested are different than current active one (requested -> active):
  custom:framework-win-MediaFoundation: 216162199b28c13a410421893ffa2e32 -> 
  custom:video-decoder-ogg-theora: a1e56fd34408186e4bbccfd4996cb3dc -> 
  custom:container-muxer-webm: aa71ff27fc2769a1b78a27578f13a17b -> 
  custom:container-demuxer-webm: 4f35f7cbe854078d1ac9338744f61a02 -> 
  custom:container-demuxer-ogg: 62fdf1f143b41e24485cea50d1cbac27 -> 
  custom:video-encoder-webm-vp8: eb34c28f22e8b96e1ab97ce403110664 -> 
  custom:video-decoder-webm-vp8: 9c59270c3fd7afecdb556c50c9e8de78 -> 
  custom:audio-decoder-ogg-vorbis: bf7c407c2cedff20999df2af8eb42d56 -> 
  custom:audio-encoder-webm-vorbis: bf7c407c2cedff20999df2af8eb42d56 -> 
