Using pre-set license
Built from '2020.3/staging' branch; Version is '2020.3.21f1 (a38c86f6690f) revision 10718342'; Using compiler version '192528614'; Build Type 'Release'
OS: 'Windows 10 Home; OS build 19044.1586; Version 2009; 64bit' Language: 'zh' Physical Memory: 8043 MB
BatchMode: 1, IsHumanControllingUs: 0, StartBugReporterOnCrash: 0, Is64bit: 1, IsPro: 0

COMMAND LINE ARGUMENTS:
D:\unity\2020.3.21f1\Editor\Unity.exe
-adb2
-batchMode
-noUpm
-name
AssetImportWorker2
-projectPath
D:/IM23-4/Unity/First version
-logFile
Logs/AssetImportWorker2.log
-srvPort
61227
Successfully changed project path to: D:/IM23-4/Unity/First version
D:/IM23-4/Unity/First version
Using Asset Import Pipeline V2.
Refreshing native plugins compatible for Editor in 191.59 ms, found 0 plugins.
Preloading 0 native plugins for Editor in 0.00 ms.
Initialize engine version: 2020.3.21f1 (a38c86f6690f)
[Subsystems] Discovering subsystems at path D:/unity/2020.3.21f1/Editor/Data/Resources/UnitySubsystems
[Subsystems] Discovering subsystems at path D:/IM23-4/Unity/First version/Assets
GfxDevice: creating device client; threaded=0
Direct3D:
    Version:  Direct3D 11.0 [level 11.1]
    Renderer: NVIDIA GeForce MX250 (ID=0x1d13)
    Vendor:   
    VRAM:     1983 MB
    Driver:   27.21.14.6259
Shader 'MTE/Specialized/Mali 400/Surface/3 Textures/Bumped': fallback shader 'MTE/Specialized/Mali 400/Legacy/3 Textures/Diffuse' not found
Shader 'MTE/Specialized/Mali 400/Surface/2 Textures/Bumped': fallback shader 'MTE/Specialized/Mali 400/Legacy/2 Textures/Diffuse' not found
Initialize mono
Mono path[0] = 'D:/unity/2020.3.21f1/Editor/Data/Managed'
Mono path[1] = 'D:/unity/2020.3.21f1/Editor/Data/MonoBleedingEdge/lib/mono/unityjit'
Mono config path = 'D:/unity/2020.3.21f1/Editor/Data/MonoBleedingEdge/etc'
Using monoOptions --debugger-agent=transport=dt_socket,embedding=1,server=y,suspend=n,address=127.0.0.1:56392
Begin MonoManager ReloadAssembly
Registering precompiled unity dll's ...
Register platform support module: D:/unity/2020.3.21f1/Editor/Data/PlaybackEngines/WebGLSupport/UnityEditor.WebGL.Extensions.dll
Register platform support module: D:/unity/2020.3.21f1/Editor/Data/PlaybackEngines/WindowsStandaloneSupport/UnityEditor.WindowsStandalone.Extensions.dll
Registered in 0.036909 seconds.
Native extension for WindowsStandalone target not found
Native extension for WebGL target not found
Refreshing native plugins compatible for Editor in 253.72 ms, found 0 plugins.
Preloading 0 native plugins for Editor in 0.00 ms.
Mono: successfully reloaded assembly
- Completed reload, in 10.431 seconds
Domain Reload Profiling:
	ReloadAssembly (10431ms)
		BeginReloadAssembly (181ms)
			ExecutionOrderSort (0ms)
			DisableScriptedObjects (0ms)
			BackupInstance (0ms)
			ReleaseScriptingObjects (0ms)
			CreateAndSetChildDomain (2ms)
		EndReloadAssembly (994ms)
			LoadAssemblies (189ms)
			RebuildTransferFunctionScriptingTraits (0ms)
			SetupTypeCache (278ms)
			ReleaseScriptCaches (0ms)
			RebuildScriptCaches (38ms)
			SetupLoadedEditorAssemblies (504ms)
				LogAssemblyErrors (0ms)
				InitializePlatformSupportModulesInManaged (6ms)
				SetLoadedEditorAssemblies (0ms)
				RefreshPlugins (254ms)
				BeforeProcessingInitializeOnLoad (14ms)
				ProcessInitializeOnLoadAttributes (143ms)
				ProcessInitializeOnLoadMethodAttributes (86ms)
				AfterProcessingInitializeOnLoad (0ms)
				EditorAssembliesLoaded (0ms)
			ExecutionOrderSort2 (0ms)
			AwakeInstancesAfterBackupRestoration (0ms)
Platform modules already initialized, skipping
Registering precompiled user dll's ...
Registered in 0.028542 seconds.
Begin MonoManager ReloadAssembly
Native extension for WindowsStandalone target not found
Native extension for WebGL target not found
Refreshing native plugins compatible for Editor in 1.70 ms, found 0 plugins.
Preloading 0 native plugins for Editor in 0.00 ms.
Initializing Mesh Terrain Editor v3.8.3f3 on Unity 2020.3.21f1...
UnityEngine.StackTraceUtility:ExtractStackTrace ()
UnityEngine.DebugLogHandler:LogFormat (UnityEngine.LogType,UnityEngine.Object,string,object[])
UnityEngine.Logger:Log (UnityEngine.LogType,object)
UnityEngine.Debug:Log (object)
_FuAa0apOXcBEDUbygoBKJgWdThLA_:‎⁭​⁫‮⁫⁯⁯‌⁬‪⁬​⁮‮‪⁫‏​⁫‎⁯⁫‫​‎⁫‎⁪⁪‮​‍‬‏⁮⁫‫⁪‎‮ (object)
_FuAa0apOXcBEDUbygoBKJgWdThLA_:_uszO4IMycJrCed7gCcAibymGBYi_ (bool)
_FuAa0apOXcBEDUbygoBKJgWdThLA_:_QEB9KlaajdYafdGKVY8bk0l8NsDA_ ()
_FuAa0apOXcBEDUbygoBKJgWdThLA_:.cctor ()
System.Runtime.CompilerServices.RuntimeHelpers:RunClassConstructor (System.RuntimeTypeHandle)
UnityEditor.EditorAssemblies:ProcessInitializeOnLoadAttributes (System.Type[])

[MTE]找不到Amplify Shader Editor，基于ASE的功能可能无法使用。请升级ASE到最新版本重启Unity再试。
UnityEngine.StackTraceUtility:ExtractStackTrace ()
UnityEngine.DebugLogHandler:LogFormat (UnityEngine.LogType,UnityEngine.Object,string,object[])
UnityEngine.Logger:Log (UnityEngine.LogType,object)
UnityEngine.Debug:LogWarning (object)
MTE.MTEDebug:‏‭‎‏‭⁯‌⁫⁪‬⁮‎⁬‫⁮⁮​‮⁯‪⁭⁪⁭⁭‌‏‮‏‌⁪⁬⁮‏‪⁪‭⁪‮‏⁭‮ (object)
MTE.MTEDebug:LogWarning (string)
_FuAa0apOXcBEDUbygoBKJgWdThLA_:_uszO4IMycJrCed7gCcAibymGBYi_ (bool)
_FuAa0apOXcBEDUbygoBKJgWdThLA_:_QEB9KlaajdYafdGKVY8bk0l8NsDA_ ()
_FuAa0apOXcBEDUbygoBKJgWdThLA_:.cctor ()
System.Runtime.CompilerServices.RuntimeHelpers:RunClassConstructor (System.RuntimeTypeHandle)
UnityEditor.EditorAssemblies:ProcessInitializeOnLoadAttributes (System.Type[])

Initializing Mesh Terrain Editor...Done
UnityEngine.StackTraceUtility:ExtractStackTrace ()
UnityEngine.DebugLogHandler:LogFormat (UnityEngine.LogType,UnityEngine.Object,string,object[])
UnityEngine.Logger:Log (UnityEngine.LogType,object)
UnityEngine.Debug:Log (object)
_FuAa0apOXcBEDUbygoBKJgWdThLA_:‎⁭​⁫‮⁫⁯⁯‌⁬‪⁬​⁮‮‪⁫‏​⁫‎⁯⁫‫​‎⁫‎⁪⁪‮​‍‬‏⁮⁫‫⁪‎‮ (object)
_FuAa0apOXcBEDUbygoBKJgWdThLA_:_uszO4IMycJrCed7gCcAibymGBYi_ (bool)
_FuAa0apOXcBEDUbygoBKJgWdThLA_:_QEB9KlaajdYafdGKVY8bk0l8NsDA_ ()
_FuAa0apOXcBEDUbygoBKJgWdThLA_:.cctor ()
System.Runtime.CompilerServices.RuntimeHelpers:RunClassConstructor (System.RuntimeTypeHandle)
UnityEditor.EditorAssemblies:ProcessInitializeOnLoadAttributes (System.Type[])

Mono: successfully reloaded assembly
- Completed reload, in  6.769 seconds
Domain Reload Profiling:
	ReloadAssembly (6770ms)
		BeginReloadAssembly (162ms)
			ExecutionOrderSort (0ms)
			DisableScriptedObjects (5ms)
			BackupInstance (0ms)
			ReleaseScriptingObjects (0ms)
			CreateAndSetChildDomain (20ms)
		EndReloadAssembly (6546ms)
			LoadAssemblies (418ms)
			RebuildTransferFunctionScriptingTraits (0ms)
			SetupTypeCache (372ms)
			ReleaseScriptCaches (0ms)
			RebuildScriptCaches (84ms)
			SetupLoadedEditorAssemblies (5528ms)
				LogAssemblyErrors (0ms)
				InitializePlatformSupportModulesInManaged (9ms)
				SetLoadedEditorAssemblies (1ms)
				RefreshPlugins (2ms)
				BeforeProcessingInitializeOnLoad (84ms)
				ProcessInitializeOnLoadAttributes (5342ms)
				ProcessInitializeOnLoadMethodAttributes (87ms)
				AfterProcessingInitializeOnLoad (2ms)
				EditorAssembliesLoaded (0ms)
			ExecutionOrderSort2 (0ms)
			AwakeInstancesAfterBackupRestoration (7ms)
Platform modules already initialized, skipping
========================================================================
Worker process is ready to serve import requests
Shader 'MTE/Specialized/Mali 400/Surface/3 Textures/Bumped': fallback shader 'MTE/Specialized/Mali 400/Legacy/3 Textures/Diffuse' not found
Shader 'MTE/Specialized/Mali 400/Surface/2 Textures/Bumped': fallback shader 'MTE/Specialized/Mali 400/Legacy/2 Textures/Diffuse' not found
Launched and connected shader compiler UnityShaderCompiler.exe after 0.36 seconds
Refreshing native plugins compatible for Editor in 5.98 ms, found 0 plugins.
Preloading 0 native plugins for Editor in 0.00 ms.
Unloading 2255 Unused Serialized files (Serialized files now loaded: 0)
System memory in use before: 273.2 MB.
System memory in use after: 271.1 MB.

Unloading 23 unused Assets to reduce memory usage. Loaded Objects now: 2761.
Total: 10.702600 ms (FindLiveObjects: 1.904700 ms CreateObjectMapping: 0.629500 ms MarkObjects: 5.308600 ms  DeleteObjects: 2.788300 ms)

AssetImportParameters requested are different than current active one (requested -> active):
  custom:framework-win-MediaFoundation: 216162199b28c13a410421893ffa2e32 -> 
  custom:video-decoder-ogg-theora: a1e56fd34408186e4bbccfd4996cb3dc -> 
  custom:container-muxer-webm: aa71ff27fc2769a1b78a27578f13a17b -> 
  custom:container-demuxer-webm: 4f35f7cbe854078d1ac9338744f61a02 -> 
  custom:container-demuxer-ogg: 62fdf1f143b41e24485cea50d1cbac27 -> 
  custom:video-encoder-webm-vp8: eb34c28f22e8b96e1ab97ce403110664 -> 
  custom:video-decoder-webm-vp8: 9c59270c3fd7afecdb556c50c9e8de78 -> 
  custom:audio-decoder-ogg-vorbis: bf7c407c2cedff20999df2af8eb42d56 -> 
  custom:audio-encoder-webm-vorbis: bf7c407c2cedff20999df2af8eb42d56 -> 
========================================================================
Received Import Request.
  path: Assets/章節/第一章/教室/0328樓踢.fbx
  artifactKey: Guid(3bfb3b0784b8b1d49912d799bdf9f197) Importer(815301076,1909f56bfc062723c751e8b465ee728b)
Start importing Assets/章節/第一章/教室/0328樓踢.fbx using Guid(3bfb3b0784b8b1d49912d799bdf9f197) Importer(815301076,1909f56bfc062723c751e8b465ee728b)  -> (artifact id: '010de26a30b910783dfded782b9c615d') in 1.422952 seconds 
  Import took 1.638759 seconds .

========================================================================
Received Import Request.
  Time since last request: 18.696855 seconds.
  path: Assets/章節/第一章/教室/0328樓踢.fbx
  artifactKey: Guid(3bfb3b0784b8b1d49912d799bdf9f197) Importer(815301076,1909f56bfc062723c751e8b465ee728b)
Start importing Assets/章節/第一章/教室/0328樓踢.fbx using Guid(3bfb3b0784b8b1d49912d799bdf9f197) Importer(815301076,1909f56bfc062723c751e8b465ee728b)  -> (artifact id: 'cabc17518e2da003e80f811de1f07bf6') in 0.581081 seconds 
  Import took 0.673178 seconds .

========================================================================
Received Import Request.
  Time since last request: 47.263006 seconds.
  path: Assets/章節/第一章/教室/0328樓踢.fbx
  artifactKey: Guid(3bfb3b0784b8b1d49912d799bdf9f197) Importer(815301076,1909f56bfc062723c751e8b465ee728b)
Start importing Assets/章節/第一章/教室/0328樓踢.fbx using Guid(3bfb3b0784b8b1d49912d799bdf9f197) Importer(815301076,1909f56bfc062723c751e8b465ee728b)  -> (artifact id: '5e5464aaeffd77664d9ad2de8ab900c9') in 0.223003 seconds 
  Import took 0.300070 seconds .

========================================================================
Received Prepare
Registering precompiled user dll's ...
Registered in 0.035934 seconds.
Begin MonoManager ReloadAssembly
Native extension for WindowsStandalone target not found
Native extension for WebGL target not found
Refreshing native plugins compatible for Editor in 1.14 ms, found 0 plugins.
Preloading 0 native plugins for Editor in 0.00 ms.
Initializing Mesh Terrain Editor v3.8.3f3 on Unity 2020.3.21f1...
UnityEngine.StackTraceUtility:ExtractStackTrace ()
UnityEngine.DebugLogHandler:LogFormat (UnityEngine.LogType,UnityEngine.Object,string,object[])
UnityEngine.Logger:Log (UnityEngine.LogType,object)
UnityEngine.Debug:Log (object)
_FuAa0apOXcBEDUbygoBKJgWdThLA_:‎⁭​⁫‮⁫⁯⁯‌⁬‪⁬​⁮‮‪⁫‏​⁫‎⁯⁫‫​‎⁫‎⁪⁪‮​‍‬‏⁮⁫‫⁪‎‮ (object)
_FuAa0apOXcBEDUbygoBKJgWdThLA_:_uszO4IMycJrCed7gCcAibymGBYi_ (bool)
_FuAa0apOXcBEDUbygoBKJgWdThLA_:_QEB9KlaajdYafdGKVY8bk0l8NsDA_ ()
_FuAa0apOXcBEDUbygoBKJgWdThLA_:.cctor ()
System.Runtime.CompilerServices.RuntimeHelpers:RunClassConstructor (System.RuntimeTypeHandle)
UnityEditor.EditorAssemblies:ProcessInitializeOnLoadAttributes (System.Type[])

[MTE]找不到Amplify Shader Editor，基于ASE的功能可能无法使用。请升级ASE到最新版本重启Unity再试。
UnityEngine.StackTraceUtility:ExtractStackTrace ()
UnityEngine.DebugLogHandler:LogFormat (UnityEngine.LogType,UnityEngine.Object,string,object[])
UnityEngine.Logger:Log (UnityEngine.LogType,object)
UnityEngine.Debug:LogWarning (object)
MTE.MTEDebug:‏‭‎‏‭⁯‌⁫⁪‬⁮‎⁬‫⁮⁮​‮⁯‪⁭⁪⁭⁭‌‏‮‏‌⁪⁬⁮‏‪⁪‭⁪‮‏⁭‮ (object)
MTE.MTEDebug:LogWarning (string)
_FuAa0apOXcBEDUbygoBKJgWdThLA_:_uszO4IMycJrCed7gCcAibymGBYi_ (bool)
_FuAa0apOXcBEDUbygoBKJgWdThLA_:_QEB9KlaajdYafdGKVY8bk0l8NsDA_ ()
_FuAa0apOXcBEDUbygoBKJgWdThLA_:.cctor ()
System.Runtime.CompilerServices.RuntimeHelpers:RunClassConstructor (System.RuntimeTypeHandle)
UnityEditor.EditorAssemblies:ProcessInitializeOnLoadAttributes (System.Type[])

Initializing Mesh Terrain Editor...Done
UnityEngine.StackTraceUtility:ExtractStackTrace ()
UnityEngine.DebugLogHandler:LogFormat (UnityEngine.LogType,UnityEngine.Object,string,object[])
UnityEngine.Logger:Log (UnityEngine.LogType,object)
UnityEngine.Debug:Log (object)
_FuAa0apOXcBEDUbygoBKJgWdThLA_:‎⁭​⁫‮⁫⁯⁯‌⁬‪⁬​⁮‮‪⁫‏​⁫‎⁯⁫‫​‎⁫‎⁪⁪‮​‍‬‏⁮⁫‫⁪‎‮ (object)
_FuAa0apOXcBEDUbygoBKJgWdThLA_:_uszO4IMycJrCed7gCcAibymGBYi_ (bool)
_FuAa0apOXcBEDUbygoBKJgWdThLA_:_QEB9KlaajdYafdGKVY8bk0l8NsDA_ ()
_FuAa0apOXcBEDUbygoBKJgWdThLA_:.cctor ()
System.Runtime.CompilerServices.RuntimeHelpers:RunClassConstructor (System.RuntimeTypeHandle)
UnityEditor.EditorAssemblies:ProcessInitializeOnLoadAttributes (System.Type[])

Mono: successfully reloaded assembly
- Completed reload, in  8.715 seconds
Domain Reload Profiling:
	ReloadAssembly (8716ms)
		BeginReloadAssembly (348ms)
			ExecutionOrderSort (0ms)
			DisableScriptedObjects (14ms)
			BackupInstance (0ms)
			ReleaseScriptingObjects (0ms)
			CreateAndSetChildDomain (115ms)
		EndReloadAssembly (8219ms)
			LoadAssemblies (276ms)
			RebuildTransferFunctionScriptingTraits (0ms)
			SetupTypeCache (630ms)
			ReleaseScriptCaches (1ms)
			RebuildScriptCaches (119ms)
			SetupLoadedEditorAssemblies (6998ms)
				LogAssemblyErrors (0ms)
				InitializePlatformSupportModulesInManaged (15ms)
				SetLoadedEditorAssemblies (2ms)
				RefreshPlugins (1ms)
				BeforeProcessingInitializeOnLoad (102ms)
				ProcessInitializeOnLoadAttributes (6697ms)
				ProcessInitializeOnLoadMethodAttributes (176ms)
				AfterProcessingInitializeOnLoad (4ms)
				EditorAssembliesLoaded (1ms)
			ExecutionOrderSort2 (0ms)
			AwakeInstancesAfterBackupRestoration (30ms)
Platform modules already initialized, skipping
Shader 'MTE/Specialized/Mali 400/Surface/3 Textures/Bumped': fallback shader 'MTE/Specialized/Mali 400/Legacy/3 Textures/Diffuse' not found
Shader 'MTE/Specialized/Mali 400/Surface/2 Textures/Bumped': fallback shader 'MTE/Specialized/Mali 400/Legacy/2 Textures/Diffuse' not found
Refreshing native plugins compatible for Editor in 1.66 ms, found 0 plugins.
Preloading 0 native plugins for Editor in 0.00 ms.
Unloading 2157 Unused Serialized files (Serialized files now loaded: 0)
System memory in use before: 276.6 MB.
System memory in use after: 274.7 MB.

Unloading 18 unused Assets to reduce memory usage. Loaded Objects now: 2806.
Total: 11.119300 ms (FindLiveObjects: 0.812600 ms CreateObjectMapping: 0.285200 ms MarkObjects: 7.195500 ms  DeleteObjects: 2.823000 ms)

AssetImportParameters requested are different than current active one (requested -> active):
  custom:framework-win-MediaFoundation: 216162199b28c13a410421893ffa2e32 -> 
  custom:video-decoder-ogg-theora: a1e56fd34408186e4bbccfd4996cb3dc -> 
  custom:container-muxer-webm: aa71ff27fc2769a1b78a27578f13a17b -> 
  custom:container-demuxer-webm: 4f35f7cbe854078d1ac9338744f61a02 -> 
  custom:container-demuxer-ogg: 62fdf1f143b41e24485cea50d1cbac27 -> 
  custom:video-encoder-webm-vp8: eb34c28f22e8b96e1ab97ce403110664 -> 
  custom:video-decoder-webm-vp8: 9c59270c3fd7afecdb556c50c9e8de78 -> 
  custom:audio-decoder-ogg-vorbis: bf7c407c2cedff20999df2af8eb42d56 -> 
  custom:audio-encoder-webm-vorbis: bf7c407c2cedff20999df2af8eb42d56 -> 
========================================================================
Received Prepare
Registering precompiled user dll's ...
Registered in 0.002516 seconds.
Begin MonoManager ReloadAssembly
Native extension for WindowsStandalone target not found
Native extension for WebGL target not found
Refreshing native plugins compatible for Editor in 0.59 ms, found 0 plugins.
Preloading 0 native plugins for Editor in 0.00 ms.
Initializing Mesh Terrain Editor v3.8.3f3 on Unity 2020.3.21f1...
UnityEngine.StackTraceUtility:ExtractStackTrace ()
UnityEngine.DebugLogHandler:LogFormat (UnityEngine.LogType,UnityEngine.Object,string,object[])
UnityEngine.Logger:Log (UnityEngine.LogType,object)
UnityEngine.Debug:Log (object)
_FuAa0apOXcBEDUbygoBKJgWdThLA_:‎⁭​⁫‮⁫⁯⁯‌⁬‪⁬​⁮‮‪⁫‏​⁫‎⁯⁫‫​‎⁫‎⁪⁪‮​‍‬‏⁮⁫‫⁪‎‮ (object)
_FuAa0apOXcBEDUbygoBKJgWdThLA_:_uszO4IMycJrCed7gCcAibymGBYi_ (bool)
_FuAa0apOXcBEDUbygoBKJgWdThLA_:_QEB9KlaajdYafdGKVY8bk0l8NsDA_ ()
_FuAa0apOXcBEDUbygoBKJgWdThLA_:.cctor ()
System.Runtime.CompilerServices.RuntimeHelpers:RunClassConstructor (System.RuntimeTypeHandle)
UnityEditor.EditorAssemblies:ProcessInitializeOnLoadAttributes (System.Type[])

[MTE]找不到Amplify Shader Editor，基于ASE的功能可能无法使用。请升级ASE到最新版本重启Unity再试。
UnityEngine.StackTraceUtility:ExtractStackTrace ()
UnityEngine.DebugLogHandler:LogFormat (UnityEngine.LogType,UnityEngine.Object,string,object[])
UnityEngine.Logger:Log (UnityEngine.LogType,object)
UnityEngine.Debug:LogWarning (object)
MTE.MTEDebug:‏‭‎‏‭⁯‌⁫⁪‬⁮‎⁬‫⁮⁮​‮⁯‪⁭⁪⁭⁭‌‏‮‏‌⁪⁬⁮‏‪⁪‭⁪‮‏⁭‮ (object)
MTE.MTEDebug:LogWarning (string)
_FuAa0apOXcBEDUbygoBKJgWdThLA_:_uszO4IMycJrCed7gCcAibymGBYi_ (bool)
_FuAa0apOXcBEDUbygoBKJgWdThLA_:_QEB9KlaajdYafdGKVY8bk0l8NsDA_ ()
_FuAa0apOXcBEDUbygoBKJgWdThLA_:.cctor ()
System.Runtime.CompilerServices.RuntimeHelpers:RunClassConstructor (System.RuntimeTypeHandle)
UnityEditor.EditorAssemblies:ProcessInitializeOnLoadAttributes (System.Type[])

Initializing Mesh Terrain Editor...Done
UnityEngine.StackTraceUtility:ExtractStackTrace ()
UnityEngine.DebugLogHandler:LogFormat (UnityEngine.LogType,UnityEngine.Object,string,object[])
UnityEngine.Logger:Log (UnityEngine.LogType,object)
UnityEngine.Debug:Log (object)
_FuAa0apOXcBEDUbygoBKJgWdThLA_:‎⁭​⁫‮⁫⁯⁯‌⁬‪⁬​⁮‮‪⁫‏​⁫‎⁯⁫‫​‎⁫‎⁪⁪‮​‍‬‏⁮⁫‫⁪‎‮ (object)
_FuAa0apOXcBEDUbygoBKJgWdThLA_:_uszO4IMycJrCed7gCcAibymGBYi_ (bool)
_FuAa0apOXcBEDUbygoBKJgWdThLA_:_QEB9KlaajdYafdGKVY8bk0l8NsDA_ ()
_FuAa0apOXcBEDUbygoBKJgWdThLA_:.cctor ()
System.Runtime.CompilerServices.RuntimeHelpers:RunClassConstructor (System.RuntimeTypeHandle)
UnityEditor.EditorAssemblies:ProcessInitializeOnLoadAttributes (System.Type[])

Mono: successfully reloaded assembly
- Completed reload, in  2.386 seconds
Domain Reload Profiling:
	ReloadAssembly (2387ms)
		BeginReloadAssembly (159ms)
			ExecutionOrderSort (0ms)
			DisableScriptedObjects (4ms)
			BackupInstance (0ms)
			ReleaseScriptingObjects (0ms)
			CreateAndSetChildDomain (32ms)
		EndReloadAssembly (2159ms)
			LoadAssemblies (125ms)
			RebuildTransferFunctionScriptingTraits (0ms)
			SetupTypeCache (270ms)
			ReleaseScriptCaches (1ms)
			RebuildScriptCaches (43ms)
			SetupLoadedEditorAssemblies (1622ms)
				LogAssemblyErrors (0ms)
				InitializePlatformSupportModulesInManaged (11ms)
				SetLoadedEditorAssemblies (1ms)
				RefreshPlugins (1ms)
				BeforeProcessingInitializeOnLoad (72ms)
				ProcessInitializeOnLoadAttributes (1444ms)
				ProcessInitializeOnLoadMethodAttributes (90ms)
				AfterProcessingInitializeOnLoad (4ms)
				EditorAssembliesLoaded (0ms)
			ExecutionOrderSort2 (0ms)
			AwakeInstancesAfterBackupRestoration (9ms)
Platform modules already initialized, skipping
Shader 'MTE/Specialized/Mali 400/Surface/2 Textures/Bumped': fallback shader 'MTE/Specialized/Mali 400/Legacy/2 Textures/Diffuse' not found
Shader 'MTE/Specialized/Mali 400/Surface/3 Textures/Bumped': fallback shader 'MTE/Specialized/Mali 400/Legacy/3 Textures/Diffuse' not found
Refreshing native plugins compatible for Editor in 0.93 ms, found 0 plugins.
Preloading 0 native plugins for Editor in 0.00 ms.
Unloading 2157 Unused Serialized files (Serialized files now loaded: 0)
System memory in use before: 277.2 MB.
System memory in use after: 275.3 MB.

Unloading 18 unused Assets to reduce memory usage. Loaded Objects now: 2809.
Total: 5.522600 ms (FindLiveObjects: 0.446900 ms CreateObjectMapping: 0.213500 ms MarkObjects: 3.584600 ms  DeleteObjects: 1.275800 ms)

AssetImportParameters requested are different than current active one (requested -> active):
  custom:framework-win-MediaFoundation: 216162199b28c13a410421893ffa2e32 -> 
  custom:video-decoder-ogg-theora: a1e56fd34408186e4bbccfd4996cb3dc -> 
  custom:container-muxer-webm: aa71ff27fc2769a1b78a27578f13a17b -> 
  custom:container-demuxer-webm: 4f35f7cbe854078d1ac9338744f61a02 -> 
  custom:container-demuxer-ogg: 62fdf1f143b41e24485cea50d1cbac27 -> 
  custom:video-encoder-webm-vp8: eb34c28f22e8b96e1ab97ce403110664 -> 
  custom:video-decoder-webm-vp8: 9c59270c3fd7afecdb556c50c9e8de78 -> 
  custom:audio-decoder-ogg-vorbis: bf7c407c2cedff20999df2af8eb42d56 -> 
  custom:audio-encoder-webm-vorbis: bf7c407c2cedff20999df2af8eb42d56 -> 
========================================================================
Received Prepare
Registering precompiled user dll's ...
Registered in 0.001587 seconds.
Begin MonoManager ReloadAssembly
Native extension for WindowsStandalone target not found
Native extension for WebGL target not found
Refreshing native plugins compatible for Editor in 0.63 ms, found 0 plugins.
Preloading 0 native plugins for Editor in 0.00 ms.
Initializing Mesh Terrain Editor v3.8.3f3 on Unity 2020.3.21f1...
UnityEngine.StackTraceUtility:ExtractStackTrace ()
UnityEngine.DebugLogHandler:LogFormat (UnityEngine.LogType,UnityEngine.Object,string,object[])
UnityEngine.Logger:Log (UnityEngine.LogType,object)
UnityEngine.Debug:Log (object)
_FuAa0apOXcBEDUbygoBKJgWdThLA_:‎⁭​⁫‮⁫⁯⁯‌⁬‪⁬​⁮‮‪⁫‏​⁫‎⁯⁫‫​‎⁫‎⁪⁪‮​‍‬‏⁮⁫‫⁪‎‮ (object)
_FuAa0apOXcBEDUbygoBKJgWdThLA_:_uszO4IMycJrCed7gCcAibymGBYi_ (bool)
_FuAa0apOXcBEDUbygoBKJgWdThLA_:_QEB9KlaajdYafdGKVY8bk0l8NsDA_ ()
_FuAa0apOXcBEDUbygoBKJgWdThLA_:.cctor ()
System.Runtime.CompilerServices.RuntimeHelpers:RunClassConstructor (System.RuntimeTypeHandle)
UnityEditor.EditorAssemblies:ProcessInitializeOnLoadAttributes (System.Type[])

[MTE]找不到Amplify Shader Editor，基于ASE的功能可能无法使用。请升级ASE到最新版本重启Unity再试。
UnityEngine.StackTraceUtility:ExtractStackTrace ()
UnityEngine.DebugLogHandler:LogFormat (UnityEngine.LogType,UnityEngine.Object,string,object[])
UnityEngine.Logger:Log (UnityEngine.LogType,object)
UnityEngine.Debug:LogWarning (object)
MTE.MTEDebug:‏‭‎‏‭⁯‌⁫⁪‬⁮‎⁬‫⁮⁮​‮⁯‪⁭⁪⁭⁭‌‏‮‏‌⁪⁬⁮‏‪⁪‭⁪‮‏⁭‮ (object)
MTE.MTEDebug:LogWarning (string)
_FuAa0apOXcBEDUbygoBKJgWdThLA_:_uszO4IMycJrCed7gCcAibymGBYi_ (bool)
_FuAa0apOXcBEDUbygoBKJgWdThLA_:_QEB9KlaajdYafdGKVY8bk0l8NsDA_ ()
_FuAa0apOXcBEDUbygoBKJgWdThLA_:.cctor ()
System.Runtime.CompilerServices.RuntimeHelpers:RunClassConstructor (System.RuntimeTypeHandle)
UnityEditor.EditorAssemblies:ProcessInitializeOnLoadAttributes (System.Type[])

Initializing Mesh Terrain Editor...Done
UnityEngine.StackTraceUtility:ExtractStackTrace ()
UnityEngine.DebugLogHandler:LogFormat (UnityEngine.LogType,UnityEngine.Object,string,object[])
UnityEngine.Logger:Log (UnityEngine.LogType,object)
UnityEngine.Debug:Log (object)
_FuAa0apOXcBEDUbygoBKJgWdThLA_:‎⁭​⁫‮⁫⁯⁯‌⁬‪⁬​⁮‮‪⁫‏​⁫‎⁯⁫‫​‎⁫‎⁪⁪‮​‍‬‏⁮⁫‫⁪‎‮ (object)
_FuAa0apOXcBEDUbygoBKJgWdThLA_:_uszO4IMycJrCed7gCcAibymGBYi_ (bool)
_FuAa0apOXcBEDUbygoBKJgWdThLA_:_QEB9KlaajdYafdGKVY8bk0l8NsDA_ ()
_FuAa0apOXcBEDUbygoBKJgWdThLA_:.cctor ()
System.Runtime.CompilerServices.RuntimeHelpers:RunClassConstructor (System.RuntimeTypeHandle)
UnityEditor.EditorAssemblies:ProcessInitializeOnLoadAttributes (System.Type[])

Mono: successfully reloaded assembly
- Completed reload, in  2.105 seconds
Domain Reload Profiling:
	ReloadAssembly (2105ms)
		BeginReloadAssembly (139ms)
			ExecutionOrderSort (0ms)
			DisableScriptedObjects (4ms)
			BackupInstance (0ms)
			ReleaseScriptingObjects (0ms)
			CreateAndSetChildDomain (35ms)
		EndReloadAssembly (1888ms)
			LoadAssemblies (126ms)
			RebuildTransferFunctionScriptingTraits (0ms)
			SetupTypeCache (353ms)
			ReleaseScriptCaches (1ms)
			RebuildScriptCaches (43ms)
			SetupLoadedEditorAssemblies (1274ms)
				LogAssemblyErrors (0ms)
				InitializePlatformSupportModulesInManaged (6ms)
				SetLoadedEditorAssemblies (1ms)
				RefreshPlugins (1ms)
				BeforeProcessingInitializeOnLoad (45ms)
				ProcessInitializeOnLoadAttributes (1124ms)
				ProcessInitializeOnLoadMethodAttributes (93ms)
				AfterProcessingInitializeOnLoad (4ms)
				EditorAssembliesLoaded (0ms)
			ExecutionOrderSort2 (0ms)
			AwakeInstancesAfterBackupRestoration (10ms)
Platform modules already initialized, skipping
Shader 'MTE/Specialized/Mali 400/Surface/2 Textures/Bumped': fallback shader 'MTE/Specialized/Mali 400/Legacy/2 Textures/Diffuse' not found
Shader 'MTE/Specialized/Mali 400/Surface/3 Textures/Bumped': fallback shader 'MTE/Specialized/Mali 400/Legacy/3 Textures/Diffuse' not found
Refreshing native plugins compatible for Editor in 0.60 ms, found 0 plugins.
Preloading 0 native plugins for Editor in 0.00 ms.
Unloading 2157 Unused Serialized files (Serialized files now loaded: 0)
System memory in use before: 277.2 MB.
System memory in use after: 275.3 MB.

Unloading 18 unused Assets to reduce memory usage. Loaded Objects now: 2812.
Total: 4.599600 ms (FindLiveObjects: 0.309000 ms CreateObjectMapping: 0.127900 ms MarkObjects: 3.038800 ms  DeleteObjects: 1.122800 ms)

AssetImportParameters requested are different than current active one (requested -> active):
  custom:framework-win-MediaFoundation: 216162199b28c13a410421893ffa2e32 -> 
  custom:video-decoder-ogg-theora: a1e56fd34408186e4bbccfd4996cb3dc -> 
  custom:container-muxer-webm: aa71ff27fc2769a1b78a27578f13a17b -> 
  custom:container-demuxer-webm: 4f35f7cbe854078d1ac9338744f61a02 -> 
  custom:container-demuxer-ogg: 62fdf1f143b41e24485cea50d1cbac27 -> 
  custom:video-encoder-webm-vp8: eb34c28f22e8b96e1ab97ce403110664 -> 
  custom:video-decoder-webm-vp8: 9c59270c3fd7afecdb556c50c9e8de78 -> 
  custom:audio-decoder-ogg-vorbis: bf7c407c2cedff20999df2af8eb42d56 -> 
  custom:audio-encoder-webm-vorbis: bf7c407c2cedff20999df2af8eb42d56 -> 
========================================================================
Received Import Request.
  Time since last request: 862.885612 seconds.
  path: Assets/章節/第一章/教室/0328樓踢.fbx
  artifactKey: Guid(3bfb3b0784b8b1d49912d799bdf9f197) Importer(815301076,1909f56bfc062723c751e8b465ee728b)
Start importing Assets/章節/第一章/教室/0328樓踢.fbx using Guid(3bfb3b0784b8b1d49912d799bdf9f197) Importer(815301076,1909f56bfc062723c751e8b465ee728b)  -> (artifact id: 'dde13fc51dd5ddb218b8a732d18c1d6e') in 0.420054 seconds 
  Import took 0.469941 seconds .

========================================================================
Received Import Request.
  Time since last request: 30.172364 seconds.
  path: Assets/章節/第一章/教室/0328樓踢.fbx
  artifactKey: Guid(3bfb3b0784b8b1d49912d799bdf9f197) Importer(815301076,1909f56bfc062723c751e8b465ee728b)
Start importing Assets/章節/第一章/教室/0328樓踢.fbx using Guid(3bfb3b0784b8b1d49912d799bdf9f197) Importer(815301076,1909f56bfc062723c751e8b465ee728b)  -> (artifact id: '38d98afa1f0852a669607cea60096f48') in 0.249568 seconds 
  Import took 0.302336 seconds .

========================================================================
Received Import Request.
  Time since last request: 57.475401 seconds.
  path: Assets/章節/第一章/教室/0328樓踢.fbx
  artifactKey: Guid(3bfb3b0784b8b1d49912d799bdf9f197) Importer(815301076,1909f56bfc062723c751e8b465ee728b)
Start importing Assets/章節/第一章/教室/0328樓踢.fbx using Guid(3bfb3b0784b8b1d49912d799bdf9f197) Importer(815301076,1909f56bfc062723c751e8b465ee728b)  -> (artifact id: '25d6cb7688f1f5ea09225daa6cbf7e07') in 0.215838 seconds 
  Import took 0.265951 seconds .

========================================================================
Received Import Request.
  Time since last request: 10.193932 seconds.
  path: Assets/章節/第一章/教室/0328樓踢.fbx
  artifactKey: Guid(3bfb3b0784b8b1d49912d799bdf9f197) Importer(815301076,1909f56bfc062723c751e8b465ee728b)
Start importing Assets/章節/第一章/教室/0328樓踢.fbx using Guid(3bfb3b0784b8b1d49912d799bdf9f197) Importer(815301076,1909f56bfc062723c751e8b465ee728b)  -> (artifact id: '12045be5ed84f2385fc77eb8b2350a29') in 0.239143 seconds 
  Import took 0.331859 seconds .

========================================================================
Received Import Request.
  Time since last request: 794.941635 seconds.
  path: Assets/章節/第一章/教室/0328樓踢.fbx
  artifactKey: Guid(3bfb3b0784b8b1d49912d799bdf9f197) Importer(815301076,1909f56bfc062723c751e8b465ee728b)
Start importing Assets/章節/第一章/教室/0328樓踢.fbx using Guid(3bfb3b0784b8b1d49912d799bdf9f197) Importer(815301076,1909f56bfc062723c751e8b465ee728b)  -> (artifact id: '5a4c97fcd05bfe01f7c3f6910c29cba1') in 0.265105 seconds 
  Import took 0.325595 seconds .

========================================================================
Received Import Request.
  Time since last request: 7.206838 seconds.
  path: Assets/章節/第一章/教室/0328樓踢.fbx
  artifactKey: Guid(3bfb3b0784b8b1d49912d799bdf9f197) Importer(815301076,1909f56bfc062723c751e8b465ee728b)
Start importing Assets/章節/第一章/教室/0328樓踢.fbx using Guid(3bfb3b0784b8b1d49912d799bdf9f197) Importer(815301076,1909f56bfc062723c751e8b465ee728b)  -> (artifact id: '3b36c0642f7340c56ff9c6aed24ccbe1') in 0.282029 seconds 
  Import took 0.320737 seconds .

========================================================================
Received Prepare
Registering precompiled user dll's ...
Registered in 0.001815 seconds.
Begin MonoManager ReloadAssembly
Native extension for WindowsStandalone target not found
Native extension for WebGL target not found
Refreshing native plugins compatible for Editor in 0.53 ms, found 0 plugins.
Preloading 0 native plugins for Editor in 0.00 ms.
Initializing Mesh Terrain Editor v3.8.3f3 on Unity 2020.3.21f1...
UnityEngine.StackTraceUtility:ExtractStackTrace ()
UnityEngine.DebugLogHandler:LogFormat (UnityEngine.LogType,UnityEngine.Object,string,object[])
UnityEngine.Logger:Log (UnityEngine.LogType,object)
UnityEngine.Debug:Log (object)
_FuAa0apOXcBEDUbygoBKJgWdThLA_:‎⁭​⁫‮⁫⁯⁯‌⁬‪⁬​⁮‮‪⁫‏​⁫‎⁯⁫‫​‎⁫‎⁪⁪‮​‍‬‏⁮⁫‫⁪‎‮ (object)
_FuAa0apOXcBEDUbygoBKJgWdThLA_:_uszO4IMycJrCed7gCcAibymGBYi_ (bool)
_FuAa0apOXcBEDUbygoBKJgWdThLA_:_QEB9KlaajdYafdGKVY8bk0l8NsDA_ ()
_FuAa0apOXcBEDUbygoBKJgWdThLA_:.cctor ()
System.Runtime.CompilerServices.RuntimeHelpers:RunClassConstructor (System.RuntimeTypeHandle)
UnityEditor.EditorAssemblies:ProcessInitializeOnLoadAttributes (System.Type[])

[MTE]找不到Amplify Shader Editor，基于ASE的功能可能无法使用。请升级ASE到最新版本重启Unity再试。
UnityEngine.StackTraceUtility:ExtractStackTrace ()
UnityEngine.DebugLogHandler:LogFormat (UnityEngine.LogType,UnityEngine.Object,string,object[])
UnityEngine.Logger:Log (UnityEngine.LogType,object)
UnityEngine.Debug:LogWarning (object)
MTE.MTEDebug:‏‭‎‏‭⁯‌⁫⁪‬⁮‎⁬‫⁮⁮​‮⁯‪⁭⁪⁭⁭‌‏‮‏‌⁪⁬⁮‏‪⁪‭⁪‮‏⁭‮ (object)
MTE.MTEDebug:LogWarning (string)
_FuAa0apOXcBEDUbygoBKJgWdThLA_:_uszO4IMycJrCed7gCcAibymGBYi_ (bool)
_FuAa0apOXcBEDUbygoBKJgWdThLA_:_QEB9KlaajdYafdGKVY8bk0l8NsDA_ ()
_FuAa0apOXcBEDUbygoBKJgWdThLA_:.cctor ()
System.Runtime.CompilerServices.RuntimeHelpers:RunClassConstructor (System.RuntimeTypeHandle)
UnityEditor.EditorAssemblies:ProcessInitializeOnLoadAttributes (System.Type[])

Initializing Mesh Terrain Editor...Done
UnityEngine.StackTraceUtility:ExtractStackTrace ()
UnityEngine.DebugLogHandler:LogFormat (UnityEngine.LogType,UnityEngine.Object,string,object[])
UnityEngine.Logger:Log (UnityEngine.LogType,object)
UnityEngine.Debug:Log (object)
_FuAa0apOXcBEDUbygoBKJgWdThLA_:‎⁭​⁫‮⁫⁯⁯‌⁬‪⁬​⁮‮‪⁫‏​⁫‎⁯⁫‫​‎⁫‎⁪⁪‮​‍‬‏⁮⁫‫⁪‎‮ (object)
_FuAa0apOXcBEDUbygoBKJgWdThLA_:_uszO4IMycJrCed7gCcAibymGBYi_ (bool)
_FuAa0apOXcBEDUbygoBKJgWdThLA_:_QEB9KlaajdYafdGKVY8bk0l8NsDA_ ()
_FuAa0apOXcBEDUbygoBKJgWdThLA_:.cctor ()
System.Runtime.CompilerServices.RuntimeHelpers:RunClassConstructor (System.RuntimeTypeHandle)
UnityEditor.EditorAssemblies:ProcessInitializeOnLoadAttributes (System.Type[])

Mono: successfully reloaded assembly
- Completed reload, in  4.188 seconds
Domain Reload Profiling:
	ReloadAssembly (4192ms)
		BeginReloadAssembly (333ms)
			ExecutionOrderSort (0ms)
			DisableScriptedObjects (17ms)
			BackupInstance (0ms)
			ReleaseScriptingObjects (0ms)
			CreateAndSetChildDomain (182ms)
		EndReloadAssembly (3785ms)
			LoadAssemblies (148ms)
			RebuildTransferFunctionScriptingTraits (0ms)
			SetupTypeCache (252ms)
			ReleaseScriptCaches (7ms)
			RebuildScriptCaches (97ms)
			SetupLoadedEditorAssemblies (3183ms)
				LogAssemblyErrors (0ms)
				InitializePlatformSupportModulesInManaged (10ms)
				SetLoadedEditorAssemblies (1ms)
				RefreshPlugins (1ms)
				BeforeProcessingInitializeOnLoad (57ms)
				ProcessInitializeOnLoadAttributes (2988ms)
				ProcessInitializeOnLoadMethodAttributes (124ms)
				AfterProcessingInitializeOnLoad (2ms)
				EditorAssembliesLoaded (0ms)
			ExecutionOrderSort2 (0ms)
			AwakeInstancesAfterBackupRestoration (7ms)
Platform modules already initialized, skipping
Shader 'MTE/Specialized/Mali 400/Surface/2 Textures/Bumped': fallback shader 'MTE/Specialized/Mali 400/Legacy/2 Textures/Diffuse' not found
Shader 'MTE/Specialized/Mali 400/Surface/3 Textures/Bumped': fallback shader 'MTE/Specialized/Mali 400/Legacy/3 Textures/Diffuse' not found
Refreshing native plugins compatible for Editor in 1.74 ms, found 0 plugins.
Preloading 0 native plugins for Editor in 0.00 ms.
Unloading 2157 Unused Serialized files (Serialized files now loaded: 0)
System memory in use before: 277.4 MB.
System memory in use after: 275.5 MB.

Unloading 18 unused Assets to reduce memory usage. Loaded Objects now: 2816.
Total: 6.874000 ms (FindLiveObjects: 0.898600 ms CreateObjectMapping: 0.294300 ms MarkObjects: 4.075400 ms  DeleteObjects: 1.602200 ms)

AssetImportParameters requested are different than current active one (requested -> active):
  custom:framework-win-MediaFoundation: 216162199b28c13a410421893ffa2e32 -> 
  custom:video-decoder-ogg-theora: a1e56fd34408186e4bbccfd4996cb3dc -> 
  custom:container-muxer-webm: aa71ff27fc2769a1b78a27578f13a17b -> 
  custom:container-demuxer-webm: 4f35f7cbe854078d1ac9338744f61a02 -> 
  custom:container-demuxer-ogg: 62fdf1f143b41e24485cea50d1cbac27 -> 
  custom:video-encoder-webm-vp8: eb34c28f22e8b96e1ab97ce403110664 -> 
  custom:video-decoder-webm-vp8: 9c59270c3fd7afecdb556c50c9e8de78 -> 
  custom:audio-decoder-ogg-vorbis: bf7c407c2cedff20999df2af8eb42d56 -> 
  custom:audio-encoder-webm-vorbis: bf7c407c2cedff20999df2af8eb42d56 -> 
========================================================================
Received Prepare
Registering precompiled user dll's ...
Registered in 0.088071 seconds.
Begin MonoManager ReloadAssembly
Native extension for WindowsStandalone target not found
Native extension for WebGL target not found
Refreshing native plugins compatible for Editor in 0.65 ms, found 0 plugins.
Preloading 0 native plugins for Editor in 0.00 ms.
Initializing Mesh Terrain Editor v3.8.3f3 on Unity 2020.3.21f1...
UnityEngine.StackTraceUtility:ExtractStackTrace ()
UnityEngine.DebugLogHandler:LogFormat (UnityEngine.LogType,UnityEngine.Object,string,object[])
UnityEngine.Logger:Log (UnityEngine.LogType,object)
UnityEngine.Debug:Log (object)
_FuAa0apOXcBEDUbygoBKJgWdThLA_:‎⁭​⁫‮⁫⁯⁯‌⁬‪⁬​⁮‮‪⁫‏​⁫‎⁯⁫‫​‎⁫‎⁪⁪‮​‍‬‏⁮⁫‫⁪‎‮ (object)
_FuAa0apOXcBEDUbygoBKJgWdThLA_:_uszO4IMycJrCed7gCcAibymGBYi_ (bool)
_FuAa0apOXcBEDUbygoBKJgWdThLA_:_QEB9KlaajdYafdGKVY8bk0l8NsDA_ ()
_FuAa0apOXcBEDUbygoBKJgWdThLA_:.cctor ()
System.Runtime.CompilerServices.RuntimeHelpers:RunClassConstructor (System.RuntimeTypeHandle)
UnityEditor.EditorAssemblies:ProcessInitializeOnLoadAttributes (System.Type[])

[MTE]找不到Amplify Shader Editor，基于ASE的功能可能无法使用。请升级ASE到最新版本重启Unity再试。
UnityEngine.StackTraceUtility:ExtractStackTrace ()
UnityEngine.DebugLogHandler:LogFormat (UnityEngine.LogType,UnityEngine.Object,string,object[])
UnityEngine.Logger:Log (UnityEngine.LogType,object)
UnityEngine.Debug:LogWarning (object)
MTE.MTEDebug:‏‭‎‏‭⁯‌⁫⁪‬⁮‎⁬‫⁮⁮​‮⁯‪⁭⁪⁭⁭‌‏‮‏‌⁪⁬⁮‏‪⁪‭⁪‮‏⁭‮ (object)
MTE.MTEDebug:LogWarning (string)
_FuAa0apOXcBEDUbygoBKJgWdThLA_:_uszO4IMycJrCed7gCcAibymGBYi_ (bool)
_FuAa0apOXcBEDUbygoBKJgWdThLA_:_QEB9KlaajdYafdGKVY8bk0l8NsDA_ ()
_FuAa0apOXcBEDUbygoBKJgWdThLA_:.cctor ()
System.Runtime.CompilerServices.RuntimeHelpers:RunClassConstructor (System.RuntimeTypeHandle)
UnityEditor.EditorAssemblies:ProcessInitializeOnLoadAttributes (System.Type[])

Initializing Mesh Terrain Editor...Done
UnityEngine.StackTraceUtility:ExtractStackTrace ()
UnityEngine.DebugLogHandler:LogFormat (UnityEngine.LogType,UnityEngine.Object,string,object[])
UnityEngine.Logger:Log (UnityEngine.LogType,object)
UnityEngine.Debug:Log (object)
_FuAa0apOXcBEDUbygoBKJgWdThLA_:‎⁭​⁫‮⁫⁯⁯‌⁬‪⁬​⁮‮‪⁫‏​⁫‎⁯⁫‫​‎⁫‎⁪⁪‮​‍‬‏⁮⁫‫⁪‎‮ (object)
_FuAa0apOXcBEDUbygoBKJgWdThLA_:_uszO4IMycJrCed7gCcAibymGBYi_ (bool)
_FuAa0apOXcBEDUbygoBKJgWdThLA_:_QEB9KlaajdYafdGKVY8bk0l8NsDA_ ()
_FuAa0apOXcBEDUbygoBKJgWdThLA_:.cctor ()
System.Runtime.CompilerServices.RuntimeHelpers:RunClassConstructor (System.RuntimeTypeHandle)
UnityEditor.EditorAssemblies:ProcessInitializeOnLoadAttributes (System.Type[])

Mono: successfully reloaded assembly
- Completed reload, in  4.508 seconds
Domain Reload Profiling:
	ReloadAssembly (4508ms)
		BeginReloadAssembly (139ms)
			ExecutionOrderSort (0ms)
			DisableScriptedObjects (5ms)
			BackupInstance (0ms)
			ReleaseScriptingObjects (0ms)
			CreateAndSetChildDomain (27ms)
		EndReloadAssembly (4301ms)
			LoadAssemblies (908ms)
			RebuildTransferFunctionScriptingTraits (0ms)
			SetupTypeCache (236ms)
			ReleaseScriptCaches (1ms)
			RebuildScriptCaches (40ms)
			SetupLoadedEditorAssemblies (3027ms)
				LogAssemblyErrors (0ms)
				InitializePlatformSupportModulesInManaged (8ms)
				SetLoadedEditorAssemblies (1ms)
				RefreshPlugins (1ms)
				BeforeProcessingInitializeOnLoad (53ms)
				ProcessInitializeOnLoadAttributes (2899ms)
				ProcessInitializeOnLoadMethodAttributes (63ms)
				AfterProcessingInitializeOnLoad (2ms)
				EditorAssembliesLoaded (0ms)
			ExecutionOrderSort2 (0ms)
			AwakeInstancesAfterBackupRestoration (6ms)
Platform modules already initialized, skipping
Shader 'MTE/Specialized/Mali 400/Surface/2 Textures/Bumped': fallback shader 'MTE/Specialized/Mali 400/Legacy/2 Textures/Diffuse' not found
Shader 'MTE/Specialized/Mali 400/Surface/3 Textures/Bumped': fallback shader 'MTE/Specialized/Mali 400/Legacy/3 Textures/Diffuse' not found
Refreshing native plugins compatible for Editor in 1.69 ms, found 0 plugins.
Preloading 0 native plugins for Editor in 0.00 ms.
Unloading 2157 Unused Serialized files (Serialized files now loaded: 0)
System memory in use before: 277.3 MB.
System memory in use after: 275.4 MB.

Unloading 18 unused Assets to reduce memory usage. Loaded Objects now: 2819.
Total: 10.368600 ms (FindLiveObjects: 0.558900 ms CreateObjectMapping: 0.450500 ms MarkObjects: 6.851400 ms  DeleteObjects: 2.504900 ms)

AssetImportParameters requested are different than current active one (requested -> active):
  custom:framework-win-MediaFoundation: 216162199b28c13a410421893ffa2e32 -> 
  custom:video-decoder-ogg-theora: a1e56fd34408186e4bbccfd4996cb3dc -> 
  custom:container-muxer-webm: aa71ff27fc2769a1b78a27578f13a17b -> 
  custom:container-demuxer-webm: 4f35f7cbe854078d1ac9338744f61a02 -> 
  custom:container-demuxer-ogg: 62fdf1f143b41e24485cea50d1cbac27 -> 
  custom:video-encoder-webm-vp8: eb34c28f22e8b96e1ab97ce403110664 -> 
  custom:video-decoder-webm-vp8: 9c59270c3fd7afecdb556c50c9e8de78 -> 
  custom:audio-decoder-ogg-vorbis: bf7c407c2cedff20999df2af8eb42d56 -> 
  custom:audio-encoder-webm-vorbis: bf7c407c2cedff20999df2af8eb42d56 -> 
========================================================================
Received Prepare
Registering precompiled user dll's ...
Registered in 0.002255 seconds.
Begin MonoManager ReloadAssembly
Native extension for WindowsStandalone target not found
Native extension for WebGL target not found
Refreshing native plugins compatible for Editor in 0.83 ms, found 0 plugins.
Preloading 0 native plugins for Editor in 0.00 ms.
Initializing Mesh Terrain Editor v3.8.3f3 on Unity 2020.3.21f1...
UnityEngine.StackTraceUtility:ExtractStackTrace ()
UnityEngine.DebugLogHandler:LogFormat (UnityEngine.LogType,UnityEngine.Object,string,object[])
UnityEngine.Logger:Log (UnityEngine.LogType,object)
UnityEngine.Debug:Log (object)
_FuAa0apOXcBEDUbygoBKJgWdThLA_:‎⁭​⁫‮⁫⁯⁯‌⁬‪⁬​⁮‮‪⁫‏​⁫‎⁯⁫‫​‎⁫‎⁪⁪‮​‍‬‏⁮⁫‫⁪‎‮ (object)
_FuAa0apOXcBEDUbygoBKJgWdThLA_:_uszO4IMycJrCed7gCcAibymGBYi_ (bool)
_FuAa0apOXcBEDUbygoBKJgWdThLA_:_QEB9KlaajdYafdGKVY8bk0l8NsDA_ ()
_FuAa0apOXcBEDUbygoBKJgWdThLA_:.cctor ()
System.Runtime.CompilerServices.RuntimeHelpers:RunClassConstructor (System.RuntimeTypeHandle)
UnityEditor.EditorAssemblies:ProcessInitializeOnLoadAttributes (System.Type[])

[MTE]找不到Amplify Shader Editor，基于ASE的功能可能无法使用。请升级ASE到最新版本重启Unity再试。
UnityEngine.StackTraceUtility:ExtractStackTrace ()
UnityEngine.DebugLogHandler:LogFormat (UnityEngine.LogType,UnityEngine.Object,string,object[])
UnityEngine.Logger:Log (UnityEngine.LogType,object)
UnityEngine.Debug:LogWarning (object)
MTE.MTEDebug:‏‭‎‏‭⁯‌⁫⁪‬⁮‎⁬‫⁮⁮​‮⁯‪⁭⁪⁭⁭‌‏‮‏‌⁪⁬⁮‏‪⁪‭⁪‮‏⁭‮ (object)
MTE.MTEDebug:LogWarning (string)
_FuAa0apOXcBEDUbygoBKJgWdThLA_:_uszO4IMycJrCed7gCcAibymGBYi_ (bool)
_FuAa0apOXcBEDUbygoBKJgWdThLA_:_QEB9KlaajdYafdGKVY8bk0l8NsDA_ ()
_FuAa0apOXcBEDUbygoBKJgWdThLA_:.cctor ()
System.Runtime.CompilerServices.RuntimeHelpers:RunClassConstructor (System.RuntimeTypeHandle)
UnityEditor.EditorAssemblies:ProcessInitializeOnLoadAttributes (System.Type[])

Initializing Mesh Terrain Editor...Done
UnityEngine.StackTraceUtility:ExtractStackTrace ()
UnityEngine.DebugLogHandler:LogFormat (UnityEngine.LogType,UnityEngine.Object,string,object[])
UnityEngine.Logger:Log (UnityEngine.LogType,object)
UnityEngine.Debug:Log (object)
_FuAa0apOXcBEDUbygoBKJgWdThLA_:‎⁭​⁫‮⁫⁯⁯‌⁬‪⁬​⁮‮‪⁫‏​⁫‎⁯⁫‫​‎⁫‎⁪⁪‮​‍‬‏⁮⁫‫⁪‎‮ (object)
_FuAa0apOXcBEDUbygoBKJgWdThLA_:_uszO4IMycJrCed7gCcAibymGBYi_ (bool)
_FuAa0apOXcBEDUbygoBKJgWdThLA_:_QEB9KlaajdYafdGKVY8bk0l8NsDA_ ()
_FuAa0apOXcBEDUbygoBKJgWdThLA_:.cctor ()
System.Runtime.CompilerServices.RuntimeHelpers:RunClassConstructor (System.RuntimeTypeHandle)
UnityEditor.EditorAssemblies:ProcessInitializeOnLoadAttributes (System.Type[])

Mono: successfully reloaded assembly
- Completed reload, in  5.002 seconds
Domain Reload Profiling:
	ReloadAssembly (5003ms)
		BeginReloadAssembly (211ms)
			ExecutionOrderSort (0ms)
			DisableScriptedObjects (8ms)
			BackupInstance (0ms)
			ReleaseScriptingObjects (0ms)
			CreateAndSetChildDomain (47ms)
		EndReloadAssembly (4671ms)
			LoadAssemblies (203ms)
			RebuildTransferFunctionScriptingTraits (0ms)
			SetupTypeCache (494ms)
			ReleaseScriptCaches (1ms)
			RebuildScriptCaches (84ms)
			SetupLoadedEditorAssemblies (3607ms)
				LogAssemblyErrors (0ms)
				InitializePlatformSupportModulesInManaged (12ms)
				SetLoadedEditorAssemblies (1ms)
				RefreshPlugins (1ms)
				BeforeProcessingInitializeOnLoad (85ms)
				ProcessInitializeOnLoadAttributes (3309ms)
				ProcessInitializeOnLoadMethodAttributes (191ms)
				AfterProcessingInitializeOnLoad (8ms)
				EditorAssembliesLoaded (1ms)
			ExecutionOrderSort2 (0ms)
			AwakeInstancesAfterBackupRestoration (25ms)
Platform modules already initialized, skipping
Shader 'MTE/Specialized/Mali 400/Surface/2 Textures/Bumped': fallback shader 'MTE/Specialized/Mali 400/Legacy/2 Textures/Diffuse' not found
Shader 'MTE/Specialized/Mali 400/Surface/3 Textures/Bumped': fallback shader 'MTE/Specialized/Mali 400/Legacy/3 Textures/Diffuse' not found
Refreshing native plugins compatible for Editor in 1.01 ms, found 0 plugins.
Preloading 0 native plugins for Editor in 0.00 ms.
Unloading 2157 Unused Serialized files (Serialized files now loaded: 0)
System memory in use before: 277.4 MB.
System memory in use after: 275.5 MB.

Unloading 18 unused Assets to reduce memory usage. Loaded Objects now: 2822.
Total: 9.491800 ms (FindLiveObjects: 0.735700 ms CreateObjectMapping: 0.336700 ms MarkObjects: 5.664200 ms  DeleteObjects: 2.752300 ms)

AssetImportParameters requested are different than current active one (requested -> active):
  custom:framework-win-MediaFoundation: 216162199b28c13a410421893ffa2e32 -> 
  custom:video-decoder-ogg-theora: a1e56fd34408186e4bbccfd4996cb3dc -> 
  custom:container-muxer-webm: aa71ff27fc2769a1b78a27578f13a17b -> 
  custom:container-demuxer-webm: 4f35f7cbe854078d1ac9338744f61a02 -> 
  custom:container-demuxer-ogg: 62fdf1f143b41e24485cea50d1cbac27 -> 
  custom:video-encoder-webm-vp8: eb34c28f22e8b96e1ab97ce403110664 -> 
  custom:video-decoder-webm-vp8: 9c59270c3fd7afecdb556c50c9e8de78 -> 
  custom:audio-decoder-ogg-vorbis: bf7c407c2cedff20999df2af8eb42d56 -> 
  custom:audio-encoder-webm-vorbis: bf7c407c2cedff20999df2af8eb42d56 -> 
