Using pre-set license
Built from '2020.3/staging' branch; Version is '2020.3.21f1 (a38c86f6690f) revision 10718342'; Using compiler version '192528614'; Build Type 'Release'
OS: 'Windows 10 Home; OS build 19044.1706; Version 2009; 64bit' Language: 'zh' Physical Memory: 8043 MB
BatchMode: 1, IsHumanControllingUs: 0, StartBugReporterOnCrash: 0, Is64bit: 1, IsPro: 0

COMMAND LINE ARGUMENTS:
D:\unity\2020.3.21f1\Editor\Unity.exe
-adb2
-batchMode
-noUpm
-name
AssetImportWorker1
-projectPath
D:/IM23-4/Unity/First version
-logFile
Logs/AssetImportWorker1.log
-srvPort
49831
Successfully changed project path to: D:/IM23-4/Unity/First version
D:/IM23-4/Unity/First version
Using Asset Import Pipeline V2.
Refreshing native plugins compatible for Editor in 96.85 ms, found 0 plugins.
Preloading 0 native plugins for Editor in 0.00 ms.
Initialize engine version: 2020.3.21f1 (a38c86f6690f)
[Subsystems] Discovering subsystems at path D:/unity/2020.3.21f1/Editor/Data/Resources/UnitySubsystems
[Subsystems] Discovering subsystems at path D:/IM23-4/Unity/First version/Assets
GfxDevice: creating device client; threaded=0
Direct3D:
    Version:  Direct3D 11.0 [level 11.1]
    Renderer: NVIDIA GeForce MX250 (ID=0x1d13)
    Vendor:   
    VRAM:     1983 MB
    Driver:   30.0.15.1169
Shader 'MTE/Specialized/Mali 400/Surface/3 Textures/Bumped': fallback shader 'MTE/Specialized/Mali 400/Legacy/3 Textures/Diffuse' not found
Shader 'MTE/Specialized/Mali 400/Surface/2 Textures/Bumped': fallback shader 'MTE/Specialized/Mali 400/Legacy/2 Textures/Diffuse' not found
Initialize mono
Mono path[0] = 'D:/unity/2020.3.21f1/Editor/Data/Managed'
Mono path[1] = 'D:/unity/2020.3.21f1/Editor/Data/MonoBleedingEdge/lib/mono/unityjit'
Mono config path = 'D:/unity/2020.3.21f1/Editor/Data/MonoBleedingEdge/etc'
Using monoOptions --debugger-agent=transport=dt_socket,embedding=1,server=y,suspend=n,address=127.0.0.1:56408
Begin MonoManager ReloadAssembly
Registering precompiled unity dll's ...
Register platform support module: D:/unity/2020.3.21f1/Editor/Data/PlaybackEngines/WebGLSupport/UnityEditor.WebGL.Extensions.dll
Register platform support module: D:/unity/2020.3.21f1/Editor/Data/PlaybackEngines/WindowsStandaloneSupport/UnityEditor.WindowsStandalone.Extensions.dll
Registered in 0.002091 seconds.
Native extension for WindowsStandalone target not found
Native extension for WebGL target not found
Refreshing native plugins compatible for Editor in 94.86 ms, found 0 plugins.
Preloading 0 native plugins for Editor in 0.00 ms.
Mono: successfully reloaded assembly
- Completed reload, in  2.611 seconds
Domain Reload Profiling:
	ReloadAssembly (2611ms)
		BeginReloadAssembly (69ms)
			ExecutionOrderSort (0ms)
			DisableScriptedObjects (0ms)
			BackupInstance (0ms)
			ReleaseScriptingObjects (0ms)
			CreateAndSetChildDomain (1ms)
		EndReloadAssembly (497ms)
			LoadAssemblies (71ms)
			RebuildTransferFunctionScriptingTraits (0ms)
			SetupTypeCache (160ms)
			ReleaseScriptCaches (0ms)
			RebuildScriptCaches (26ms)
			SetupLoadedEditorAssemblies (211ms)
				LogAssemblyErrors (0ms)
				InitializePlatformSupportModulesInManaged (5ms)
				SetLoadedEditorAssemblies (0ms)
				RefreshPlugins (95ms)
				BeforeProcessingInitializeOnLoad (8ms)
				ProcessInitializeOnLoadAttributes (74ms)
				ProcessInitializeOnLoadMethodAttributes (28ms)
				AfterProcessingInitializeOnLoad (0ms)
				EditorAssembliesLoaded (0ms)
			ExecutionOrderSort2 (0ms)
			AwakeInstancesAfterBackupRestoration (0ms)
Platform modules already initialized, skipping
Registering precompiled user dll's ...
Registered in 0.002674 seconds.
Begin MonoManager ReloadAssembly
Native extension for WindowsStandalone target not found
Native extension for WebGL target not found
Refreshing native plugins compatible for Editor in 90.18 ms, found 0 plugins.
Preloading 0 native plugins for Editor in 0.00 ms.
Initializing Mesh Terrain Editor v3.8.3f3 on Unity 2020.3.21f1...
UnityEngine.StackTraceUtility:ExtractStackTrace ()
UnityEngine.DebugLogHandler:LogFormat (UnityEngine.LogType,UnityEngine.Object,string,object[])
UnityEngine.Logger:Log (UnityEngine.LogType,object)
UnityEngine.Debug:Log (object)
_FuAa0apOXcBEDUbygoBKJgWdThLA_:‎⁭​⁫‮⁫⁯⁯‌⁬‪⁬​⁮‮‪⁫‏​⁫‎⁯⁫‫​‎⁫‎⁪⁪‮​‍‬‏⁮⁫‫⁪‎‮ (object)
_FuAa0apOXcBEDUbygoBKJgWdThLA_:_uszO4IMycJrCed7gCcAibymGBYi_ (bool)
_FuAa0apOXcBEDUbygoBKJgWdThLA_:_QEB9KlaajdYafdGKVY8bk0l8NsDA_ ()
_FuAa0apOXcBEDUbygoBKJgWdThLA_:.cctor ()
System.Runtime.CompilerServices.RuntimeHelpers:RunClassConstructor (System.RuntimeTypeHandle)
UnityEditor.EditorAssemblies:ProcessInitializeOnLoadAttributes (System.Type[])

[MTE]找不到Amplify Shader Editor，基于ASE的功能可能无法使用。请升级ASE到最新版本重启Unity再试。
UnityEngine.StackTraceUtility:ExtractStackTrace ()
UnityEngine.DebugLogHandler:LogFormat (UnityEngine.LogType,UnityEngine.Object,string,object[])
UnityEngine.Logger:Log (UnityEngine.LogType,object)
UnityEngine.Debug:LogWarning (object)
MTE.MTEDebug:‏‭‎‏‭⁯‌⁫⁪‬⁮‎⁬‫⁮⁮​‮⁯‪⁭⁪⁭⁭‌‏‮‏‌⁪⁬⁮‏‪⁪‭⁪‮‏⁭‮ (object)
MTE.MTEDebug:LogWarning (string)
_FuAa0apOXcBEDUbygoBKJgWdThLA_:_uszO4IMycJrCed7gCcAibymGBYi_ (bool)
_FuAa0apOXcBEDUbygoBKJgWdThLA_:_QEB9KlaajdYafdGKVY8bk0l8NsDA_ ()
_FuAa0apOXcBEDUbygoBKJgWdThLA_:.cctor ()
System.Runtime.CompilerServices.RuntimeHelpers:RunClassConstructor (System.RuntimeTypeHandle)
UnityEditor.EditorAssemblies:ProcessInitializeOnLoadAttributes (System.Type[])

Initializing Mesh Terrain Editor...Done
UnityEngine.StackTraceUtility:ExtractStackTrace ()
UnityEngine.DebugLogHandler:LogFormat (UnityEngine.LogType,UnityEngine.Object,string,object[])
UnityEngine.Logger:Log (UnityEngine.LogType,object)
UnityEngine.Debug:Log (object)
_FuAa0apOXcBEDUbygoBKJgWdThLA_:‎⁭​⁫‮⁫⁯⁯‌⁬‪⁬​⁮‮‪⁫‏​⁫‎⁯⁫‫​‎⁫‎⁪⁪‮​‍‬‏⁮⁫‫⁪‎‮ (object)
_FuAa0apOXcBEDUbygoBKJgWdThLA_:_uszO4IMycJrCed7gCcAibymGBYi_ (bool)
_FuAa0apOXcBEDUbygoBKJgWdThLA_:_QEB9KlaajdYafdGKVY8bk0l8NsDA_ ()
_FuAa0apOXcBEDUbygoBKJgWdThLA_:.cctor ()
System.Runtime.CompilerServices.RuntimeHelpers:RunClassConstructor (System.RuntimeTypeHandle)
UnityEditor.EditorAssemblies:ProcessInitializeOnLoadAttributes (System.Type[])

Mono: successfully reloaded assembly
- Completed reload, in  3.500 seconds
Domain Reload Profiling:
	ReloadAssembly (3501ms)
		BeginReloadAssembly (165ms)
			ExecutionOrderSort (0ms)
			DisableScriptedObjects (5ms)
			BackupInstance (0ms)
			ReleaseScriptingObjects (0ms)
			CreateAndSetChildDomain (20ms)
		EndReloadAssembly (3280ms)
			LoadAssemblies (993ms)
			RebuildTransferFunctionScriptingTraits (0ms)
			SetupTypeCache (318ms)
			ReleaseScriptCaches (1ms)
			RebuildScriptCaches (83ms)
			SetupLoadedEditorAssemblies (1712ms)
				LogAssemblyErrors (0ms)
				InitializePlatformSupportModulesInManaged (5ms)
				SetLoadedEditorAssemblies (0ms)
				RefreshPlugins (90ms)
				BeforeProcessingInitializeOnLoad (69ms)
				ProcessInitializeOnLoadAttributes (1472ms)
				ProcessInitializeOnLoadMethodAttributes (74ms)
				AfterProcessingInitializeOnLoad (2ms)
				EditorAssembliesLoaded (0ms)
			ExecutionOrderSort2 (0ms)
			AwakeInstancesAfterBackupRestoration (7ms)
Platform modules already initialized, skipping
========================================================================
Worker process is ready to serve import requests
Shader 'MTE/Specialized/Mali 400/Surface/3 Textures/Bumped': fallback shader 'MTE/Specialized/Mali 400/Legacy/3 Textures/Diffuse' not found
Shader 'MTE/Specialized/Mali 400/Surface/2 Textures/Bumped': fallback shader 'MTE/Specialized/Mali 400/Legacy/2 Textures/Diffuse' not found
Launched and connected shader compiler UnityShaderCompiler.exe after 0.40 seconds
Refreshing native plugins compatible for Editor in 1.29 ms, found 0 plugins.
Preloading 0 native plugins for Editor in 0.00 ms.
Unloading 3775 Unused Serialized files (Serialized files now loaded: 0)
System memory in use before: 331.7 MB.
System memory in use after: 331.7 MB.

Unloading 13 unused Assets to reduce memory usage. Loaded Objects now: 4277.
Total: 37.507200 ms (FindLiveObjects: 0.677000 ms CreateObjectMapping: 0.316600 ms MarkObjects: 36.003000 ms  DeleteObjects: 0.508000 ms)

AssetImportParameters requested are different than current active one (requested -> active):
  custom:framework-win-MediaFoundation: 216162199b28c13a410421893ffa2e32 -> 
  custom:video-decoder-ogg-theora: a1e56fd34408186e4bbccfd4996cb3dc -> 
  custom:container-muxer-webm: aa71ff27fc2769a1b78a27578f13a17b -> 
  custom:container-demuxer-webm: 4f35f7cbe854078d1ac9338744f61a02 -> 
  custom:container-demuxer-ogg: 62fdf1f143b41e24485cea50d1cbac27 -> 
  custom:video-encoder-webm-vp8: eb34c28f22e8b96e1ab97ce403110664 -> 
  custom:video-decoder-webm-vp8: 9c59270c3fd7afecdb556c50c9e8de78 -> 
  custom:audio-decoder-ogg-vorbis: bf7c407c2cedff20999df2af8eb42d56 -> 
  custom:audio-encoder-webm-vorbis: bf7c407c2cedff20999df2af8eb42d56 -> 
========================================================================
Received Import Request.
  path: Assets/MeshTerrainEditor/Plugins/Resources/Grass/Prototype_GrassStar.obj
  artifactKey: Guid(95ef26e11d36bd643b99aeea379d1d4e) Importer(815301076,1909f56bfc062723c751e8b465ee728b)
Start importing Assets/MeshTerrainEditor/Plugins/Resources/Grass/Prototype_GrassStar.obj using Guid(95ef26e11d36bd643b99aeea379d1d4e) Importer(815301076,1909f56bfc062723c751e8b465ee728b)  -> (artifact id: 'a3e1971f7c269ee2feae3b21f6da67b5') in 1.735099 seconds 
  Import took 1.747566 seconds .

========================================================================
Received Import Request.
  Time since last request: 0.000466 seconds.
  path: Assets/章節/第一章/圍牆.fbx
  artifactKey: Guid(687f0547415bc984bab6a2471ea294be) Importer(815301076,1909f56bfc062723c751e8b465ee728b)
Start importing Assets/章節/第一章/圍牆.fbx using Guid(687f0547415bc984bab6a2471ea294be) Importer(815301076,1909f56bfc062723c751e8b465ee728b)  -> (artifact id: 'c85666321d21e236480d704abbbcc61d') in 0.289031 seconds 
  Import took 0.298488 seconds .

========================================================================
Received Import Request.
  Time since last request: 0.000244 seconds.
  path: Assets/章節
  artifactKey: Guid(b5e791299f20974448b41c44dd9240cc) Importer(815301076,1909f56bfc062723c751e8b465ee728b)
Start importing Assets/章節 using Guid(b5e791299f20974448b41c44dd9240cc) Importer(815301076,1909f56bfc062723c751e8b465ee728b)  -> (artifact id: '966596c202fe150602c0f031cec00937') in 0.008085 seconds 
  Import took 0.015397 seconds .

========================================================================
Received Import Request.
  Time since last request: 0.000307 seconds.
  path: Assets/章節/第一章/FirstPerson.prefab
  artifactKey: Guid(a4fc52df7b9bf8b46b54f13532ddf12a) Importer(815301076,1909f56bfc062723c751e8b465ee728b)
Start importing Assets/章節/第一章/FirstPerson.prefab using Guid(a4fc52df7b9bf8b46b54f13532ddf12a) Importer(815301076,1909f56bfc062723c751e8b465ee728b)  -> (artifact id: '0809c2d7c27ad4569a1faa6af699525a') in 1.275475 seconds 
  Import took 1.283571 seconds .

========================================================================
Received Import Request.
  Time since last request: 0.000308 seconds.
  path: Assets/章節/第一章/裝飾建築二.fbx
  artifactKey: Guid(6c31a5cc649108c4a980f434a61aad40) Importer(815301076,1909f56bfc062723c751e8b465ee728b)
Start importing Assets/章節/第一章/裝飾建築二.fbx using Guid(6c31a5cc649108c4a980f434a61aad40) Importer(815301076,1909f56bfc062723c751e8b465ee728b)  -> (artifact id: 'e109c1c409f81fafa6af1875ebe997f5') in 1.717962 seconds 
  Import took 1.724707 seconds .

========================================================================
Received Import Request.
  Time since last request: 0.000349 seconds.
  path: Assets/章節/第一章/裝飾建築1.fbx
  artifactKey: Guid(582504c4c3465ed49808c385ee72d944) Importer(815301076,1909f56bfc062723c751e8b465ee728b)
Start importing Assets/章節/第一章/裝飾建築1.fbx using Guid(582504c4c3465ed49808c385ee72d944) Importer(815301076,1909f56bfc062723c751e8b465ee728b)  -> (artifact id: 'd16c3588bee44d12d7a791cebdc44cef') in 0.751347 seconds 
  Import took 0.760597 seconds .

========================================================================
Received Import Request.
  Time since last request: 0.000264 seconds.
  path: Assets/章節/第一章/裝飾建築3.fbx
  artifactKey: Guid(0f0a876a523b2fc459be5af40d18490b) Importer(815301076,1909f56bfc062723c751e8b465ee728b)
Start importing Assets/章節/第一章/裝飾建築3.fbx using Guid(0f0a876a523b2fc459be5af40d18490b) Importer(815301076,1909f56bfc062723c751e8b465ee728b)  -> (artifact id: 'c06b5ef0eb41987ac51e17a6651127ce') in 0.638956 seconds 
  Import took 0.646018 seconds .

========================================================================
Received Import Request.
  Time since last request: 0.000332 seconds.
  path: Assets/MeshTerrainEditor/Plugins/Resources/Grass/Prototype_GrassQuad.obj
  artifactKey: Guid(a691cc7ece3d97040879e0809c58b7da) Importer(815301076,1909f56bfc062723c751e8b465ee728b)
Start importing Assets/MeshTerrainEditor/Plugins/Resources/Grass/Prototype_GrassQuad.obj using Guid(a691cc7ece3d97040879e0809c58b7da) Importer(815301076,1909f56bfc062723c751e8b465ee728b)  -> (artifact id: '4f851817d021595627c2f3aedf834248') in 0.037646 seconds 
  Import took 0.045955 seconds .

========================================================================
Received Import Request.
  Time since last request: 0.000273 seconds.
  path: Assets/章節/第一章/裝飾建築4.fbx
  artifactKey: Guid(117aefb46a884bd4d83d105127404c2e) Importer(815301076,1909f56bfc062723c751e8b465ee728b)
Start importing Assets/章節/第一章/裝飾建築4.fbx using Guid(117aefb46a884bd4d83d105127404c2e) Importer(815301076,1909f56bfc062723c751e8b465ee728b)  -> (artifact id: '4e828c7014e54e490dcfa47796938e1a') in 0.744136 seconds 
  Import took 0.751322 seconds .

========================================================================
Received Import Request.
  Time since last request: 3.043388 seconds.
  path: Assets/章節/第三章
  artifactKey: Guid(45818108e33c3be419c52374eb1b86f7) Importer(815301076,1909f56bfc062723c751e8b465ee728b)
Start importing Assets/章節/第三章 using Guid(45818108e33c3be419c52374eb1b86f7) Importer(815301076,1909f56bfc062723c751e8b465ee728b)  -> (artifact id: 'df2a3b83b7830749c38179e91928a137') in 0.008564 seconds 
  Import took 0.018697 seconds .

========================================================================
Received Import Request.
  Time since last request: 14.585818 seconds.
  path: Assets/章節/第三章/第三章.unity
  artifactKey: Guid(93585717989591246aa4b84599ca0b09) Importer(815301076,1909f56bfc062723c751e8b465ee728b)
Start importing Assets/章節/第三章/第三章.unity using Guid(93585717989591246aa4b84599ca0b09) Importer(815301076,1909f56bfc062723c751e8b465ee728b)  -> (artifact id: '57f97458dfe47c495ed6c184d2154834') in 0.009634 seconds 
  Import took 0.017187 seconds .

========================================================================
Received Import Request.
  Time since last request: 43.514923 seconds.
  path: Assets/章節/第三章/咖啡廳.fbx
  artifactKey: Guid(5382724a8709d2d42a24f7073e16e66e) Importer(815301076,1909f56bfc062723c751e8b465ee728b)
Start importing Assets/章節/第三章/咖啡廳.fbx using Guid(5382724a8709d2d42a24f7073e16e66e) Importer(815301076,1909f56bfc062723c751e8b465ee728b)  -> (artifact id: '57ab52af151adb8bee841f2baffc7237') in 3.333546 seconds 
  Import took 3.343147 seconds .

========================================================================
Received Import Request.
  Time since last request: 6.427103 seconds.
  path: Assets/章節/第三章/New Scene.unity
  artifactKey: Guid(74875bbe2a2d78649aaef8e1d8b61354) Importer(815301076,1909f56bfc062723c751e8b465ee728b)
Start importing Assets/章節/第三章/New Scene.unity using Guid(74875bbe2a2d78649aaef8e1d8b61354) Importer(815301076,1909f56bfc062723c751e8b465ee728b)  -> (artifact id: '4fd389f41998760c292948f46ec87ff4') in 0.011322 seconds 
  Import took 0.019963 seconds .

========================================================================
Received Import Request.
  Time since last request: 28.669954 seconds.
  path: Assets/章節/第三章/咖啡廳.fbx
  artifactKey: Guid(5382724a8709d2d42a24f7073e16e66e) Importer(815301076,1909f56bfc062723c751e8b465ee728b)
Start importing Assets/章節/第三章/咖啡廳.fbx using Guid(5382724a8709d2d42a24f7073e16e66e) Importer(815301076,1909f56bfc062723c751e8b465ee728b)  -> (artifact id: '6c455957a713d3071b66dfe8817754ee') in 2.068615 seconds 
  Import took 2.079808 seconds .

========================================================================
Received Import Request.
  Time since last request: 0.438937 seconds.
  path: Assets/章節/第三章/咖啡廳.fbm/0c09f36df8fb4285919b369dd6cf9525.jpg
  artifactKey: Guid(b89734e0cb66135419ba6cdf7a55fdf5) Importer(815301076,1909f56bfc062723c751e8b465ee728b)
Start importing Assets/章節/第三章/咖啡廳.fbm/0c09f36df8fb4285919b369dd6cf9525.jpg using Guid(b89734e0cb66135419ba6cdf7a55fdf5) Importer(815301076,1909f56bfc062723c751e8b465ee728b)  -> (artifact id: '00000000000000000000000000000000') in 0.208922 seconds  code(4) message(Build asset version error: assets/章節/第三章/咖啡廳.fbm/0c09f36df8fb4285919b369dd6cf9525.jpg in SourceAssetDB has modification time of '2022-05-27T07:40:35.5651218Z' while content on disk has modification time of '2022-05-27T07:40:37.6456762Z')
  ERROR: Build asset version error: assets/章節/第三章/咖啡廳.fbm/0c09f36df8fb4285919b369dd6cf9525.jpg in SourceAssetDB has modification time of '2022-05-27T07:40:35.5651218Z' while content on disk has modification time of '2022-05-27T07:40:37.6456762Z'
  Import took 0.215445 seconds .

========================================================================
Received Import Request.
  Time since last request: 0.000286 seconds.
  path: Assets/章節/第三章/咖啡廳.fbm/e8ee040da8feb21d0fb1f64e5c7118a1.jpg
  artifactKey: Guid(a8a9457b3d83b7940bf4a97f32b7523c) Importer(815301076,1909f56bfc062723c751e8b465ee728b)
Start importing Assets/章節/第三章/咖啡廳.fbm/e8ee040da8feb21d0fb1f64e5c7118a1.jpg using Guid(a8a9457b3d83b7940bf4a97f32b7523c) Importer(815301076,1909f56bfc062723c751e8b465ee728b)  -> (artifact id: '00000000000000000000000000000000') in 0.008957 seconds  code(4) message(Build asset version error: assets/章節/第三章/咖啡廳.fbm/e8ee040da8feb21d0fb1f64e5c7118a1.jpg in SourceAssetDB has modification time of '2022-05-27T07:40:35.547364Z' while content on disk has modification time of '2022-05-27T07:40:37.641685Z')
  ERROR: Build asset version error: assets/章節/第三章/咖啡廳.fbm/e8ee040da8feb21d0fb1f64e5c7118a1.jpg in SourceAssetDB has modification time of '2022-05-27T07:40:35.547364Z' while content on disk has modification time of '2022-05-27T07:40:37.641685Z'
  Import took 0.017228 seconds .

========================================================================
Received Import Request.
  Time since last request: 0.000289 seconds.
  path: Assets/章節/第三章/咖啡廳.fbm/15c04094f0073ef66386834165c1171c.jpg
  artifactKey: Guid(ce9d1eac0b37ce0499089483cfe2953b) Importer(815301076,1909f56bfc062723c751e8b465ee728b)
Start importing Assets/章節/第三章/咖啡廳.fbm/15c04094f0073ef66386834165c1171c.jpg using Guid(ce9d1eac0b37ce0499089483cfe2953b) Importer(815301076,1909f56bfc062723c751e8b465ee728b)  -> (artifact id: '00000000000000000000000000000000') in 0.009219 seconds  code(4) message(Build asset version error: assets/章節/第三章/咖啡廳.fbm/15c04094f0073ef66386834165c1171c.jpg in SourceAssetDB has modification time of '2022-05-27T07:40:35.5710721Z' while content on disk has modification time of '2022-05-27T07:40:37.6526547Z')
  ERROR: Build asset version error: assets/章節/第三章/咖啡廳.fbm/15c04094f0073ef66386834165c1171c.jpg in SourceAssetDB has modification time of '2022-05-27T07:40:35.5710721Z' while content on disk has modification time of '2022-05-27T07:40:37.6526547Z'
  Import took 0.017230 seconds .

========================================================================
Received Import Request.
  Time since last request: 0.000313 seconds.
  path: Assets/章節/第三章/咖啡廳.fbm/c082780f4f0e42b4f040f27c6b2a6177.jpg
  artifactKey: Guid(15c2dae0a87b27a4cbc8c7e6b726b39c) Importer(815301076,1909f56bfc062723c751e8b465ee728b)
Start importing Assets/章節/第三章/咖啡廳.fbm/c082780f4f0e42b4f040f27c6b2a6177.jpg using Guid(15c2dae0a87b27a4cbc8c7e6b726b39c) Importer(815301076,1909f56bfc062723c751e8b465ee728b)  -> (artifact id: '00000000000000000000000000000000') in 0.010061 seconds  code(4) message(Build asset version error: assets/章節/第三章/咖啡廳.fbm/c082780f4f0e42b4f040f27c6b2a6177.jpg in SourceAssetDB has modification time of '2022-05-27T07:40:35.5661176Z' while content on disk has modification time of '2022-05-27T07:40:37.646673Z')
  ERROR: Build asset version error: assets/章節/第三章/咖啡廳.fbm/c082780f4f0e42b4f040f27c6b2a6177.jpg in SourceAssetDB has modification time of '2022-05-27T07:40:35.5661176Z' while content on disk has modification time of '2022-05-27T07:40:37.646673Z'
  Import took 0.019157 seconds .

========================================================================
Received Import Request.
  Time since last request: 0.000386 seconds.
  path: Assets/章節/第三章/咖啡廳.fbm/下載.jpg
  artifactKey: Guid(c60f60e797f383542b8de9aeb78a36d3) Importer(815301076,1909f56bfc062723c751e8b465ee728b)
Start importing Assets/章節/第三章/咖啡廳.fbm/下載.jpg using Guid(c60f60e797f383542b8de9aeb78a36d3) Importer(815301076,1909f56bfc062723c751e8b465ee728b)  -> (artifact id: '00000000000000000000000000000000') in 0.008481 seconds  code(4) message(Build asset version error: assets/章節/第三章/咖啡廳.fbm/下載.jpg in SourceAssetDB has modification time of '2022-05-27T07:40:35.5671179Z' while content on disk has modification time of '2022-05-27T07:40:37.6476688Z')
  ERROR: Build asset version error: assets/章節/第三章/咖啡廳.fbm/下載.jpg in SourceAssetDB has modification time of '2022-05-27T07:40:35.5671179Z' while content on disk has modification time of '2022-05-27T07:40:37.6476688Z'
  Import took 0.020268 seconds .

========================================================================
Received Import Request.
  Time since last request: 0.000833 seconds.
  path: Assets/章節/第三章/咖啡廳.fbm/413a75fdb01d7c8830414348a3bcd59e.jpg
  artifactKey: Guid(5bcaf77d63c7e0f49973e095774cda46) Importer(815301076,1909f56bfc062723c751e8b465ee728b)
Start importing Assets/章節/第三章/咖啡廳.fbm/413a75fdb01d7c8830414348a3bcd59e.jpg using Guid(5bcaf77d63c7e0f49973e095774cda46) Importer(815301076,1909f56bfc062723c751e8b465ee728b)  -> (artifact id: '00000000000000000000000000000000') in 0.008612 seconds  code(4) message(Build asset version error: assets/章節/第三章/咖啡廳.fbm/413a75fdb01d7c8830414348a3bcd59e.jpg in SourceAssetDB has modification time of '2022-05-27T07:40:35.5493568Z' while content on disk has modification time of '2022-05-27T07:40:37.6436807Z')
  ERROR: Build asset version error: assets/章節/第三章/咖啡廳.fbm/413a75fdb01d7c8830414348a3bcd59e.jpg in SourceAssetDB has modification time of '2022-05-27T07:40:35.5493568Z' while content on disk has modification time of '2022-05-27T07:40:37.6436807Z'
  Import took 0.020031 seconds .

========================================================================
Received Import Request.
  Time since last request: 0.000351 seconds.
  path: Assets/章節/第三章/咖啡廳.fbm/b5136b32bfeff76317ca64fed41ec7fd.jpg
  artifactKey: Guid(8120edeb88c05484d9d0486196754cac) Importer(815301076,1909f56bfc062723c751e8b465ee728b)
Start importing Assets/章節/第三章/咖啡廳.fbm/b5136b32bfeff76317ca64fed41ec7fd.jpg using Guid(8120edeb88c05484d9d0486196754cac) Importer(815301076,1909f56bfc062723c751e8b465ee728b)  -> (artifact id: '00000000000000000000000000000000') in 0.009149 seconds  code(4) message(Build asset version error: assets/章節/第三章/咖啡廳.fbm/b5136b32bfeff76317ca64fed41ec7fd.jpg in SourceAssetDB has modification time of '2022-05-27T07:40:35.5633689Z' while content on disk has modification time of '2022-05-27T07:40:37.6446783Z')
  ERROR: Build asset version error: assets/章節/第三章/咖啡廳.fbm/b5136b32bfeff76317ca64fed41ec7fd.jpg in SourceAssetDB has modification time of '2022-05-27T07:40:35.5633689Z' while content on disk has modification time of '2022-05-27T07:40:37.6446783Z'
  Import took 0.019890 seconds .

========================================================================
Received Import Request.
  Time since last request: 0.000441 seconds.
  path: Assets/章節/第三章/咖啡廳.fbm/螢幕擷取畫面 2022-02-28 224640.jpg
  artifactKey: Guid(ebaadd18334c5bb42a126a29e1fcbea3) Importer(815301076,1909f56bfc062723c751e8b465ee728b)
Start importing Assets/章節/第三章/咖啡廳.fbm/螢幕擷取畫面 2022-02-28 224640.jpg using Guid(ebaadd18334c5bb42a126a29e1fcbea3) Importer(815301076,1909f56bfc062723c751e8b465ee728b)  -> (artifact id: '00000000000000000000000000000000') in 0.010982 seconds  code(4) message(Build asset version error: assets/章節/第三章/咖啡廳.fbm/螢幕擷取畫面 2022-02-28 224640.jpg in SourceAssetDB has modification time of '2022-05-27T07:40:35.5700745Z' while content on disk has modification time of '2022-05-27T07:40:37.6506598Z')
  ERROR: Build asset version error: assets/章節/第三章/咖啡廳.fbm/螢幕擷取畫面 2022-02-28 224640.jpg in SourceAssetDB has modification time of '2022-05-27T07:40:35.5700745Z' while content on disk has modification time of '2022-05-27T07:40:37.6506598Z'
  Import took 0.020048 seconds .

========================================================================
Received Import Request.
  Time since last request: 0.000374 seconds.
  path: Assets/章節/第三章/咖啡廳.fbm
  artifactKey: Guid(65920980a729a364492420d6857559af) Importer(815301076,1909f56bfc062723c751e8b465ee728b)
Start importing Assets/章節/第三章/咖啡廳.fbm using Guid(65920980a729a364492420d6857559af) Importer(815301076,1909f56bfc062723c751e8b465ee728b)  -> (artifact id: '64df0925c7cb7bf101bd78b93ed2c9ea') in 0.010055 seconds 
  Import took 0.022891 seconds .

========================================================================
Received Import Request.
  Time since last request: 0.000398 seconds.
  path: Assets/章節/第三章/咖啡廳.fbm/2f77beffc5f16c966789eff372831970.jpg
  artifactKey: Guid(521a21c396a8a0f4b81baadf6b7fd48f) Importer(815301076,1909f56bfc062723c751e8b465ee728b)
Start importing Assets/章節/第三章/咖啡廳.fbm/2f77beffc5f16c966789eff372831970.jpg using Guid(521a21c396a8a0f4b81baadf6b7fd48f) Importer(815301076,1909f56bfc062723c751e8b465ee728b)  -> (artifact id: '00000000000000000000000000000000') in 0.016145 seconds  code(4) message(Build asset version error: assets/章節/第三章/咖啡廳.fbm/2f77beffc5f16c966789eff372831970.jpg in SourceAssetDB has modification time of '2022-05-27T07:40:35.5483581Z' while content on disk has modification time of '2022-05-27T07:40:37.6426823Z')
  ERROR: Build asset version error: assets/章節/第三章/咖啡廳.fbm/2f77beffc5f16c966789eff372831970.jpg in SourceAssetDB has modification time of '2022-05-27T07:40:35.5483581Z' while content on disk has modification time of '2022-05-27T07:40:37.6426823Z'
  Import took 0.025568 seconds .

========================================================================
Received Import Request.
  Time since last request: 0.000330 seconds.
  path: Assets/章節/第三章/咖啡廳.fbm/螢幕擷取畫面 2022-05-12 230936.jpg
  artifactKey: Guid(c36363b247e77304aa491d6a651f6893) Importer(815301076,1909f56bfc062723c751e8b465ee728b)
Start importing Assets/章節/第三章/咖啡廳.fbm/螢幕擷取畫面 2022-05-12 230936.jpg using Guid(c36363b247e77304aa491d6a651f6893) Importer(815301076,1909f56bfc062723c751e8b465ee728b)  -> (artifact id: '00000000000000000000000000000000') in 0.009762 seconds  code(4) message(Build asset version error: assets/章節/第三章/咖啡廳.fbm/螢幕擷取畫面 2022-05-12 230936.jpg in SourceAssetDB has modification time of '2022-05-27T07:40:35.5730669Z' while content on disk has modification time of '2022-05-27T07:40:37.6536551Z')
  ERROR: Build asset version error: assets/章節/第三章/咖啡廳.fbm/螢幕擷取畫面 2022-05-12 230936.jpg in SourceAssetDB has modification time of '2022-05-27T07:40:35.5730669Z' while content on disk has modification time of '2022-05-27T07:40:37.6536551Z'
  Import took 0.019736 seconds .

========================================================================
Received Import Request.
  Time since last request: 0.000304 seconds.
  path: Assets/章節/第三章/咖啡廳.fbm/廚師2.png
  artifactKey: Guid(d2b79d672b2cb3d429aa751827f7a129) Importer(815301076,1909f56bfc062723c751e8b465ee728b)
Start importing Assets/章節/第三章/咖啡廳.fbm/廚師2.png using Guid(d2b79d672b2cb3d429aa751827f7a129) Importer(815301076,1909f56bfc062723c751e8b465ee728b)  -> (artifact id: '00000000000000000000000000000000') in 0.017326 seconds  code(4) message(Build asset version error: assets/章節/第三章/咖啡廳.fbm/廚師2.png in SourceAssetDB has modification time of '2022-05-27T07:40:35.5690791Z' while content on disk has modification time of '2022-05-27T07:40:37.6496624Z')
  ERROR: Build asset version error: assets/章節/第三章/咖啡廳.fbm/廚師2.png in SourceAssetDB has modification time of '2022-05-27T07:40:35.5690791Z' while content on disk has modification time of '2022-05-27T07:40:37.6496624Z'
  Import took 0.027282 seconds .

========================================================================
Received Import Request.
  Time since last request: 57.165748 seconds.
  path: Assets/章節/第一章
  artifactKey: Guid(a28111f0eb3771143a5ca6adb355adc8) Importer(815301076,1909f56bfc062723c751e8b465ee728b)
Start importing Assets/章節/第一章 using Guid(a28111f0eb3771143a5ca6adb355adc8) Importer(815301076,1909f56bfc062723c751e8b465ee728b)  -> (artifact id: 'f038b95623550b6a01fc73e98d97f7ea') in 0.008470 seconds 
  Import took 0.017479 seconds .

========================================================================
Received Import Request.
  Time since last request: 5.243493 seconds.
  path: Assets/章節/第二章
  artifactKey: Guid(070f4fc48acc8cc43ab63143391f4362) Importer(815301076,1909f56bfc062723c751e8b465ee728b)
Start importing Assets/章節/第二章 using Guid(070f4fc48acc8cc43ab63143391f4362) Importer(815301076,1909f56bfc062723c751e8b465ee728b)  -> (artifact id: '71a5252fae39b5239b781dc993c98f63') in 0.009023 seconds 
  Import took 0.054510 seconds .

========================================================================
Received Import Request.
  Time since last request: 0.052325 seconds.
  path: Assets/章節/第二章/0326家 1.fbx
  artifactKey: Guid(831f0a0e3978faa4ab651f98ac027e59) Importer(815301076,1909f56bfc062723c751e8b465ee728b)
Start importing Assets/章節/第二章/0326家 1.fbx using Guid(831f0a0e3978faa4ab651f98ac027e59) Importer(815301076,1909f56bfc062723c751e8b465ee728b)  -> (artifact id: 'd8f8621229ab899d925ff753193d54e0') in 3.551494 seconds 
  Import took 3.563650 seconds .

========================================================================
Received Import Request.
  Time since last request: 0.000346 seconds.
  path: Assets/章節/第二章/吉他(reduce).fbx
  artifactKey: Guid(abd4c86e1acb98c45b3d67f7b38428ea) Importer(815301076,1909f56bfc062723c751e8b465ee728b)
Start importing Assets/章節/第二章/吉他(reduce).fbx using Guid(abd4c86e1acb98c45b3d67f7b38428ea) Importer(815301076,1909f56bfc062723c751e8b465ee728b)  -> (artifact id: 'a59628f290f0bc2517bf37520552789c') in 1.107010 seconds 
  Import took 1.115245 seconds .

========================================================================
Received Import Request.
  Time since last request: 0.000309 seconds.
  path: Assets/章節/第二章/小熊玩偶(reduce).fbx
  artifactKey: Guid(2b30e87c1b9712042943d45bee7138be) Importer(815301076,1909f56bfc062723c751e8b465ee728b)
Start importing Assets/章節/第二章/小熊玩偶(reduce).fbx using Guid(2b30e87c1b9712042943d45bee7138be) Importer(815301076,1909f56bfc062723c751e8b465ee728b)  -> (artifact id: 'c3321a3839419ec68092ba37e44cb95a') in 0.381309 seconds 
  Import took 0.387943 seconds .

========================================================================
Received Import Request.
  Time since last request: 0.000307 seconds.
  path: Assets/章節/第二章/滑鼠(reduce).fbx
  artifactKey: Guid(df4e2f410c615bb4982db0c32688bb27) Importer(815301076,1909f56bfc062723c751e8b465ee728b)
Start importing Assets/章節/第二章/滑鼠(reduce).fbx using Guid(df4e2f410c615bb4982db0c32688bb27) Importer(815301076,1909f56bfc062723c751e8b465ee728b)  -> (artifact id: '1dc8b3048265f21933c39390629437d9') in 0.130598 seconds 
  Import took 0.139786 seconds .

========================================================================
Received Import Request.
  Time since last request: 0.000294 seconds.
  path: Assets/章節/第二章/相框(設計圖)(reduce).fbx
  artifactKey: Guid(0197c1e0fd9976e44b6704cc66b0f90e) Importer(815301076,1909f56bfc062723c751e8b465ee728b)
Start importing Assets/章節/第二章/相框(設計圖)(reduce).fbx using Guid(0197c1e0fd9976e44b6704cc66b0f90e) Importer(815301076,1909f56bfc062723c751e8b465ee728b)  -> (artifact id: 'f2993c517764bc1b30d58bcab7797122') in 0.126475 seconds 
  Import took 0.134039 seconds .

========================================================================
Received Import Request.
  Time since last request: 0.000334 seconds.
  path: Assets/章節/第二章/天堂鳥.fbx
  artifactKey: Guid(e6ed0a67fff44da4a8a05f92a3b3742c) Importer(815301076,1909f56bfc062723c751e8b465ee728b)
Start importing Assets/章節/第二章/天堂鳥.fbx using Guid(e6ed0a67fff44da4a8a05f92a3b3742c) Importer(815301076,1909f56bfc062723c751e8b465ee728b)  -> (artifact id: 'b4b1f32c3f34658ee50664d51a6432e4') in 0.308965 seconds 
  Import took 0.316511 seconds .

========================================================================
Received Import Request.
  Time since last request: 0.000303 seconds.
  path: Assets/章節/第二章/垃圾桶.fbx
  artifactKey: Guid(c39371dd851874b4ab9dd5f5708c608a) Importer(815301076,1909f56bfc062723c751e8b465ee728b)
Start importing Assets/章節/第二章/垃圾桶.fbx using Guid(c39371dd851874b4ab9dd5f5708c608a) Importer(815301076,1909f56bfc062723c751e8b465ee728b)  -> (artifact id: 'fb43986d37482e2b82582e1de1510fd4') in 0.185178 seconds 
  Import took 0.191112 seconds .

========================================================================
Received Import Request.
  Time since last request: 0.000251 seconds.
  path: Assets/章節/第二章/洗手台(reduce).fbx
  artifactKey: Guid(b3aa108802efbdf4e98a037cf2b2d396) Importer(815301076,1909f56bfc062723c751e8b465ee728b)
Start importing Assets/章節/第二章/洗手台(reduce).fbx using Guid(b3aa108802efbdf4e98a037cf2b2d396) Importer(815301076,1909f56bfc062723c751e8b465ee728b)  -> (artifact id: '9ed8705a7a46ffa69c41ed590a6873f3') in 0.102373 seconds 
  Import took 0.108786 seconds .

========================================================================
Received Import Request.
  Time since last request: 0.000260 seconds.
  path: Assets/章節/第二章/laptop.fbx
  artifactKey: Guid(05fdc694ab61b0c4aa9218769b869f6a) Importer(815301076,1909f56bfc062723c751e8b465ee728b)
Start importing Assets/章節/第二章/laptop.fbx using Guid(05fdc694ab61b0c4aa9218769b869f6a) Importer(815301076,1909f56bfc062723c751e8b465ee728b)  -> (artifact id: 'e039af0f145e6fb9a5ef97fa66c3a288') in 0.363193 seconds 
  Import took 0.370721 seconds .

========================================================================
Received Import Request.
  Time since last request: 0.000347 seconds.
  path: Assets/章節/第二章/檯燈(reduce).fbx
  artifactKey: Guid(72f0d9fadbf2fef47ae35d12ad6b7565) Importer(815301076,1909f56bfc062723c751e8b465ee728b)
Start importing Assets/章節/第二章/檯燈(reduce).fbx using Guid(72f0d9fadbf2fef47ae35d12ad6b7565) Importer(815301076,1909f56bfc062723c751e8b465ee728b)  -> (artifact id: '2e1b653b35fcdb98c5d35ba657c84dfa') in 0.105246 seconds 
  Import took 0.111648 seconds .

========================================================================
Received Import Request.
  Time since last request: 0.000313 seconds.
  path: Assets/章節/第二章/藥袋(reduce).fbx
  artifactKey: Guid(bfe91f3290059e140868f5dd20e97a1f) Importer(815301076,1909f56bfc062723c751e8b465ee728b)
Start importing Assets/章節/第二章/藥袋(reduce).fbx using Guid(bfe91f3290059e140868f5dd20e97a1f) Importer(815301076,1909f56bfc062723c751e8b465ee728b)  -> (artifact id: '4d3e90b5d5fbc65907a64a5c85f0ae2f') in 0.098575 seconds 
  Import took 0.104922 seconds .

========================================================================
Received Import Request.
  Time since last request: 0.000320 seconds.
  path: Assets/章節/第二章/立可帶.fbx
  artifactKey: Guid(f69cd9c5d71af2c4faf18b0dfcc28eee) Importer(815301076,1909f56bfc062723c751e8b465ee728b)
Start importing Assets/章節/第二章/立可帶.fbx using Guid(f69cd9c5d71af2c4faf18b0dfcc28eee) Importer(815301076,1909f56bfc062723c751e8b465ee728b)  -> (artifact id: '3b38d19055ba37f2242d7d8ba9605f55') in 0.085944 seconds 
  Import took 0.093818 seconds .

========================================================================
Received Import Request.
  Time since last request: 0.000304 seconds.
  path: Assets/章節/第二章/筆記本.fbx
  artifactKey: Guid(895bd8e1e05017644ade3bf45c9e0b76) Importer(815301076,1909f56bfc062723c751e8b465ee728b)
Start importing Assets/章節/第二章/筆記本.fbx using Guid(895bd8e1e05017644ade3bf45c9e0b76) Importer(815301076,1909f56bfc062723c751e8b465ee728b)  -> (artifact id: '4c865c8ebb75a0cb138a25d2ac19f05a') in 0.308026 seconds 
  Import took 0.315989 seconds .

========================================================================
Received Import Request.
  Time since last request: 0.821505 seconds.
  path: Assets/章節/第一章/教室.unity
  artifactKey: Guid(9fc0d4010bbf28b4594072e72b8655ab) Importer(815301076,1909f56bfc062723c751e8b465ee728b)
Start importing Assets/章節/第一章/教室.unity using Guid(9fc0d4010bbf28b4594072e72b8655ab) Importer(815301076,1909f56bfc062723c751e8b465ee728b)  -> (artifact id: '119ea66c5ac5f56bffeb5d068bc598b5') in 0.009290 seconds 
  Import took 0.017472 seconds .

========================================================================
Received Prepare
Registering precompiled user dll's ...
Registered in 0.155277 seconds.
Begin MonoManager ReloadAssembly
Native extension for WindowsStandalone target not found
Native extension for WebGL target not found
Refreshing native plugins compatible for Editor in 0.67 ms, found 0 plugins.
Preloading 0 native plugins for Editor in 0.00 ms.
Initializing Mesh Terrain Editor v3.8.3f3 on Unity 2020.3.21f1...
UnityEngine.StackTraceUtility:ExtractStackTrace ()
UnityEngine.DebugLogHandler:LogFormat (UnityEngine.LogType,UnityEngine.Object,string,object[])
UnityEngine.Logger:Log (UnityEngine.LogType,object)
UnityEngine.Debug:Log (object)
_FuAa0apOXcBEDUbygoBKJgWdThLA_:‎⁭​⁫‮⁫⁯⁯‌⁬‪⁬​⁮‮‪⁫‏​⁫‎⁯⁫‫​‎⁫‎⁪⁪‮​‍‬‏⁮⁫‫⁪‎‮ (object)
_FuAa0apOXcBEDUbygoBKJgWdThLA_:_uszO4IMycJrCed7gCcAibymGBYi_ (bool)
_FuAa0apOXcBEDUbygoBKJgWdThLA_:_QEB9KlaajdYafdGKVY8bk0l8NsDA_ ()
_FuAa0apOXcBEDUbygoBKJgWdThLA_:.cctor ()
System.Runtime.CompilerServices.RuntimeHelpers:RunClassConstructor (System.RuntimeTypeHandle)
UnityEditor.EditorAssemblies:ProcessInitializeOnLoadAttributes (System.Type[])

[MTE]找不到Amplify Shader Editor，基于ASE的功能可能无法使用。请升级ASE到最新版本重启Unity再试。
UnityEngine.StackTraceUtility:ExtractStackTrace ()
UnityEngine.DebugLogHandler:LogFormat (UnityEngine.LogType,UnityEngine.Object,string,object[])
UnityEngine.Logger:Log (UnityEngine.LogType,object)
UnityEngine.Debug:LogWarning (object)
MTE.MTEDebug:‏‭‎‏‭⁯‌⁫⁪‬⁮‎⁬‫⁮⁮​‮⁯‪⁭⁪⁭⁭‌‏‮‏‌⁪⁬⁮‏‪⁪‭⁪‮‏⁭‮ (object)
MTE.MTEDebug:LogWarning (string)
_FuAa0apOXcBEDUbygoBKJgWdThLA_:_uszO4IMycJrCed7gCcAibymGBYi_ (bool)
_FuAa0apOXcBEDUbygoBKJgWdThLA_:_QEB9KlaajdYafdGKVY8bk0l8NsDA_ ()
_FuAa0apOXcBEDUbygoBKJgWdThLA_:.cctor ()
System.Runtime.CompilerServices.RuntimeHelpers:RunClassConstructor (System.RuntimeTypeHandle)
UnityEditor.EditorAssemblies:ProcessInitializeOnLoadAttributes (System.Type[])

Initializing Mesh Terrain Editor...Done
UnityEngine.StackTraceUtility:ExtractStackTrace ()
UnityEngine.DebugLogHandler:LogFormat (UnityEngine.LogType,UnityEngine.Object,string,object[])
UnityEngine.Logger:Log (UnityEngine.LogType,object)
UnityEngine.Debug:Log (object)
_FuAa0apOXcBEDUbygoBKJgWdThLA_:‎⁭​⁫‮⁫⁯⁯‌⁬‪⁬​⁮‮‪⁫‏​⁫‎⁯⁫‫​‎⁫‎⁪⁪‮​‍‬‏⁮⁫‫⁪‎‮ (object)
_FuAa0apOXcBEDUbygoBKJgWdThLA_:_uszO4IMycJrCed7gCcAibymGBYi_ (bool)
_FuAa0apOXcBEDUbygoBKJgWdThLA_:_QEB9KlaajdYafdGKVY8bk0l8NsDA_ ()
_FuAa0apOXcBEDUbygoBKJgWdThLA_:.cctor ()
System.Runtime.CompilerServices.RuntimeHelpers:RunClassConstructor (System.RuntimeTypeHandle)
UnityEditor.EditorAssemblies:ProcessInitializeOnLoadAttributes (System.Type[])

Mono: successfully reloaded assembly
- Completed reload, in  6.346 seconds
Domain Reload Profiling:
	ReloadAssembly (6416ms)
		BeginReloadAssembly (2319ms)
			ExecutionOrderSort (0ms)
			DisableScriptedObjects (854ms)
			BackupInstance (0ms)
			ReleaseScriptingObjects (20ms)
			CreateAndSetChildDomain (772ms)
		EndReloadAssembly (3819ms)
			LoadAssemblies (1380ms)
			RebuildTransferFunctionScriptingTraits (0ms)
			SetupTypeCache (402ms)
			ReleaseScriptCaches (2ms)
			RebuildScriptCaches (45ms)
			SetupLoadedEditorAssemblies (1824ms)
				LogAssemblyErrors (0ms)
				InitializePlatformSupportModulesInManaged (6ms)
				SetLoadedEditorAssemblies (1ms)
				RefreshPlugins (1ms)
				BeforeProcessingInitializeOnLoad (81ms)
				ProcessInitializeOnLoadAttributes (1403ms)
				ProcessInitializeOnLoadMethodAttributes (329ms)
				AfterProcessingInitializeOnLoad (3ms)
				EditorAssembliesLoaded (0ms)
			ExecutionOrderSort2 (0ms)
			AwakeInstancesAfterBackupRestoration (28ms)
Platform modules already initialized, skipping
Shader 'MTE/Specialized/Mali 400/Surface/3 Textures/Bumped': fallback shader 'MTE/Specialized/Mali 400/Legacy/3 Textures/Diffuse' not found
Shader 'MTE/Specialized/Mali 400/Surface/2 Textures/Bumped': fallback shader 'MTE/Specialized/Mali 400/Legacy/2 Textures/Diffuse' not found
Refreshing native plugins compatible for Editor in 2.14 ms, found 0 plugins.
Preloading 0 native plugins for Editor in 0.00 ms.
Unloading 3534 Unused Serialized files (Serialized files now loaded: 0)
System memory in use before: 343.7 MB.
System memory in use after: 344.0 MB.

Unloading 8 unused Assets to reduce memory usage. Loaded Objects now: 4366.
Total: 48.184000 ms (FindLiveObjects: 1.544000 ms CreateObjectMapping: 1.353800 ms MarkObjects: 32.684700 ms  DeleteObjects: 12.595500 ms)

AssetImportParameters requested are different than current active one (requested -> active):
  custom:framework-win-MediaFoundation: 216162199b28c13a410421893ffa2e32 -> 
  custom:video-decoder-ogg-theora: a1e56fd34408186e4bbccfd4996cb3dc -> 
  custom:container-muxer-webm: aa71ff27fc2769a1b78a27578f13a17b -> 
  custom:container-demuxer-webm: 4f35f7cbe854078d1ac9338744f61a02 -> 
  custom:container-demuxer-ogg: 62fdf1f143b41e24485cea50d1cbac27 -> 
  custom:video-encoder-webm-vp8: eb34c28f22e8b96e1ab97ce403110664 -> 
  custom:video-decoder-webm-vp8: 9c59270c3fd7afecdb556c50c9e8de78 -> 
  custom:audio-decoder-ogg-vorbis: bf7c407c2cedff20999df2af8eb42d56 -> 
  custom:audio-encoder-webm-vorbis: bf7c407c2cedff20999df2af8eb42d56 -> 
========================================================================
Received Import Request.
  Time since last request: 9795.860715 seconds.
  path: Assets/章節/第一章/圍牆2.fbx
  artifactKey: Guid(0fa0a96f1e3f2c74e9fb804c17855e54) Importer(815301076,1909f56bfc062723c751e8b465ee728b)
Start importing Assets/章節/第一章/圍牆2.fbx using Guid(0fa0a96f1e3f2c74e9fb804c17855e54) Importer(815301076,1909f56bfc062723c751e8b465ee728b)  -> (artifact id: 'aa0c11c03f883bd124662226c8f1f7de') in 2.767474 seconds 
  Import took 2.782551 seconds .

========================================================================
Received Import Request.
  Time since last request: 6.020325 seconds.
  path: Assets/章節/第一章/圍牆2.fbx
  artifactKey: Guid(0fa0a96f1e3f2c74e9fb804c17855e54) Importer(815301076,1909f56bfc062723c751e8b465ee728b)
Start importing Assets/章節/第一章/圍牆2.fbx using Guid(0fa0a96f1e3f2c74e9fb804c17855e54) Importer(815301076,1909f56bfc062723c751e8b465ee728b)  -> (artifact id: '88457abeb5f90645d7357431ff37ce0c') in 0.421464 seconds 
  Import took 0.441308 seconds .

